INFO - 2023-06-15 11:42:03 --> Session: Class initialized using 'CodeIgniter\Session\Handlers\FileHandler' driver.
INFO - 2023-06-15 11:42:05 --> Session: Class initialized using 'CodeIgniter\Session\Handlers\FileHandler' driver.
WARNING - 2023-06-15 11:42:05 --> [DEPRECATED] Creation of dynamic property App\Controllers\Login::$login_m is deprecated in APPPATH/Controllers/Login.php on line 7.
 1 SYSTEMPATH/CodeIgniter.php(934): App\Controllers\Login->index()
 2 SYSTEMPATH/CodeIgniter.php(499): CodeIgniter\CodeIgniter->runController(Object(App\Controllers\Login))
 3 SYSTEMPATH/CodeIgniter.php(368): CodeIgniter\CodeIgniter->handleRequest(null, Object(Config\Cache), false)
 4 FCPATH/index.php(67): CodeIgniter\CodeIgniter->run()
INFO - 2023-06-15 11:42:06 --> Session: Class initialized using 'CodeIgniter\Session\Handlers\FileHandler' driver.
WARNING - 2023-06-15 11:42:06 --> [DEPRECATED] Creation of dynamic property App\Controllers\Pages::$app_m is deprecated in APPPATH/Controllers/Pages.php on line 24.
 1 SYSTEMPATH/CodeIgniter.php(934): App\Controllers\Pages->view('unit')
 2 SYSTEMPATH/CodeIgniter.php(499): CodeIgniter\CodeIgniter->runController(Object(App\Controllers\Pages))
 3 SYSTEMPATH/CodeIgniter.php(368): CodeIgniter\CodeIgniter->handleRequest(null, Object(Config\Cache), false)
 4 FCPATH/index.php(67): CodeIgniter\CodeIgniter->run()
INFO - 2023-06-15 11:42:06 --> Session: Class initialized using 'CodeIgniter\Session\Handlers\FileHandler' driver.
WARNING - 2023-06-15 11:42:06 --> [DEPRECATED] Creation of dynamic property App\Controllers\member\Unit_cn::$unit_m is deprecated in APPPATH/Controllers/Member/Unit_cn.php on line 27.
 1 SYSTEMPATH/CodeIgniter.php(934): App\Controllers\member\Unit_cn->load_data()
 2 SYSTEMPATH/CodeIgniter.php(499): CodeIgniter\CodeIgniter->runController(Object(App\Controllers\member\Unit_cn))
 3 SYSTEMPATH/CodeIgniter.php(368): CodeIgniter\CodeIgniter->handleRequest(null, Object(Config\Cache), false)
 4 FCPATH/index.php(67): CodeIgniter\CodeIgniter->run()
INFO - 2023-06-15 11:42:07 --> Session: Class initialized using 'CodeIgniter\Session\Handlers\FileHandler' driver.
WARNING - 2023-06-15 11:42:07 --> [DEPRECATED] Creation of dynamic property App\Controllers\member\Unit_cn::$unit_m is deprecated in APPPATH/Controllers/Member/Unit_cn.php on line 27.
 1 SYSTEMPATH/CodeIgniter.php(934): App\Controllers\member\Unit_cn->load_data()
 2 SYSTEMPATH/CodeIgniter.php(499): CodeIgniter\CodeIgniter->runController(Object(App\Controllers\member\Unit_cn))
 3 SYSTEMPATH/CodeIgniter.php(368): CodeIgniter\CodeIgniter->handleRequest(null, Object(Config\Cache), false)
 4 FCPATH/index.php(67): CodeIgniter\CodeIgniter->run()
INFO - 2023-06-15 11:42:07 --> Session: Class initialized using 'CodeIgniter\Session\Handlers\FileHandler' driver.
WARNING - 2023-06-15 11:42:07 --> [DEPRECATED] Creation of dynamic property App\Controllers\Pages::$app_m is deprecated in APPPATH/Controllers/Pages.php on line 62.
 1 SYSTEMPATH/CodeIgniter.php(934): App\Controllers\Pages->navigation()
 2 SYSTEMPATH/CodeIgniter.php(499): CodeIgniter\CodeIgniter->runController(Object(App\Controllers\Pages))
 3 SYSTEMPATH/CodeIgniter.php(368): CodeIgniter\CodeIgniter->handleRequest(null, Object(Config\Cache), false)
 4 FCPATH/index.php(67): CodeIgniter\CodeIgniter->run()
INFO - 2023-06-15 11:42:07 --> Session: Class initialized using 'CodeIgniter\Session\Handlers\FileHandler' driver.
WARNING - 2023-06-15 11:42:07 --> [DEPRECATED] Creation of dynamic property App\Controllers\Pages::$app_m is deprecated in APPPATH/Controllers/Pages.php on line 68.
 1 SYSTEMPATH/CodeIgniter.php(934): App\Controllers\Pages->navigationsub()
 2 SYSTEMPATH/CodeIgniter.php(499): CodeIgniter\CodeIgniter->runController(Object(App\Controllers\Pages))
 3 SYSTEMPATH/CodeIgniter.php(368): CodeIgniter\CodeIgniter->handleRequest(null, Object(Config\Cache), false)
 4 FCPATH/index.php(67): CodeIgniter\CodeIgniter->run()
INFO - 2023-06-15 11:45:27 --> Session: Class initialized using 'CodeIgniter\Session\Handlers\FileHandler' driver.
WARNING - 2023-06-15 11:45:27 --> [DEPRECATED] Creation of dynamic property App\Controllers\Pages::$app_m is deprecated in APPPATH/Controllers/Pages.php on line 24.
 1 SYSTEMPATH/CodeIgniter.php(934): App\Controllers\Pages->view('group')
 2 SYSTEMPATH/CodeIgniter.php(499): CodeIgniter\CodeIgniter->runController(Object(App\Controllers\Pages))
 3 SYSTEMPATH/CodeIgniter.php(368): CodeIgniter\CodeIgniter->handleRequest(null, Object(Config\Cache), false)
 4 FCPATH/index.php(67): CodeIgniter\CodeIgniter->run()
INFO - 2023-06-15 11:45:28 --> Session: Class initialized using 'CodeIgniter\Session\Handlers\FileHandler' driver.
WARNING - 2023-06-15 11:45:28 --> [DEPRECATED] Creation of dynamic property App\Controllers\Pages::$app_m is deprecated in APPPATH/Controllers/Pages.php on line 62.
 1 SYSTEMPATH/CodeIgniter.php(934): App\Controllers\Pages->navigation()
 2 SYSTEMPATH/CodeIgniter.php(499): CodeIgniter\CodeIgniter->runController(Object(App\Controllers\Pages))
 3 SYSTEMPATH/CodeIgniter.php(368): CodeIgniter\CodeIgniter->handleRequest(null, Object(Config\Cache), false)
 4 FCPATH/index.php(67): CodeIgniter\CodeIgniter->run()
INFO - 2023-06-15 11:45:28 --> Session: Class initialized using 'CodeIgniter\Session\Handlers\FileHandler' driver.
WARNING - 2023-06-15 11:45:28 --> [DEPRECATED] Creation of dynamic property App\Controllers\Pages::$app_m is deprecated in APPPATH/Controllers/Pages.php on line 68.
 1 SYSTEMPATH/CodeIgniter.php(934): App\Controllers\Pages->navigationsub()
 2 SYSTEMPATH/CodeIgniter.php(499): CodeIgniter\CodeIgniter->runController(Object(App\Controllers\Pages))
 3 SYSTEMPATH/CodeIgniter.php(368): CodeIgniter\CodeIgniter->handleRequest(null, Object(Config\Cache), false)
 4 FCPATH/index.php(67): CodeIgniter\CodeIgniter->run()
INFO - 2023-06-15 11:45:28 --> Session: Class initialized using 'CodeIgniter\Session\Handlers\FileHandler' driver.
WARNING - 2023-06-15 11:45:28 --> [DEPRECATED] Creation of dynamic property App\Controllers\Pages::$app_m is deprecated in APPPATH/Controllers/Pages.php on line 24.
 1 SYSTEMPATH/CodeIgniter.php(934): App\Controllers\Pages->view('group')
 2 SYSTEMPATH/CodeIgniter.php(499): CodeIgniter\CodeIgniter->runController(Object(App\Controllers\Pages))
 3 SYSTEMPATH/CodeIgniter.php(368): CodeIgniter\CodeIgniter->handleRequest(null, Object(Config\Cache), false)
 4 FCPATH/index.php(67): CodeIgniter\CodeIgniter->run()
INFO - 2023-06-15 11:45:28 --> Session: Class initialized using 'CodeIgniter\Session\Handlers\FileHandler' driver.
WARNING - 2023-06-15 11:45:28 --> [DEPRECATED] Creation of dynamic property App\Controllers\member\Group_cn::$group_m is deprecated in APPPATH/Controllers/Member/Group_cn.php on line 27.
 1 SYSTEMPATH/CodeIgniter.php(934): App\Controllers\member\Group_cn->load_data()
 2 SYSTEMPATH/CodeIgniter.php(499): CodeIgniter\CodeIgniter->runController(Object(App\Controllers\member\Group_cn))
 3 SYSTEMPATH/CodeIgniter.php(368): CodeIgniter\CodeIgniter->handleRequest(null, Object(Config\Cache), false)
 4 FCPATH/index.php(67): CodeIgniter\CodeIgniter->run()
INFO - 2023-06-15 11:45:28 --> Session: Class initialized using 'CodeIgniter\Session\Handlers\FileHandler' driver.
WARNING - 2023-06-15 11:45:29 --> [DEPRECATED] Creation of dynamic property App\Controllers\Pages::$app_m is deprecated in APPPATH/Controllers/Pages.php on line 62.
 1 SYSTEMPATH/CodeIgniter.php(934): App\Controllers\Pages->navigation()
 2 SYSTEMPATH/CodeIgniter.php(499): CodeIgniter\CodeIgniter->runController(Object(App\Controllers\Pages))
 3 SYSTEMPATH/CodeIgniter.php(368): CodeIgniter\CodeIgniter->handleRequest(null, Object(Config\Cache), false)
 4 FCPATH/index.php(67): CodeIgniter\CodeIgniter->run()
INFO - 2023-06-15 11:45:29 --> Session: Class initialized using 'CodeIgniter\Session\Handlers\FileHandler' driver.
WARNING - 2023-06-15 11:45:29 --> [DEPRECATED] Creation of dynamic property App\Controllers\Pages::$app_m is deprecated in APPPATH/Controllers/Pages.php on line 68.
 1 SYSTEMPATH/CodeIgniter.php(934): App\Controllers\Pages->navigationsub()
 2 SYSTEMPATH/CodeIgniter.php(499): CodeIgniter\CodeIgniter->runController(Object(App\Controllers\Pages))
 3 SYSTEMPATH/CodeIgniter.php(368): CodeIgniter\CodeIgniter->handleRequest(null, Object(Config\Cache), false)
 4 FCPATH/index.php(67): CodeIgniter\CodeIgniter->run()
INFO - 2023-06-15 11:45:29 --> Session: Class initialized using 'CodeIgniter\Session\Handlers\FileHandler' driver.
WARNING - 2023-06-15 11:45:29 --> [DEPRECATED] Creation of dynamic property App\Controllers\member\Group_cn::$group_m is deprecated in APPPATH/Controllers/Member/Group_cn.php on line 27.
 1 SYSTEMPATH/CodeIgniter.php(934): App\Controllers\member\Group_cn->load_data()
 2 SYSTEMPATH/CodeIgniter.php(499): CodeIgniter\CodeIgniter->runController(Object(App\Controllers\member\Group_cn))
 3 SYSTEMPATH/CodeIgniter.php(368): CodeIgniter\CodeIgniter->handleRequest(null, Object(Config\Cache), false)
 4 FCPATH/index.php(67): CodeIgniter\CodeIgniter->run()
INFO - 2023-06-15 11:48:09 --> Session: Class initialized using 'CodeIgniter\Session\Handlers\FileHandler' driver.
WARNING - 2023-06-15 11:48:09 --> [DEPRECATED] Creation of dynamic property App\Controllers\Pages::$app_m is deprecated in APPPATH/Controllers/Pages.php on line 24.
 1 SYSTEMPATH/CodeIgniter.php(934): App\Controllers\Pages->view('group')
 2 SYSTEMPATH/CodeIgniter.php(499): CodeIgniter\CodeIgniter->runController(Object(App\Controllers\Pages))
 3 SYSTEMPATH/CodeIgniter.php(368): CodeIgniter\CodeIgniter->handleRequest(null, Object(Config\Cache), false)
 4 FCPATH/index.php(67): CodeIgniter\CodeIgniter->run()
INFO - 2023-06-15 11:48:09 --> Session: Class initialized using 'CodeIgniter\Session\Handlers\FileHandler' driver.
WARNING - 2023-06-15 11:48:09 --> [DEPRECATED] Creation of dynamic property App\Controllers\Pages::$app_m is deprecated in APPPATH/Controllers/Pages.php on line 62.
 1 SYSTEMPATH/CodeIgniter.php(934): App\Controllers\Pages->navigation()
 2 SYSTEMPATH/CodeIgniter.php(499): CodeIgniter\CodeIgniter->runController(Object(App\Controllers\Pages))
 3 SYSTEMPATH/CodeIgniter.php(368): CodeIgniter\CodeIgniter->handleRequest(null, Object(Config\Cache), false)
 4 FCPATH/index.php(67): CodeIgniter\CodeIgniter->run()
INFO - 2023-06-15 11:48:09 --> Session: Class initialized using 'CodeIgniter\Session\Handlers\FileHandler' driver.
WARNING - 2023-06-15 11:48:09 --> [DEPRECATED] Creation of dynamic property App\Controllers\Pages::$app_m is deprecated in APPPATH/Controllers/Pages.php on line 68.
 1 SYSTEMPATH/CodeIgniter.php(934): App\Controllers\Pages->navigationsub()
 2 SYSTEMPATH/CodeIgniter.php(499): CodeIgniter\CodeIgniter->runController(Object(App\Controllers\Pages))
 3 SYSTEMPATH/CodeIgniter.php(368): CodeIgniter\CodeIgniter->handleRequest(null, Object(Config\Cache), false)
 4 FCPATH/index.php(67): CodeIgniter\CodeIgniter->run()
INFO - 2023-06-15 11:48:24 --> Session: Class initialized using 'CodeIgniter\Session\Handlers\FileHandler' driver.
WARNING - 2023-06-15 11:48:24 --> [DEPRECATED] Creation of dynamic property App\Controllers\Pages::$app_m is deprecated in APPPATH/Controllers/Pages.php on line 24.
 1 SYSTEMPATH/CodeIgniter.php(934): App\Controllers\Pages->view('group')
 2 SYSTEMPATH/CodeIgniter.php(499): CodeIgniter\CodeIgniter->runController(Object(App\Controllers\Pages))
 3 SYSTEMPATH/CodeIgniter.php(368): CodeIgniter\CodeIgniter->handleRequest(null, Object(Config\Cache), false)
 4 FCPATH/index.php(67): CodeIgniter\CodeIgniter->run()
INFO - 2023-06-15 11:48:25 --> Session: Class initialized using 'CodeIgniter\Session\Handlers\FileHandler' driver.
WARNING - 2023-06-15 11:48:25 --> [DEPRECATED] Creation of dynamic property App\Controllers\Pages::$app_m is deprecated in APPPATH/Controllers/Pages.php on line 62.
 1 SYSTEMPATH/CodeIgniter.php(934): App\Controllers\Pages->navigation()
 2 SYSTEMPATH/CodeIgniter.php(499): CodeIgniter\CodeIgniter->runController(Object(App\Controllers\Pages))
 3 SYSTEMPATH/CodeIgniter.php(368): CodeIgniter\CodeIgniter->handleRequest(null, Object(Config\Cache), false)
 4 FCPATH/index.php(67): CodeIgniter\CodeIgniter->run()
INFO - 2023-06-15 11:48:25 --> Session: Class initialized using 'CodeIgniter\Session\Handlers\FileHandler' driver.
WARNING - 2023-06-15 11:48:25 --> [DEPRECATED] Creation of dynamic property App\Controllers\Pages::$app_m is deprecated in APPPATH/Controllers/Pages.php on line 68.
 1 SYSTEMPATH/CodeIgniter.php(934): App\Controllers\Pages->navigationsub()
 2 SYSTEMPATH/CodeIgniter.php(499): CodeIgniter\CodeIgniter->runController(Object(App\Controllers\Pages))
 3 SYSTEMPATH/CodeIgniter.php(368): CodeIgniter\CodeIgniter->handleRequest(null, Object(Config\Cache), false)
 4 FCPATH/index.php(67): CodeIgniter\CodeIgniter->run()
INFO - 2023-06-15 11:48:38 --> Session: Class initialized using 'CodeIgniter\Session\Handlers\FileHandler' driver.
WARNING - 2023-06-15 11:48:38 --> [DEPRECATED] Creation of dynamic property App\Controllers\Pages::$app_m is deprecated in APPPATH/Controllers/Pages.php on line 24.
 1 SYSTEMPATH/CodeIgniter.php(934): App\Controllers\Pages->view('group')
 2 SYSTEMPATH/CodeIgniter.php(499): CodeIgniter\CodeIgniter->runController(Object(App\Controllers\Pages))
 3 SYSTEMPATH/CodeIgniter.php(368): CodeIgniter\CodeIgniter->handleRequest(null, Object(Config\Cache), false)
 4 FCPATH/index.php(67): CodeIgniter\CodeIgniter->run()
INFO - 2023-06-15 11:48:38 --> Session: Class initialized using 'CodeIgniter\Session\Handlers\FileHandler' driver.
WARNING - 2023-06-15 11:48:38 --> [DEPRECATED] Creation of dynamic property App\Controllers\Pages::$app_m is deprecated in APPPATH/Controllers/Pages.php on line 62.
 1 SYSTEMPATH/CodeIgniter.php(934): App\Controllers\Pages->navigation()
 2 SYSTEMPATH/CodeIgniter.php(499): CodeIgniter\CodeIgniter->runController(Object(App\Controllers\Pages))
 3 SYSTEMPATH/CodeIgniter.php(368): CodeIgniter\CodeIgniter->handleRequest(null, Object(Config\Cache), false)
 4 FCPATH/index.php(67): CodeIgniter\CodeIgniter->run()
INFO - 2023-06-15 11:48:39 --> Session: Class initialized using 'CodeIgniter\Session\Handlers\FileHandler' driver.
WARNING - 2023-06-15 11:48:39 --> [DEPRECATED] Creation of dynamic property App\Controllers\Pages::$app_m is deprecated in APPPATH/Controllers/Pages.php on line 68.
 1 SYSTEMPATH/CodeIgniter.php(934): App\Controllers\Pages->navigationsub()
 2 SYSTEMPATH/CodeIgniter.php(499): CodeIgniter\CodeIgniter->runController(Object(App\Controllers\Pages))
 3 SYSTEMPATH/CodeIgniter.php(368): CodeIgniter\CodeIgniter->handleRequest(null, Object(Config\Cache), false)
 4 FCPATH/index.php(67): CodeIgniter\CodeIgniter->run()
INFO - 2023-06-15 11:49:04 --> Session: Class initialized using 'CodeIgniter\Session\Handlers\FileHandler' driver.
WARNING - 2023-06-15 11:49:05 --> [DEPRECATED] Creation of dynamic property App\Controllers\Pages::$app_m is deprecated in APPPATH/Controllers/Pages.php on line 24.
 1 SYSTEMPATH/CodeIgniter.php(934): App\Controllers\Pages->view('unit')
 2 SYSTEMPATH/CodeIgniter.php(499): CodeIgniter\CodeIgniter->runController(Object(App\Controllers\Pages))
 3 SYSTEMPATH/CodeIgniter.php(368): CodeIgniter\CodeIgniter->handleRequest(null, Object(Config\Cache), false)
 4 FCPATH/index.php(67): CodeIgniter\CodeIgniter->run()
INFO - 2023-06-15 11:49:05 --> Session: Class initialized using 'CodeIgniter\Session\Handlers\FileHandler' driver.
WARNING - 2023-06-15 11:49:05 --> [DEPRECATED] Creation of dynamic property App\Controllers\Pages::$app_m is deprecated in APPPATH/Controllers/Pages.php on line 62.
 1 SYSTEMPATH/CodeIgniter.php(934): App\Controllers\Pages->navigation()
 2 SYSTEMPATH/CodeIgniter.php(499): CodeIgniter\CodeIgniter->runController(Object(App\Controllers\Pages))
 3 SYSTEMPATH/CodeIgniter.php(368): CodeIgniter\CodeIgniter->handleRequest(null, Object(Config\Cache), false)
 4 FCPATH/index.php(67): CodeIgniter\CodeIgniter->run()
INFO - 2023-06-15 11:49:05 --> Session: Class initialized using 'CodeIgniter\Session\Handlers\FileHandler' driver.
WARNING - 2023-06-15 11:49:05 --> [DEPRECATED] Creation of dynamic property App\Controllers\Pages::$app_m is deprecated in APPPATH/Controllers/Pages.php on line 68.
 1 SYSTEMPATH/CodeIgniter.php(934): App\Controllers\Pages->navigationsub()
 2 SYSTEMPATH/CodeIgniter.php(499): CodeIgniter\CodeIgniter->runController(Object(App\Controllers\Pages))
 3 SYSTEMPATH/CodeIgniter.php(368): CodeIgniter\CodeIgniter->handleRequest(null, Object(Config\Cache), false)
 4 FCPATH/index.php(67): CodeIgniter\CodeIgniter->run()
INFO - 2023-06-15 11:49:06 --> Session: Class initialized using 'CodeIgniter\Session\Handlers\FileHandler' driver.
WARNING - 2023-06-15 11:49:06 --> [DEPRECATED] Creation of dynamic property App\Controllers\member\Unit_cn::$unit_m is deprecated in APPPATH/Controllers/Member/Unit_cn.php on line 27.
 1 SYSTEMPATH/CodeIgniter.php(934): App\Controllers\member\Unit_cn->load_data()
 2 SYSTEMPATH/CodeIgniter.php(499): CodeIgniter\CodeIgniter->runController(Object(App\Controllers\member\Unit_cn))
 3 SYSTEMPATH/CodeIgniter.php(368): CodeIgniter\CodeIgniter->handleRequest(null, Object(Config\Cache), false)
 4 FCPATH/index.php(67): CodeIgniter\CodeIgniter->run()
INFO - 2023-06-15 11:49:06 --> Session: Class initialized using 'CodeIgniter\Session\Handlers\FileHandler' driver.
WARNING - 2023-06-15 11:49:06 --> [DEPRECATED] Creation of dynamic property App\Controllers\member\Unit_cn::$unit_m is deprecated in APPPATH/Controllers/Member/Unit_cn.php on line 27.
 1 SYSTEMPATH/CodeIgniter.php(934): App\Controllers\member\Unit_cn->load_data()
 2 SYSTEMPATH/CodeIgniter.php(499): CodeIgniter\CodeIgniter->runController(Object(App\Controllers\member\Unit_cn))
 3 SYSTEMPATH/CodeIgniter.php(368): CodeIgniter\CodeIgniter->handleRequest(null, Object(Config\Cache), false)
 4 FCPATH/index.php(67): CodeIgniter\CodeIgniter->run()
INFO - 2023-06-15 11:49:57 --> Session: Class initialized using 'CodeIgniter\Session\Handlers\FileHandler' driver.
WARNING - 2023-06-15 11:49:58 --> [DEPRECATED] Creation of dynamic property App\Controllers\Pages::$app_m is deprecated in APPPATH/Controllers/Pages.php on line 24.
 1 SYSTEMPATH/CodeIgniter.php(934): App\Controllers\Pages->view('unit')
 2 SYSTEMPATH/CodeIgniter.php(499): CodeIgniter\CodeIgniter->runController(Object(App\Controllers\Pages))
 3 SYSTEMPATH/CodeIgniter.php(368): CodeIgniter\CodeIgniter->handleRequest(null, Object(Config\Cache), false)
 4 FCPATH/index.php(67): CodeIgniter\CodeIgniter->run()
INFO - 2023-06-15 11:49:58 --> Session: Class initialized using 'CodeIgniter\Session\Handlers\FileHandler' driver.
WARNING - 2023-06-15 11:49:58 --> [DEPRECATED] Creation of dynamic property App\Controllers\Pages::$app_m is deprecated in APPPATH/Controllers/Pages.php on line 62.
 1 SYSTEMPATH/CodeIgniter.php(934): App\Controllers\Pages->navigation()
 2 SYSTEMPATH/CodeIgniter.php(499): CodeIgniter\CodeIgniter->runController(Object(App\Controllers\Pages))
 3 SYSTEMPATH/CodeIgniter.php(368): CodeIgniter\CodeIgniter->handleRequest(null, Object(Config\Cache), false)
 4 FCPATH/index.php(67): CodeIgniter\CodeIgniter->run()
INFO - 2023-06-15 11:49:58 --> Session: Class initialized using 'CodeIgniter\Session\Handlers\FileHandler' driver.
WARNING - 2023-06-15 11:49:58 --> [DEPRECATED] Creation of dynamic property App\Controllers\Pages::$app_m is deprecated in APPPATH/Controllers/Pages.php on line 68.
 1 SYSTEMPATH/CodeIgniter.php(934): App\Controllers\Pages->navigationsub()
 2 SYSTEMPATH/CodeIgniter.php(499): CodeIgniter\CodeIgniter->runController(Object(App\Controllers\Pages))
 3 SYSTEMPATH/CodeIgniter.php(368): CodeIgniter\CodeIgniter->handleRequest(null, Object(Config\Cache), false)
 4 FCPATH/index.php(67): CodeIgniter\CodeIgniter->run()
INFO - 2023-06-15 11:49:59 --> Session: Class initialized using 'CodeIgniter\Session\Handlers\FileHandler' driver.
WARNING - 2023-06-15 11:49:59 --> [DEPRECATED] Creation of dynamic property App\Controllers\member\Unit_cn::$unit_m is deprecated in APPPATH/Controllers/Member/Unit_cn.php on line 27.
 1 SYSTEMPATH/CodeIgniter.php(934): App\Controllers\member\Unit_cn->load_data()
 2 SYSTEMPATH/CodeIgniter.php(499): CodeIgniter\CodeIgniter->runController(Object(App\Controllers\member\Unit_cn))
 3 SYSTEMPATH/CodeIgniter.php(368): CodeIgniter\CodeIgniter->handleRequest(null, Object(Config\Cache), false)
 4 FCPATH/index.php(67): CodeIgniter\CodeIgniter->run()
INFO - 2023-06-15 11:49:59 --> Session: Class initialized using 'CodeIgniter\Session\Handlers\FileHandler' driver.
WARNING - 2023-06-15 11:49:59 --> [DEPRECATED] Creation of dynamic property App\Controllers\member\Unit_cn::$unit_m is deprecated in APPPATH/Controllers/Member/Unit_cn.php on line 27.
 1 SYSTEMPATH/CodeIgniter.php(934): App\Controllers\member\Unit_cn->load_data()
 2 SYSTEMPATH/CodeIgniter.php(499): CodeIgniter\CodeIgniter->runController(Object(App\Controllers\member\Unit_cn))
 3 SYSTEMPATH/CodeIgniter.php(368): CodeIgniter\CodeIgniter->handleRequest(null, Object(Config\Cache), false)
 4 FCPATH/index.php(67): CodeIgniter\CodeIgniter->run()
INFO - 2023-06-15 11:50:01 --> Session: Class initialized using 'CodeIgniter\Session\Handlers\FileHandler' driver.
WARNING - 2023-06-15 11:50:01 --> [DEPRECATED] Creation of dynamic property App\Controllers\Pages::$app_m is deprecated in APPPATH/Controllers/Pages.php on line 24.
 1 SYSTEMPATH/CodeIgniter.php(934): App\Controllers\Pages->view('group')
 2 SYSTEMPATH/CodeIgniter.php(499): CodeIgniter\CodeIgniter->runController(Object(App\Controllers\Pages))
 3 SYSTEMPATH/CodeIgniter.php(368): CodeIgniter\CodeIgniter->handleRequest(null, Object(Config\Cache), false)
 4 FCPATH/index.php(67): CodeIgniter\CodeIgniter->run()
INFO - 2023-06-15 11:50:01 --> Session: Class initialized using 'CodeIgniter\Session\Handlers\FileHandler' driver.
WARNING - 2023-06-15 11:50:01 --> [DEPRECATED] Creation of dynamic property App\Controllers\Pages::$app_m is deprecated in APPPATH/Controllers/Pages.php on line 62.
 1 SYSTEMPATH/CodeIgniter.php(934): App\Controllers\Pages->navigation()
 2 SYSTEMPATH/CodeIgniter.php(499): CodeIgniter\CodeIgniter->runController(Object(App\Controllers\Pages))
 3 SYSTEMPATH/CodeIgniter.php(368): CodeIgniter\CodeIgniter->handleRequest(null, Object(Config\Cache), false)
 4 FCPATH/index.php(67): CodeIgniter\CodeIgniter->run()
INFO - 2023-06-15 11:50:02 --> Session: Class initialized using 'CodeIgniter\Session\Handlers\FileHandler' driver.
WARNING - 2023-06-15 11:50:02 --> [DEPRECATED] Creation of dynamic property App\Controllers\Pages::$app_m is deprecated in APPPATH/Controllers/Pages.php on line 68.
 1 SYSTEMPATH/CodeIgniter.php(934): App\Controllers\Pages->navigationsub()
 2 SYSTEMPATH/CodeIgniter.php(499): CodeIgniter\CodeIgniter->runController(Object(App\Controllers\Pages))
 3 SYSTEMPATH/CodeIgniter.php(368): CodeIgniter\CodeIgniter->handleRequest(null, Object(Config\Cache), false)
 4 FCPATH/index.php(67): CodeIgniter\CodeIgniter->run()
INFO - 2023-06-15 11:50:48 --> Session: Class initialized using 'CodeIgniter\Session\Handlers\FileHandler' driver.
WARNING - 2023-06-15 11:50:48 --> [DEPRECATED] Creation of dynamic property App\Controllers\Pages::$app_m is deprecated in APPPATH/Controllers/Pages.php on line 24.
 1 SYSTEMPATH/CodeIgniter.php(934): App\Controllers\Pages->view('group')
 2 SYSTEMPATH/CodeIgniter.php(499): CodeIgniter\CodeIgniter->runController(Object(App\Controllers\Pages))
 3 SYSTEMPATH/CodeIgniter.php(368): CodeIgniter\CodeIgniter->handleRequest(null, Object(Config\Cache), false)
 4 FCPATH/index.php(67): CodeIgniter\CodeIgniter->run()
INFO - 2023-06-15 11:50:49 --> Session: Class initialized using 'CodeIgniter\Session\Handlers\FileHandler' driver.
WARNING - 2023-06-15 11:50:49 --> [DEPRECATED] Creation of dynamic property App\Controllers\Pages::$app_m is deprecated in APPPATH/Controllers/Pages.php on line 62.
 1 SYSTEMPATH/CodeIgniter.php(934): App\Controllers\Pages->navigation()
 2 SYSTEMPATH/CodeIgniter.php(499): CodeIgniter\CodeIgniter->runController(Object(App\Controllers\Pages))
 3 SYSTEMPATH/CodeIgniter.php(368): CodeIgniter\CodeIgniter->handleRequest(null, Object(Config\Cache), false)
 4 FCPATH/index.php(67): CodeIgniter\CodeIgniter->run()
INFO - 2023-06-15 11:50:49 --> Session: Class initialized using 'CodeIgniter\Session\Handlers\FileHandler' driver.
WARNING - 2023-06-15 11:50:49 --> [DEPRECATED] Creation of dynamic property App\Controllers\Pages::$app_m is deprecated in APPPATH/Controllers/Pages.php on line 68.
 1 SYSTEMPATH/CodeIgniter.php(934): App\Controllers\Pages->navigationsub()
 2 SYSTEMPATH/CodeIgniter.php(499): CodeIgniter\CodeIgniter->runController(Object(App\Controllers\Pages))
 3 SYSTEMPATH/CodeIgniter.php(368): CodeIgniter\CodeIgniter->handleRequest(null, Object(Config\Cache), false)
 4 FCPATH/index.php(67): CodeIgniter\CodeIgniter->run()
INFO - 2023-06-15 11:50:50 --> Session: Class initialized using 'CodeIgniter\Session\Handlers\FileHandler' driver.
WARNING - 2023-06-15 11:50:51 --> [DEPRECATED] Creation of dynamic property App\Controllers\Pages::$app_m is deprecated in APPPATH/Controllers/Pages.php on line 24.
 1 SYSTEMPATH/CodeIgniter.php(934): App\Controllers\Pages->view('unit')
 2 SYSTEMPATH/CodeIgniter.php(499): CodeIgniter\CodeIgniter->runController(Object(App\Controllers\Pages))
 3 SYSTEMPATH/CodeIgniter.php(368): CodeIgniter\CodeIgniter->handleRequest(null, Object(Config\Cache), false)
 4 FCPATH/index.php(67): CodeIgniter\CodeIgniter->run()
INFO - 2023-06-15 11:50:51 --> Session: Class initialized using 'CodeIgniter\Session\Handlers\FileHandler' driver.
WARNING - 2023-06-15 11:50:51 --> [DEPRECATED] Creation of dynamic property App\Controllers\Pages::$app_m is deprecated in APPPATH/Controllers/Pages.php on line 62.
 1 SYSTEMPATH/CodeIgniter.php(934): App\Controllers\Pages->navigation()
 2 SYSTEMPATH/CodeIgniter.php(499): CodeIgniter\CodeIgniter->runController(Object(App\Controllers\Pages))
 3 SYSTEMPATH/CodeIgniter.php(368): CodeIgniter\CodeIgniter->handleRequest(null, Object(Config\Cache), false)
 4 FCPATH/index.php(67): CodeIgniter\CodeIgniter->run()
INFO - 2023-06-15 11:50:51 --> Session: Class initialized using 'CodeIgniter\Session\Handlers\FileHandler' driver.
WARNING - 2023-06-15 11:50:51 --> [DEPRECATED] Creation of dynamic property App\Controllers\Pages::$app_m is deprecated in APPPATH/Controllers/Pages.php on line 68.
 1 SYSTEMPATH/CodeIgniter.php(934): App\Controllers\Pages->navigationsub()
 2 SYSTEMPATH/CodeIgniter.php(499): CodeIgniter\CodeIgniter->runController(Object(App\Controllers\Pages))
 3 SYSTEMPATH/CodeIgniter.php(368): CodeIgniter\CodeIgniter->handleRequest(null, Object(Config\Cache), false)
 4 FCPATH/index.php(67): CodeIgniter\CodeIgniter->run()
INFO - 2023-06-15 11:50:51 --> Session: Class initialized using 'CodeIgniter\Session\Handlers\FileHandler' driver.
WARNING - 2023-06-15 11:50:52 --> [DEPRECATED] Creation of dynamic property App\Controllers\member\Unit_cn::$unit_m is deprecated in APPPATH/Controllers/Member/Unit_cn.php on line 27.
 1 SYSTEMPATH/CodeIgniter.php(934): App\Controllers\member\Unit_cn->load_data()
 2 SYSTEMPATH/CodeIgniter.php(499): CodeIgniter\CodeIgniter->runController(Object(App\Controllers\member\Unit_cn))
 3 SYSTEMPATH/CodeIgniter.php(368): CodeIgniter\CodeIgniter->handleRequest(null, Object(Config\Cache), false)
 4 FCPATH/index.php(67): CodeIgniter\CodeIgniter->run()
INFO - 2023-06-15 11:50:52 --> Session: Class initialized using 'CodeIgniter\Session\Handlers\FileHandler' driver.
WARNING - 2023-06-15 11:50:52 --> [DEPRECATED] Creation of dynamic property App\Controllers\member\Unit_cn::$unit_m is deprecated in APPPATH/Controllers/Member/Unit_cn.php on line 27.
 1 SYSTEMPATH/CodeIgniter.php(934): App\Controllers\member\Unit_cn->load_data()
 2 SYSTEMPATH/CodeIgniter.php(499): CodeIgniter\CodeIgniter->runController(Object(App\Controllers\member\Unit_cn))
 3 SYSTEMPATH/CodeIgniter.php(368): CodeIgniter\CodeIgniter->handleRequest(null, Object(Config\Cache), false)
 4 FCPATH/index.php(67): CodeIgniter\CodeIgniter->run()
INFO - 2023-06-15 11:50:53 --> Session: Class initialized using 'CodeIgniter\Session\Handlers\FileHandler' driver.
WARNING - 2023-06-15 11:50:53 --> [DEPRECATED] Creation of dynamic property App\Controllers\Pages::$app_m is deprecated in APPPATH/Controllers/Pages.php on line 24.
 1 SYSTEMPATH/CodeIgniter.php(934): App\Controllers\Pages->view('group')
 2 SYSTEMPATH/CodeIgniter.php(499): CodeIgniter\CodeIgniter->runController(Object(App\Controllers\Pages))
 3 SYSTEMPATH/CodeIgniter.php(368): CodeIgniter\CodeIgniter->handleRequest(null, Object(Config\Cache), false)
 4 FCPATH/index.php(67): CodeIgniter\CodeIgniter->run()
INFO - 2023-06-15 11:50:54 --> Session: Class initialized using 'CodeIgniter\Session\Handlers\FileHandler' driver.
WARNING - 2023-06-15 11:50:54 --> [DEPRECATED] Creation of dynamic property App\Controllers\Pages::$app_m is deprecated in APPPATH/Controllers/Pages.php on line 62.
 1 SYSTEMPATH/CodeIgniter.php(934): App\Controllers\Pages->navigation()
 2 SYSTEMPATH/CodeIgniter.php(499): CodeIgniter\CodeIgniter->runController(Object(App\Controllers\Pages))
 3 SYSTEMPATH/CodeIgniter.php(368): CodeIgniter\CodeIgniter->handleRequest(null, Object(Config\Cache), false)
 4 FCPATH/index.php(67): CodeIgniter\CodeIgniter->run()
INFO - 2023-06-15 11:50:54 --> Session: Class initialized using 'CodeIgniter\Session\Handlers\FileHandler' driver.
WARNING - 2023-06-15 11:50:54 --> [DEPRECATED] Creation of dynamic property App\Controllers\Pages::$app_m is deprecated in APPPATH/Controllers/Pages.php on line 68.
 1 SYSTEMPATH/CodeIgniter.php(934): App\Controllers\Pages->navigationsub()
 2 SYSTEMPATH/CodeIgniter.php(499): CodeIgniter\CodeIgniter->runController(Object(App\Controllers\Pages))
 3 SYSTEMPATH/CodeIgniter.php(368): CodeIgniter\CodeIgniter->handleRequest(null, Object(Config\Cache), false)
 4 FCPATH/index.php(67): CodeIgniter\CodeIgniter->run()
INFO - 2023-06-15 11:51:10 --> Session: Class initialized using 'CodeIgniter\Session\Handlers\FileHandler' driver.
WARNING - 2023-06-15 11:51:10 --> [DEPRECATED] Creation of dynamic property App\Controllers\Pages::$app_m is deprecated in APPPATH/Controllers/Pages.php on line 24.
 1 SYSTEMPATH/CodeIgniter.php(934): App\Controllers\Pages->view('group')
 2 SYSTEMPATH/CodeIgniter.php(499): CodeIgniter\CodeIgniter->runController(Object(App\Controllers\Pages))
 3 SYSTEMPATH/CodeIgniter.php(368): CodeIgniter\CodeIgniter->handleRequest(null, Object(Config\Cache), false)
 4 FCPATH/index.php(67): CodeIgniter\CodeIgniter->run()
INFO - 2023-06-15 11:51:10 --> Session: Class initialized using 'CodeIgniter\Session\Handlers\FileHandler' driver.
WARNING - 2023-06-15 11:51:10 --> [DEPRECATED] Creation of dynamic property App\Controllers\Pages::$app_m is deprecated in APPPATH/Controllers/Pages.php on line 62.
 1 SYSTEMPATH/CodeIgniter.php(934): App\Controllers\Pages->navigation()
 2 SYSTEMPATH/CodeIgniter.php(499): CodeIgniter\CodeIgniter->runController(Object(App\Controllers\Pages))
 3 SYSTEMPATH/CodeIgniter.php(368): CodeIgniter\CodeIgniter->handleRequest(null, Object(Config\Cache), false)
 4 FCPATH/index.php(67): CodeIgniter\CodeIgniter->run()
INFO - 2023-06-15 11:51:10 --> Session: Class initialized using 'CodeIgniter\Session\Handlers\FileHandler' driver.
WARNING - 2023-06-15 11:51:10 --> [DEPRECATED] Creation of dynamic property App\Controllers\Pages::$app_m is deprecated in APPPATH/Controllers/Pages.php on line 68.
 1 SYSTEMPATH/CodeIgniter.php(934): App\Controllers\Pages->navigationsub()
 2 SYSTEMPATH/CodeIgniter.php(499): CodeIgniter\CodeIgniter->runController(Object(App\Controllers\Pages))
 3 SYSTEMPATH/CodeIgniter.php(368): CodeIgniter\CodeIgniter->handleRequest(null, Object(Config\Cache), false)
 4 FCPATH/index.php(67): CodeIgniter\CodeIgniter->run()
INFO - 2023-06-15 11:51:20 --> Session: Class initialized using 'CodeIgniter\Session\Handlers\FileHandler' driver.
WARNING - 2023-06-15 11:51:20 --> [DEPRECATED] Creation of dynamic property App\Controllers\Pages::$app_m is deprecated in APPPATH/Controllers/Pages.php on line 24.
 1 SYSTEMPATH/CodeIgniter.php(934): App\Controllers\Pages->view('group')
 2 SYSTEMPATH/CodeIgniter.php(499): CodeIgniter\CodeIgniter->runController(Object(App\Controllers\Pages))
 3 SYSTEMPATH/CodeIgniter.php(368): CodeIgniter\CodeIgniter->handleRequest(null, Object(Config\Cache), false)
 4 FCPATH/index.php(67): CodeIgniter\CodeIgniter->run()
INFO - 2023-06-15 11:51:20 --> Session: Class initialized using 'CodeIgniter\Session\Handlers\FileHandler' driver.
WARNING - 2023-06-15 11:51:20 --> [DEPRECATED] Creation of dynamic property App\Controllers\Pages::$app_m is deprecated in APPPATH/Controllers/Pages.php on line 62.
 1 SYSTEMPATH/CodeIgniter.php(934): App\Controllers\Pages->navigation()
 2 SYSTEMPATH/CodeIgniter.php(499): CodeIgniter\CodeIgniter->runController(Object(App\Controllers\Pages))
 3 SYSTEMPATH/CodeIgniter.php(368): CodeIgniter\CodeIgniter->handleRequest(null, Object(Config\Cache), false)
 4 FCPATH/index.php(67): CodeIgniter\CodeIgniter->run()
INFO - 2023-06-15 11:51:20 --> Session: Class initialized using 'CodeIgniter\Session\Handlers\FileHandler' driver.
WARNING - 2023-06-15 11:51:20 --> [DEPRECATED] Creation of dynamic property App\Controllers\Pages::$app_m is deprecated in APPPATH/Controllers/Pages.php on line 68.
 1 SYSTEMPATH/CodeIgniter.php(934): App\Controllers\Pages->navigationsub()
 2 SYSTEMPATH/CodeIgniter.php(499): CodeIgniter\CodeIgniter->runController(Object(App\Controllers\Pages))
 3 SYSTEMPATH/CodeIgniter.php(368): CodeIgniter\CodeIgniter->handleRequest(null, Object(Config\Cache), false)
 4 FCPATH/index.php(67): CodeIgniter\CodeIgniter->run()
INFO - 2023-06-15 11:52:33 --> Session: Class initialized using 'CodeIgniter\Session\Handlers\FileHandler' driver.
WARNING - 2023-06-15 11:52:33 --> [DEPRECATED] Creation of dynamic property App\Controllers\Pages::$app_m is deprecated in APPPATH/Controllers/Pages.php on line 24.
 1 SYSTEMPATH/CodeIgniter.php(934): App\Controllers\Pages->view('group')
 2 SYSTEMPATH/CodeIgniter.php(499): CodeIgniter\CodeIgniter->runController(Object(App\Controllers\Pages))
 3 SYSTEMPATH/CodeIgniter.php(368): CodeIgniter\CodeIgniter->handleRequest(null, Object(Config\Cache), false)
 4 FCPATH/index.php(67): CodeIgniter\CodeIgniter->run()
INFO - 2023-06-15 11:52:34 --> Session: Class initialized using 'CodeIgniter\Session\Handlers\FileHandler' driver.
WARNING - 2023-06-15 11:52:34 --> [DEPRECATED] Creation of dynamic property App\Controllers\Pages::$app_m is deprecated in APPPATH/Controllers/Pages.php on line 62.
 1 SYSTEMPATH/CodeIgniter.php(934): App\Controllers\Pages->navigation()
 2 SYSTEMPATH/CodeIgniter.php(499): CodeIgniter\CodeIgniter->runController(Object(App\Controllers\Pages))
 3 SYSTEMPATH/CodeIgniter.php(368): CodeIgniter\CodeIgniter->handleRequest(null, Object(Config\Cache), false)
 4 FCPATH/index.php(67): CodeIgniter\CodeIgniter->run()
INFO - 2023-06-15 11:52:34 --> Session: Class initialized using 'CodeIgniter\Session\Handlers\FileHandler' driver.
WARNING - 2023-06-15 11:52:34 --> [DEPRECATED] Creation of dynamic property App\Controllers\Pages::$app_m is deprecated in APPPATH/Controllers/Pages.php on line 68.
 1 SYSTEMPATH/CodeIgniter.php(934): App\Controllers\Pages->navigationsub()
 2 SYSTEMPATH/CodeIgniter.php(499): CodeIgniter\CodeIgniter->runController(Object(App\Controllers\Pages))
 3 SYSTEMPATH/CodeIgniter.php(368): CodeIgniter\CodeIgniter->handleRequest(null, Object(Config\Cache), false)
 4 FCPATH/index.php(67): CodeIgniter\CodeIgniter->run()
INFO - 2023-06-15 11:52:57 --> Session: Class initialized using 'CodeIgniter\Session\Handlers\FileHandler' driver.
WARNING - 2023-06-15 11:52:57 --> [DEPRECATED] Creation of dynamic property App\Controllers\Pages::$app_m is deprecated in APPPATH/Controllers/Pages.php on line 24.
 1 SYSTEMPATH/CodeIgniter.php(934): App\Controllers\Pages->view('unit')
 2 SYSTEMPATH/CodeIgniter.php(499): CodeIgniter\CodeIgniter->runController(Object(App\Controllers\Pages))
 3 SYSTEMPATH/CodeIgniter.php(368): CodeIgniter\CodeIgniter->handleRequest(null, Object(Config\Cache), false)
 4 FCPATH/index.php(67): CodeIgniter\CodeIgniter->run()
INFO - 2023-06-15 11:52:58 --> Session: Class initialized using 'CodeIgniter\Session\Handlers\FileHandler' driver.
WARNING - 2023-06-15 11:52:58 --> [DEPRECATED] Creation of dynamic property App\Controllers\Pages::$app_m is deprecated in APPPATH/Controllers/Pages.php on line 62.
 1 SYSTEMPATH/CodeIgniter.php(934): App\Controllers\Pages->navigation()
 2 SYSTEMPATH/CodeIgniter.php(499): CodeIgniter\CodeIgniter->runController(Object(App\Controllers\Pages))
 3 SYSTEMPATH/CodeIgniter.php(368): CodeIgniter\CodeIgniter->handleRequest(null, Object(Config\Cache), false)
 4 FCPATH/index.php(67): CodeIgniter\CodeIgniter->run()
INFO - 2023-06-15 11:52:58 --> Session: Class initialized using 'CodeIgniter\Session\Handlers\FileHandler' driver.
WARNING - 2023-06-15 11:52:58 --> [DEPRECATED] Creation of dynamic property App\Controllers\Pages::$app_m is deprecated in APPPATH/Controllers/Pages.php on line 68.
 1 SYSTEMPATH/CodeIgniter.php(934): App\Controllers\Pages->navigationsub()
 2 SYSTEMPATH/CodeIgniter.php(499): CodeIgniter\CodeIgniter->runController(Object(App\Controllers\Pages))
 3 SYSTEMPATH/CodeIgniter.php(368): CodeIgniter\CodeIgniter->handleRequest(null, Object(Config\Cache), false)
 4 FCPATH/index.php(67): CodeIgniter\CodeIgniter->run()
INFO - 2023-06-15 11:52:58 --> Session: Class initialized using 'CodeIgniter\Session\Handlers\FileHandler' driver.
WARNING - 2023-06-15 11:52:58 --> [DEPRECATED] Creation of dynamic property App\Controllers\member\Unit_cn::$unit_m is deprecated in APPPATH/Controllers/Member/Unit_cn.php on line 27.
 1 SYSTEMPATH/CodeIgniter.php(934): App\Controllers\member\Unit_cn->load_data()
 2 SYSTEMPATH/CodeIgniter.php(499): CodeIgniter\CodeIgniter->runController(Object(App\Controllers\member\Unit_cn))
 3 SYSTEMPATH/CodeIgniter.php(368): CodeIgniter\CodeIgniter->handleRequest(null, Object(Config\Cache), false)
 4 FCPATH/index.php(67): CodeIgniter\CodeIgniter->run()
INFO - 2023-06-15 11:52:58 --> Session: Class initialized using 'CodeIgniter\Session\Handlers\FileHandler' driver.
WARNING - 2023-06-15 11:52:58 --> [DEPRECATED] Creation of dynamic property App\Controllers\member\Unit_cn::$unit_m is deprecated in APPPATH/Controllers/Member/Unit_cn.php on line 27.
 1 SYSTEMPATH/CodeIgniter.php(934): App\Controllers\member\Unit_cn->load_data()
 2 SYSTEMPATH/CodeIgniter.php(499): CodeIgniter\CodeIgniter->runController(Object(App\Controllers\member\Unit_cn))
 3 SYSTEMPATH/CodeIgniter.php(368): CodeIgniter\CodeIgniter->handleRequest(null, Object(Config\Cache), false)
 4 FCPATH/index.php(67): CodeIgniter\CodeIgniter->run()
INFO - 2023-06-15 11:52:59 --> Session: Class initialized using 'CodeIgniter\Session\Handlers\FileHandler' driver.
WARNING - 2023-06-15 11:52:59 --> [DEPRECATED] Creation of dynamic property App\Controllers\Pages::$app_m is deprecated in APPPATH/Controllers/Pages.php on line 24.
 1 SYSTEMPATH/CodeIgniter.php(934): App\Controllers\Pages->view('group')
 2 SYSTEMPATH/CodeIgniter.php(499): CodeIgniter\CodeIgniter->runController(Object(App\Controllers\Pages))
 3 SYSTEMPATH/CodeIgniter.php(368): CodeIgniter\CodeIgniter->handleRequest(null, Object(Config\Cache), false)
 4 FCPATH/index.php(67): CodeIgniter\CodeIgniter->run()
INFO - 2023-06-15 11:52:59 --> Session: Class initialized using 'CodeIgniter\Session\Handlers\FileHandler' driver.
WARNING - 2023-06-15 11:52:59 --> [DEPRECATED] Creation of dynamic property App\Controllers\Pages::$app_m is deprecated in APPPATH/Controllers/Pages.php on line 62.
 1 SYSTEMPATH/CodeIgniter.php(934): App\Controllers\Pages->navigation()
 2 SYSTEMPATH/CodeIgniter.php(499): CodeIgniter\CodeIgniter->runController(Object(App\Controllers\Pages))
 3 SYSTEMPATH/CodeIgniter.php(368): CodeIgniter\CodeIgniter->handleRequest(null, Object(Config\Cache), false)
 4 FCPATH/index.php(67): CodeIgniter\CodeIgniter->run()
INFO - 2023-06-15 11:53:00 --> Session: Class initialized using 'CodeIgniter\Session\Handlers\FileHandler' driver.
WARNING - 2023-06-15 11:53:00 --> [DEPRECATED] Creation of dynamic property App\Controllers\Pages::$app_m is deprecated in APPPATH/Controllers/Pages.php on line 68.
 1 SYSTEMPATH/CodeIgniter.php(934): App\Controllers\Pages->navigationsub()
 2 SYSTEMPATH/CodeIgniter.php(499): CodeIgniter\CodeIgniter->runController(Object(App\Controllers\Pages))
 3 SYSTEMPATH/CodeIgniter.php(368): CodeIgniter\CodeIgniter->handleRequest(null, Object(Config\Cache), false)
 4 FCPATH/index.php(67): CodeIgniter\CodeIgniter->run()
INFO - 2023-06-15 11:53:22 --> Session: Class initialized using 'CodeIgniter\Session\Handlers\FileHandler' driver.
WARNING - 2023-06-15 11:53:22 --> [DEPRECATED] Creation of dynamic property App\Controllers\Pages::$app_m is deprecated in APPPATH/Controllers/Pages.php on line 24.
 1 SYSTEMPATH/CodeIgniter.php(934): App\Controllers\Pages->view('group')
 2 SYSTEMPATH/CodeIgniter.php(499): CodeIgniter\CodeIgniter->runController(Object(App\Controllers\Pages))
 3 SYSTEMPATH/CodeIgniter.php(368): CodeIgniter\CodeIgniter->handleRequest(null, Object(Config\Cache), false)
 4 FCPATH/index.php(67): CodeIgniter\CodeIgniter->run()
INFO - 2023-06-15 11:53:22 --> Session: Class initialized using 'CodeIgniter\Session\Handlers\FileHandler' driver.
WARNING - 2023-06-15 11:53:22 --> [DEPRECATED] Creation of dynamic property App\Controllers\Pages::$app_m is deprecated in APPPATH/Controllers/Pages.php on line 62.
 1 SYSTEMPATH/CodeIgniter.php(934): App\Controllers\Pages->navigation()
 2 SYSTEMPATH/CodeIgniter.php(499): CodeIgniter\CodeIgniter->runController(Object(App\Controllers\Pages))
 3 SYSTEMPATH/CodeIgniter.php(368): CodeIgniter\CodeIgniter->handleRequest(null, Object(Config\Cache), false)
 4 FCPATH/index.php(67): CodeIgniter\CodeIgniter->run()
INFO - 2023-06-15 11:53:23 --> Session: Class initialized using 'CodeIgniter\Session\Handlers\FileHandler' driver.
WARNING - 2023-06-15 11:53:23 --> [DEPRECATED] Creation of dynamic property App\Controllers\Pages::$app_m is deprecated in APPPATH/Controllers/Pages.php on line 68.
 1 SYSTEMPATH/CodeIgniter.php(934): App\Controllers\Pages->navigationsub()
 2 SYSTEMPATH/CodeIgniter.php(499): CodeIgniter\CodeIgniter->runController(Object(App\Controllers\Pages))
 3 SYSTEMPATH/CodeIgniter.php(368): CodeIgniter\CodeIgniter->handleRequest(null, Object(Config\Cache), false)
 4 FCPATH/index.php(67): CodeIgniter\CodeIgniter->run()
INFO - 2023-06-15 11:54:27 --> Session: Class initialized using 'CodeIgniter\Session\Handlers\FileHandler' driver.
WARNING - 2023-06-15 11:54:27 --> [DEPRECATED] Creation of dynamic property App\Controllers\Pages::$app_m is deprecated in APPPATH/Controllers/Pages.php on line 24.
 1 SYSTEMPATH/CodeIgniter.php(934): App\Controllers\Pages->view('group')
 2 SYSTEMPATH/CodeIgniter.php(499): CodeIgniter\CodeIgniter->runController(Object(App\Controllers\Pages))
 3 SYSTEMPATH/CodeIgniter.php(368): CodeIgniter\CodeIgniter->handleRequest(null, Object(Config\Cache), false)
 4 FCPATH/index.php(67): CodeIgniter\CodeIgniter->run()
INFO - 2023-06-15 11:54:28 --> Session: Class initialized using 'CodeIgniter\Session\Handlers\FileHandler' driver.
WARNING - 2023-06-15 11:54:28 --> [DEPRECATED] Creation of dynamic property App\Controllers\Pages::$app_m is deprecated in APPPATH/Controllers/Pages.php on line 62.
 1 SYSTEMPATH/CodeIgniter.php(934): App\Controllers\Pages->navigation()
 2 SYSTEMPATH/CodeIgniter.php(499): CodeIgniter\CodeIgniter->runController(Object(App\Controllers\Pages))
 3 SYSTEMPATH/CodeIgniter.php(368): CodeIgniter\CodeIgniter->handleRequest(null, Object(Config\Cache), false)
 4 FCPATH/index.php(67): CodeIgniter\CodeIgniter->run()
INFO - 2023-06-15 11:54:28 --> Session: Class initialized using 'CodeIgniter\Session\Handlers\FileHandler' driver.
WARNING - 2023-06-15 11:54:28 --> [DEPRECATED] Creation of dynamic property App\Controllers\Pages::$app_m is deprecated in APPPATH/Controllers/Pages.php on line 68.
 1 SYSTEMPATH/CodeIgniter.php(934): App\Controllers\Pages->navigationsub()
 2 SYSTEMPATH/CodeIgniter.php(499): CodeIgniter\CodeIgniter->runController(Object(App\Controllers\Pages))
 3 SYSTEMPATH/CodeIgniter.php(368): CodeIgniter\CodeIgniter->handleRequest(null, Object(Config\Cache), false)
 4 FCPATH/index.php(67): CodeIgniter\CodeIgniter->run()
INFO - 2023-06-15 11:54:37 --> Session: Class initialized using 'CodeIgniter\Session\Handlers\FileHandler' driver.
WARNING - 2023-06-15 11:54:37 --> [DEPRECATED] Creation of dynamic property App\Controllers\Pages::$app_m is deprecated in APPPATH/Controllers/Pages.php on line 24.
 1 SYSTEMPATH/CodeIgniter.php(934): App\Controllers\Pages->view('unit')
 2 SYSTEMPATH/CodeIgniter.php(499): CodeIgniter\CodeIgniter->runController(Object(App\Controllers\Pages))
 3 SYSTEMPATH/CodeIgniter.php(368): CodeIgniter\CodeIgniter->handleRequest(null, Object(Config\Cache), false)
 4 FCPATH/index.php(67): CodeIgniter\CodeIgniter->run()
INFO - 2023-06-15 11:54:37 --> Session: Class initialized using 'CodeIgniter\Session\Handlers\FileHandler' driver.
WARNING - 2023-06-15 11:54:37 --> [DEPRECATED] Creation of dynamic property App\Controllers\Pages::$app_m is deprecated in APPPATH/Controllers/Pages.php on line 62.
 1 SYSTEMPATH/CodeIgniter.php(934): App\Controllers\Pages->navigation()
 2 SYSTEMPATH/CodeIgniter.php(499): CodeIgniter\CodeIgniter->runController(Object(App\Controllers\Pages))
 3 SYSTEMPATH/CodeIgniter.php(368): CodeIgniter\CodeIgniter->handleRequest(null, Object(Config\Cache), false)
 4 FCPATH/index.php(67): CodeIgniter\CodeIgniter->run()
INFO - 2023-06-15 11:54:38 --> Session: Class initialized using 'CodeIgniter\Session\Handlers\FileHandler' driver.
WARNING - 2023-06-15 11:54:38 --> [DEPRECATED] Creation of dynamic property App\Controllers\Pages::$app_m is deprecated in APPPATH/Controllers/Pages.php on line 68.
 1 SYSTEMPATH/CodeIgniter.php(934): App\Controllers\Pages->navigationsub()
 2 SYSTEMPATH/CodeIgniter.php(499): CodeIgniter\CodeIgniter->runController(Object(App\Controllers\Pages))
 3 SYSTEMPATH/CodeIgniter.php(368): CodeIgniter\CodeIgniter->handleRequest(null, Object(Config\Cache), false)
 4 FCPATH/index.php(67): CodeIgniter\CodeIgniter->run()
INFO - 2023-06-15 11:54:38 --> Session: Class initialized using 'CodeIgniter\Session\Handlers\FileHandler' driver.
WARNING - 2023-06-15 11:54:38 --> [DEPRECATED] Creation of dynamic property App\Controllers\member\Unit_cn::$unit_m is deprecated in APPPATH/Controllers/Member/Unit_cn.php on line 27.
 1 SYSTEMPATH/CodeIgniter.php(934): App\Controllers\member\Unit_cn->load_data()
 2 SYSTEMPATH/CodeIgniter.php(499): CodeIgniter\CodeIgniter->runController(Object(App\Controllers\member\Unit_cn))
 3 SYSTEMPATH/CodeIgniter.php(368): CodeIgniter\CodeIgniter->handleRequest(null, Object(Config\Cache), false)
 4 FCPATH/index.php(67): CodeIgniter\CodeIgniter->run()
INFO - 2023-06-15 11:54:38 --> Session: Class initialized using 'CodeIgniter\Session\Handlers\FileHandler' driver.
WARNING - 2023-06-15 11:54:38 --> [DEPRECATED] Creation of dynamic property App\Controllers\member\Unit_cn::$unit_m is deprecated in APPPATH/Controllers/Member/Unit_cn.php on line 27.
 1 SYSTEMPATH/CodeIgniter.php(934): App\Controllers\member\Unit_cn->load_data()
 2 SYSTEMPATH/CodeIgniter.php(499): CodeIgniter\CodeIgniter->runController(Object(App\Controllers\member\Unit_cn))
 3 SYSTEMPATH/CodeIgniter.php(368): CodeIgniter\CodeIgniter->handleRequest(null, Object(Config\Cache), false)
 4 FCPATH/index.php(67): CodeIgniter\CodeIgniter->run()
INFO - 2023-06-15 11:56:16 --> Session: Class initialized using 'CodeIgniter\Session\Handlers\FileHandler' driver.
WARNING - 2023-06-15 11:56:16 --> [DEPRECATED] Creation of dynamic property App\Controllers\Pages::$app_m is deprecated in APPPATH/Controllers/Pages.php on line 24.
 1 SYSTEMPATH/CodeIgniter.php(934): App\Controllers\Pages->view('unit')
 2 SYSTEMPATH/CodeIgniter.php(499): CodeIgniter\CodeIgniter->runController(Object(App\Controllers\Pages))
 3 SYSTEMPATH/CodeIgniter.php(368): CodeIgniter\CodeIgniter->handleRequest(null, Object(Config\Cache), false)
 4 FCPATH/index.php(67): CodeIgniter\CodeIgniter->run()
INFO - 2023-06-15 11:56:17 --> Session: Class initialized using 'CodeIgniter\Session\Handlers\FileHandler' driver.
WARNING - 2023-06-15 11:56:17 --> [DEPRECATED] Creation of dynamic property App\Controllers\Pages::$app_m is deprecated in APPPATH/Controllers/Pages.php on line 62.
 1 SYSTEMPATH/CodeIgniter.php(934): App\Controllers\Pages->navigation()
 2 SYSTEMPATH/CodeIgniter.php(499): CodeIgniter\CodeIgniter->runController(Object(App\Controllers\Pages))
 3 SYSTEMPATH/CodeIgniter.php(368): CodeIgniter\CodeIgniter->handleRequest(null, Object(Config\Cache), false)
 4 FCPATH/index.php(67): CodeIgniter\CodeIgniter->run()
INFO - 2023-06-15 11:56:17 --> Session: Class initialized using 'CodeIgniter\Session\Handlers\FileHandler' driver.
WARNING - 2023-06-15 11:56:17 --> [DEPRECATED] Creation of dynamic property App\Controllers\Pages::$app_m is deprecated in APPPATH/Controllers/Pages.php on line 68.
 1 SYSTEMPATH/CodeIgniter.php(934): App\Controllers\Pages->navigationsub()
 2 SYSTEMPATH/CodeIgniter.php(499): CodeIgniter\CodeIgniter->runController(Object(App\Controllers\Pages))
 3 SYSTEMPATH/CodeIgniter.php(368): CodeIgniter\CodeIgniter->handleRequest(null, Object(Config\Cache), false)
 4 FCPATH/index.php(67): CodeIgniter\CodeIgniter->run()
INFO - 2023-06-15 11:56:17 --> Session: Class initialized using 'CodeIgniter\Session\Handlers\FileHandler' driver.
WARNING - 2023-06-15 11:56:17 --> [DEPRECATED] Creation of dynamic property App\Controllers\member\Unit_cn::$unit_m is deprecated in APPPATH/Controllers/Member/Unit_cn.php on line 27.
 1 SYSTEMPATH/CodeIgniter.php(934): App\Controllers\member\Unit_cn->load_data()
 2 SYSTEMPATH/CodeIgniter.php(499): CodeIgniter\CodeIgniter->runController(Object(App\Controllers\member\Unit_cn))
 3 SYSTEMPATH/CodeIgniter.php(368): CodeIgniter\CodeIgniter->handleRequest(null, Object(Config\Cache), false)
 4 FCPATH/index.php(67): CodeIgniter\CodeIgniter->run()
INFO - 2023-06-15 11:56:18 --> Session: Class initialized using 'CodeIgniter\Session\Handlers\FileHandler' driver.
WARNING - 2023-06-15 11:56:18 --> [DEPRECATED] Creation of dynamic property App\Controllers\member\Unit_cn::$unit_m is deprecated in APPPATH/Controllers/Member/Unit_cn.php on line 27.
 1 SYSTEMPATH/CodeIgniter.php(934): App\Controllers\member\Unit_cn->load_data()
 2 SYSTEMPATH/CodeIgniter.php(499): CodeIgniter\CodeIgniter->runController(Object(App\Controllers\member\Unit_cn))
 3 SYSTEMPATH/CodeIgniter.php(368): CodeIgniter\CodeIgniter->handleRequest(null, Object(Config\Cache), false)
 4 FCPATH/index.php(67): CodeIgniter\CodeIgniter->run()
INFO - 2023-06-15 11:56:19 --> Session: Class initialized using 'CodeIgniter\Session\Handlers\FileHandler' driver.
WARNING - 2023-06-15 11:56:19 --> [DEPRECATED] Creation of dynamic property App\Controllers\Pages::$app_m is deprecated in APPPATH/Controllers/Pages.php on line 24.
 1 SYSTEMPATH/CodeIgniter.php(934): App\Controllers\Pages->view('group')
 2 SYSTEMPATH/CodeIgniter.php(499): CodeIgniter\CodeIgniter->runController(Object(App\Controllers\Pages))
 3 SYSTEMPATH/CodeIgniter.php(368): CodeIgniter\CodeIgniter->handleRequest(null, Object(Config\Cache), false)
 4 FCPATH/index.php(67): CodeIgniter\CodeIgniter->run()
INFO - 2023-06-15 11:56:20 --> Session: Class initialized using 'CodeIgniter\Session\Handlers\FileHandler' driver.
WARNING - 2023-06-15 11:56:20 --> [DEPRECATED] Creation of dynamic property App\Controllers\Pages::$app_m is deprecated in APPPATH/Controllers/Pages.php on line 62.
 1 SYSTEMPATH/CodeIgniter.php(934): App\Controllers\Pages->navigation()
 2 SYSTEMPATH/CodeIgniter.php(499): CodeIgniter\CodeIgniter->runController(Object(App\Controllers\Pages))
 3 SYSTEMPATH/CodeIgniter.php(368): CodeIgniter\CodeIgniter->handleRequest(null, Object(Config\Cache), false)
 4 FCPATH/index.php(67): CodeIgniter\CodeIgniter->run()
INFO - 2023-06-15 11:56:20 --> Session: Class initialized using 'CodeIgniter\Session\Handlers\FileHandler' driver.
WARNING - 2023-06-15 11:56:20 --> [DEPRECATED] Creation of dynamic property App\Controllers\Pages::$app_m is deprecated in APPPATH/Controllers/Pages.php on line 68.
 1 SYSTEMPATH/CodeIgniter.php(934): App\Controllers\Pages->navigationsub()
 2 SYSTEMPATH/CodeIgniter.php(499): CodeIgniter\CodeIgniter->runController(Object(App\Controllers\Pages))
 3 SYSTEMPATH/CodeIgniter.php(368): CodeIgniter\CodeIgniter->handleRequest(null, Object(Config\Cache), false)
 4 FCPATH/index.php(67): CodeIgniter\CodeIgniter->run()
INFO - 2023-06-15 12:03:08 --> Session: Class initialized using 'CodeIgniter\Session\Handlers\FileHandler' driver.
WARNING - 2023-06-15 12:03:08 --> [DEPRECATED] Creation of dynamic property App\Controllers\Pages::$app_m is deprecated in APPPATH/Controllers/Pages.php on line 24.
 1 SYSTEMPATH/CodeIgniter.php(934): App\Controllers\Pages->view('unit')
 2 SYSTEMPATH/CodeIgniter.php(499): CodeIgniter\CodeIgniter->runController(Object(App\Controllers\Pages))
 3 SYSTEMPATH/CodeIgniter.php(368): CodeIgniter\CodeIgniter->handleRequest(null, Object(Config\Cache), false)
 4 FCPATH/index.php(67): CodeIgniter\CodeIgniter->run()
INFO - 2023-06-15 12:03:08 --> Session: Class initialized using 'CodeIgniter\Session\Handlers\FileHandler' driver.
WARNING - 2023-06-15 12:03:08 --> [DEPRECATED] Creation of dynamic property App\Controllers\Pages::$app_m is deprecated in APPPATH/Controllers/Pages.php on line 62.
 1 SYSTEMPATH/CodeIgniter.php(934): App\Controllers\Pages->navigation()
 2 SYSTEMPATH/CodeIgniter.php(499): CodeIgniter\CodeIgniter->runController(Object(App\Controllers\Pages))
 3 SYSTEMPATH/CodeIgniter.php(368): CodeIgniter\CodeIgniter->handleRequest(null, Object(Config\Cache), false)
 4 FCPATH/index.php(67): CodeIgniter\CodeIgniter->run()
INFO - 2023-06-15 12:03:09 --> Session: Class initialized using 'CodeIgniter\Session\Handlers\FileHandler' driver.
WARNING - 2023-06-15 12:03:09 --> [DEPRECATED] Creation of dynamic property App\Controllers\Pages::$app_m is deprecated in APPPATH/Controllers/Pages.php on line 68.
 1 SYSTEMPATH/CodeIgniter.php(934): App\Controllers\Pages->navigationsub()
 2 SYSTEMPATH/CodeIgniter.php(499): CodeIgniter\CodeIgniter->runController(Object(App\Controllers\Pages))
 3 SYSTEMPATH/CodeIgniter.php(368): CodeIgniter\CodeIgniter->handleRequest(null, Object(Config\Cache), false)
 4 FCPATH/index.php(67): CodeIgniter\CodeIgniter->run()
INFO - 2023-06-15 12:03:09 --> Session: Class initialized using 'CodeIgniter\Session\Handlers\FileHandler' driver.
WARNING - 2023-06-15 12:03:09 --> [DEPRECATED] Creation of dynamic property App\Controllers\member\Unit_cn::$unit_m is deprecated in APPPATH/Controllers/Member/Unit_cn.php on line 27.
 1 SYSTEMPATH/CodeIgniter.php(934): App\Controllers\member\Unit_cn->load_data()
 2 SYSTEMPATH/CodeIgniter.php(499): CodeIgniter\CodeIgniter->runController(Object(App\Controllers\member\Unit_cn))
 3 SYSTEMPATH/CodeIgniter.php(368): CodeIgniter\CodeIgniter->handleRequest(null, Object(Config\Cache), false)
 4 FCPATH/index.php(67): CodeIgniter\CodeIgniter->run()
INFO - 2023-06-15 12:03:09 --> Session: Class initialized using 'CodeIgniter\Session\Handlers\FileHandler' driver.
WARNING - 2023-06-15 12:03:09 --> [DEPRECATED] Creation of dynamic property App\Controllers\member\Unit_cn::$unit_m is deprecated in APPPATH/Controllers/Member/Unit_cn.php on line 27.
 1 SYSTEMPATH/CodeIgniter.php(934): App\Controllers\member\Unit_cn->load_data()
 2 SYSTEMPATH/CodeIgniter.php(499): CodeIgniter\CodeIgniter->runController(Object(App\Controllers\member\Unit_cn))
 3 SYSTEMPATH/CodeIgniter.php(368): CodeIgniter\CodeIgniter->handleRequest(null, Object(Config\Cache), false)
 4 FCPATH/index.php(67): CodeIgniter\CodeIgniter->run()
INFO - 2023-06-15 12:06:08 --> Session: Class initialized using 'CodeIgniter\Session\Handlers\FileHandler' driver.
WARNING - 2023-06-15 12:06:09 --> [DEPRECATED] Creation of dynamic property App\Controllers\member\Unit_cn::$unit_m is deprecated in APPPATH/Controllers/Member/Unit_cn.php on line 35.
 1 SYSTEMPATH/CodeIgniter.php(934): App\Controllers\member\Unit_cn->edit_data()
 2 SYSTEMPATH/CodeIgniter.php(499): CodeIgniter\CodeIgniter->runController(Object(App\Controllers\member\Unit_cn))
 3 SYSTEMPATH/CodeIgniter.php(368): CodeIgniter\CodeIgniter->handleRequest(null, Object(Config\Cache), false)
 4 FCPATH/index.php(67): CodeIgniter\CodeIgniter->run()
INFO - 2023-06-15 12:06:19 --> Session: Class initialized using 'CodeIgniter\Session\Handlers\FileHandler' driver.
WARNING - 2023-06-15 12:06:19 --> [DEPRECATED] Creation of dynamic property App\Controllers\member\Unit_cn::$unit_m is deprecated in APPPATH/Controllers/Member/Unit_cn.php on line 35.
 1 SYSTEMPATH/CodeIgniter.php(934): App\Controllers\member\Unit_cn->edit_data()
 2 SYSTEMPATH/CodeIgniter.php(499): CodeIgniter\CodeIgniter->runController(Object(App\Controllers\member\Unit_cn))
 3 SYSTEMPATH/CodeIgniter.php(368): CodeIgniter\CodeIgniter->handleRequest(null, Object(Config\Cache), false)
 4 FCPATH/index.php(67): CodeIgniter\CodeIgniter->run()
INFO - 2023-06-15 12:06:24 --> Session: Class initialized using 'CodeIgniter\Session\Handlers\FileHandler' driver.
WARNING - 2023-06-15 12:06:25 --> [DEPRECATED] Creation of dynamic property App\Controllers\member\Unit_cn::$unit_m is deprecated in APPPATH/Controllers/Member/Unit_cn.php on line 41.
 1 SYSTEMPATH/CodeIgniter.php(934): App\Controllers\member\Unit_cn->chk_del()
 2 SYSTEMPATH/CodeIgniter.php(499): CodeIgniter\CodeIgniter->runController(Object(App\Controllers\member\Unit_cn))
 3 SYSTEMPATH/CodeIgniter.php(368): CodeIgniter\CodeIgniter->handleRequest(null, Object(Config\Cache), false)
 4 FCPATH/index.php(67): CodeIgniter\CodeIgniter->run()
INFO - 2023-06-15 12:06:27 --> Session: Class initialized using 'CodeIgniter\Session\Handlers\FileHandler' driver.
WARNING - 2023-06-15 12:06:27 --> [DEPRECATED] Creation of dynamic property App\Controllers\member\Unit_cn::$unit_m is deprecated in APPPATH/Controllers/Member/Unit_cn.php on line 53.
 1 SYSTEMPATH/CodeIgniter.php(934): App\Controllers\member\Unit_cn->del_data()
 2 SYSTEMPATH/CodeIgniter.php(499): CodeIgniter\CodeIgniter->runController(Object(App\Controllers\member\Unit_cn))
 3 SYSTEMPATH/CodeIgniter.php(368): CodeIgniter\CodeIgniter->handleRequest(null, Object(Config\Cache), false)
 4 FCPATH/index.php(67): CodeIgniter\CodeIgniter->run()
INFO - 2023-06-15 12:06:28 --> Session: Class initialized using 'CodeIgniter\Session\Handlers\FileHandler' driver.
WARNING - 2023-06-15 12:06:28 --> [DEPRECATED] Creation of dynamic property App\Controllers\member\Unit_cn::$unit_m is deprecated in APPPATH/Controllers/Member/Unit_cn.php on line 27.
 1 SYSTEMPATH/CodeIgniter.php(934): App\Controllers\member\Unit_cn->load_data()
 2 SYSTEMPATH/CodeIgniter.php(499): CodeIgniter\CodeIgniter->runController(Object(App\Controllers\member\Unit_cn))
 3 SYSTEMPATH/CodeIgniter.php(368): CodeIgniter\CodeIgniter->handleRequest(null, Object(Config\Cache), false)
 4 FCPATH/index.php(67): CodeIgniter\CodeIgniter->run()
INFO - 2023-06-15 12:06:35 --> Session: Class initialized using 'CodeIgniter\Session\Handlers\FileHandler' driver.
WARNING - 2023-06-15 12:06:35 --> [DEPRECATED] Creation of dynamic property App\Controllers\member\Unit_cn::$unit_m is deprecated in APPPATH/Controllers/Member/Unit_cn.php on line 35.
 1 SYSTEMPATH/CodeIgniter.php(934): App\Controllers\member\Unit_cn->edit_data()
 2 SYSTEMPATH/CodeIgniter.php(499): CodeIgniter\CodeIgniter->runController(Object(App\Controllers\member\Unit_cn))
 3 SYSTEMPATH/CodeIgniter.php(368): CodeIgniter\CodeIgniter->handleRequest(null, Object(Config\Cache), false)
 4 FCPATH/index.php(67): CodeIgniter\CodeIgniter->run()
