INFO - 2023-06-14 04:53:42 --> Session: Class initialized using 'CodeIgniter\Session\Handlers\FileHandler' driver.
WARNING - 2023-06-14 04:53:42 --> [DEPRECATED] Creation of dynamic property App\Controllers\Pages::$app_m is deprecated in APPPATH/Controllers/Pages.php on line 24.
 1 SYSTEMPATH/CodeIgniter.php(934): App\Controllers\Pages->view('group')
 2 SYSTEMPATH/CodeIgniter.php(499): CodeIgniter\CodeIgniter->runController(Object(App\Controllers\Pages))
 3 SYSTEMPATH/CodeIgniter.php(368): CodeIgniter\CodeIgniter->handleRequest(null, Object(Config\Cache), false)
 4 FCPATH/index.php(67): CodeIgniter\CodeIgniter->run()
CRITICAL - 2023-06-14 04:53:42 --> Undefined array key "user_name"
in APPPATH/Views/templates/navmenu.php on line 29.
 1 APPPATH/Views/templates/navmenu.php(29): CodeIgniter\Debug\Exceptions->errorHandler(2, 'Undefined array key "user_name"', '/Applications/MAMP/htdocs/app/Views/templates/navmenu.php', 29)
 2 SYSTEMPATH/View/View.php(213): include('/Applications/MAMP/htdocs/app/Views/templates/navmenu.php')
 3 SYSTEMPATH/View/View.php(216): CodeIgniter\View\View->CodeIgniter\View\{closure}()
 4 SYSTEMPATH/Common.php(1184): CodeIgniter\View\View->render('templates/navmenu.php', [], true)
 5 APPPATH/Views/templates/pages.php(111): view('templates/navmenu.php')
 6 SYSTEMPATH/View/View.php(213): include('/Applications/MAMP/htdocs/app/Views/templates/pages.php')
 7 SYSTEMPATH/View/View.php(216): CodeIgniter\View\View->CodeIgniter\View\{closure}()
 8 SYSTEMPATH/Common.php(1184): CodeIgniter\View\View->render('/templates/pages.php', [], true)
 9 APPPATH/Controllers/Pages.php(54): view('/templates/pages.php', [...])
10 SYSTEMPATH/CodeIgniter.php(934): App\Controllers\Pages->view('group')
11 SYSTEMPATH/CodeIgniter.php(499): CodeIgniter\CodeIgniter->runController(Object(App\Controllers\Pages))
12 SYSTEMPATH/CodeIgniter.php(368): CodeIgniter\CodeIgniter->handleRequest(null, Object(Config\Cache), false)
13 FCPATH/index.php(67): CodeIgniter\CodeIgniter->run()
