INFO - 2023-06-01 00:41:53 --> Session: Class initialized using 'CodeIgniter\Session\Handlers\FileHandler' driver.
INFO - 2023-06-01 00:41:56 --> Session: Class initialized using 'CodeIgniter\Session\Handlers\FileHandler' driver.
WARNING - 2023-06-01 00:41:56 --> [DEPRECATED] Creation of dynamic property App\Controllers\Login::$login_m is deprecated in APPPATH/Controllers/Login.php on line 7.
 1 SYSTEMPATH/CodeIgniter.php(934): App\Controllers\Login->index()
 2 SYSTEMPATH/CodeIgniter.php(499): CodeIgniter\CodeIgniter->runController(Object(App\Controllers\Login))
 3 SYSTEMPATH/CodeIgniter.php(368): CodeIgniter\CodeIgniter->handleRequest(null, Object(Config\Cache), false)
 4 FCPATH/index.php(67): CodeIgniter\CodeIgniter->run()
INFO - 2023-06-01 00:41:56 --> Session: Class initialized using 'CodeIgniter\Session\Handlers\FileHandler' driver.
WARNING - 2023-06-01 00:41:56 --> [DEPRECATED] Creation of dynamic property App\Controllers\Pages::$app_m is deprecated in APPPATH/Controllers/Pages.php on line 24.
 1 SYSTEMPATH/CodeIgniter.php(934): App\Controllers\Pages->view('unit')
 2 SYSTEMPATH/CodeIgniter.php(499): CodeIgniter\CodeIgniter->runController(Object(App\Controllers\Pages))
 3 SYSTEMPATH/CodeIgniter.php(368): CodeIgniter\CodeIgniter->handleRequest(null, Object(Config\Cache), false)
 4 FCPATH/index.php(67): CodeIgniter\CodeIgniter->run()
INFO - 2023-06-01 00:41:57 --> Session: Class initialized using 'CodeIgniter\Session\Handlers\FileHandler' driver.
WARNING - 2023-06-01 00:41:57 --> [DEPRECATED] Creation of dynamic property App\Controllers\member\Unit_cn::$unit_m is deprecated in APPPATH/Controllers/Member/Unit_cn.php on line 27.
 1 SYSTEMPATH/CodeIgniter.php(934): App\Controllers\member\Unit_cn->load_data()
 2 SYSTEMPATH/CodeIgniter.php(499): CodeIgniter\CodeIgniter->runController(Object(App\Controllers\member\Unit_cn))
 3 SYSTEMPATH/CodeIgniter.php(368): CodeIgniter\CodeIgniter->handleRequest(null, Object(Config\Cache), false)
 4 FCPATH/index.php(67): CodeIgniter\CodeIgniter->run()
INFO - 2023-06-01 00:41:57 --> Session: Class initialized using 'CodeIgniter\Session\Handlers\FileHandler' driver.
WARNING - 2023-06-01 00:41:57 --> [DEPRECATED] Creation of dynamic property App\Controllers\Pages::$app_m is deprecated in APPPATH/Controllers/Pages.php on line 62.
 1 SYSTEMPATH/CodeIgniter.php(934): App\Controllers\Pages->navigation()
 2 SYSTEMPATH/CodeIgniter.php(499): CodeIgniter\CodeIgniter->runController(Object(App\Controllers\Pages))
 3 SYSTEMPATH/CodeIgniter.php(368): CodeIgniter\CodeIgniter->handleRequest(null, Object(Config\Cache), false)
 4 FCPATH/index.php(67): CodeIgniter\CodeIgniter->run()
INFO - 2023-06-01 00:41:57 --> Session: Class initialized using 'CodeIgniter\Session\Handlers\FileHandler' driver.
WARNING - 2023-06-01 00:41:57 --> [DEPRECATED] Creation of dynamic property App\Controllers\member\Unit_cn::$unit_m is deprecated in APPPATH/Controllers/Member/Unit_cn.php on line 27.
 1 SYSTEMPATH/CodeIgniter.php(934): App\Controllers\member\Unit_cn->load_data()
 2 SYSTEMPATH/CodeIgniter.php(499): CodeIgniter\CodeIgniter->runController(Object(App\Controllers\member\Unit_cn))
 3 SYSTEMPATH/CodeIgniter.php(368): CodeIgniter\CodeIgniter->handleRequest(null, Object(Config\Cache), false)
 4 FCPATH/index.php(67): CodeIgniter\CodeIgniter->run()
INFO - 2023-06-01 00:41:57 --> Session: Class initialized using 'CodeIgniter\Session\Handlers\FileHandler' driver.
WARNING - 2023-06-01 00:41:57 --> [DEPRECATED] Creation of dynamic property App\Controllers\Pages::$app_m is deprecated in APPPATH/Controllers/Pages.php on line 68.
 1 SYSTEMPATH/CodeIgniter.php(934): App\Controllers\Pages->navigationsub()
 2 SYSTEMPATH/CodeIgniter.php(499): CodeIgniter\CodeIgniter->runController(Object(App\Controllers\Pages))
 3 SYSTEMPATH/CodeIgniter.php(368): CodeIgniter\CodeIgniter->handleRequest(null, Object(Config\Cache), false)
 4 FCPATH/index.php(67): CodeIgniter\CodeIgniter->run()
INFO - 2023-06-01 00:49:03 --> Session: Class initialized using 'CodeIgniter\Session\Handlers\FileHandler' driver.
WARNING - 2023-06-01 00:49:03 --> [DEPRECATED] Creation of dynamic property App\Controllers\member\Unit_cn::$unit_m is deprecated in APPPATH/Controllers/Member/Unit_cn.php on line 47.
 1 SYSTEMPATH/CodeIgniter.php(934): App\Controllers\member\Unit_cn->save_data()
 2 SYSTEMPATH/CodeIgniter.php(499): CodeIgniter\CodeIgniter->runController(Object(App\Controllers\member\Unit_cn))
 3 SYSTEMPATH/CodeIgniter.php(368): CodeIgniter\CodeIgniter->handleRequest(null, Object(Config\Cache), false)
 4 FCPATH/index.php(67): CodeIgniter\CodeIgniter->run()
INFO - 2023-06-01 00:50:04 --> Session: Class initialized using 'CodeIgniter\Session\Handlers\FileHandler' driver.
WARNING - 2023-06-01 00:50:04 --> [DEPRECATED] Creation of dynamic property App\Controllers\member\Unit_cn::$unit_m is deprecated in APPPATH/Controllers/Member/Unit_cn.php on line 47.
 1 SYSTEMPATH/CodeIgniter.php(934): App\Controllers\member\Unit_cn->save_data()
 2 SYSTEMPATH/CodeIgniter.php(499): CodeIgniter\CodeIgniter->runController(Object(App\Controllers\member\Unit_cn))
 3 SYSTEMPATH/CodeIgniter.php(368): CodeIgniter\CodeIgniter->handleRequest(null, Object(Config\Cache), false)
 4 FCPATH/index.php(67): CodeIgniter\CodeIgniter->run()
INFO - 2023-06-01 00:51:25 --> Session: Class initialized using 'CodeIgniter\Session\Handlers\FileHandler' driver.
WARNING - 2023-06-01 00:51:25 --> [DEPRECATED] Creation of dynamic property App\Controllers\member\Unit_cn::$unit_m is deprecated in APPPATH/Controllers/Member/Unit_cn.php on line 47.
 1 SYSTEMPATH/CodeIgniter.php(934): App\Controllers\member\Unit_cn->save_data()
 2 SYSTEMPATH/CodeIgniter.php(499): CodeIgniter\CodeIgniter->runController(Object(App\Controllers\member\Unit_cn))
 3 SYSTEMPATH/CodeIgniter.php(368): CodeIgniter\CodeIgniter->handleRequest(null, Object(Config\Cache), false)
 4 FCPATH/index.php(67): CodeIgniter\CodeIgniter->run()
INFO - 2023-06-01 00:51:50 --> Session: Class initialized using 'CodeIgniter\Session\Handlers\FileHandler' driver.
WARNING - 2023-06-01 00:51:50 --> [DEPRECATED] Creation of dynamic property App\Controllers\member\Unit_cn::$unit_m is deprecated in APPPATH/Controllers/Member/Unit_cn.php on line 47.
 1 SYSTEMPATH/CodeIgniter.php(934): App\Controllers\member\Unit_cn->save_data()
 2 SYSTEMPATH/CodeIgniter.php(499): CodeIgniter\CodeIgniter->runController(Object(App\Controllers\member\Unit_cn))
 3 SYSTEMPATH/CodeIgniter.php(368): CodeIgniter\CodeIgniter->handleRequest(null, Object(Config\Cache), false)
 4 FCPATH/index.php(67): CodeIgniter\CodeIgniter->run()
CRITICAL - 2023-06-01 00:51:50 --> Undefined array key "count_reccord"
in APPPATH/Models/member/unit_m.php on line 101.
 1 APPPATH/Models/member/unit_m.php(101): CodeIgniter\Debug\Exceptions->errorHandler(2, 'Undefined array key "count_reccord"', '/Applications/MAMP/htdocs/app/Models/member/unit_m.php', 101)
 2 APPPATH/Controllers/Member/Unit_cn.php(48): App\Models\member\unit_m->save_data()
 3 SYSTEMPATH/CodeIgniter.php(934): App\Controllers\member\Unit_cn->save_data()
 4 SYSTEMPATH/CodeIgniter.php(499): CodeIgniter\CodeIgniter->runController(Object(App\Controllers\member\Unit_cn))
 5 SYSTEMPATH/CodeIgniter.php(368): CodeIgniter\CodeIgniter->handleRequest(null, Object(Config\Cache), false)
 6 FCPATH/index.php(67): CodeIgniter\CodeIgniter->run()
INFO - 2023-06-01 00:52:59 --> Session: Class initialized using 'CodeIgniter\Session\Handlers\FileHandler' driver.
WARNING - 2023-06-01 00:52:59 --> [DEPRECATED] Creation of dynamic property App\Controllers\member\Unit_cn::$unit_m is deprecated in APPPATH/Controllers/Member/Unit_cn.php on line 47.
 1 SYSTEMPATH/CodeIgniter.php(934): App\Controllers\member\Unit_cn->save_data()
 2 SYSTEMPATH/CodeIgniter.php(499): CodeIgniter\CodeIgniter->runController(Object(App\Controllers\member\Unit_cn))
 3 SYSTEMPATH/CodeIgniter.php(368): CodeIgniter\CodeIgniter->handleRequest(null, Object(Config\Cache), false)
 4 FCPATH/index.php(67): CodeIgniter\CodeIgniter->run()
INFO - 2023-06-01 00:53:00 --> Session: Class initialized using 'CodeIgniter\Session\Handlers\FileHandler' driver.
WARNING - 2023-06-01 00:53:00 --> [DEPRECATED] Creation of dynamic property App\Controllers\member\Unit_cn::$unit_m is deprecated in APPPATH/Controllers/Member/Unit_cn.php on line 27.
 1 SYSTEMPATH/CodeIgniter.php(934): App\Controllers\member\Unit_cn->load_data()
 2 SYSTEMPATH/CodeIgniter.php(499): CodeIgniter\CodeIgniter->runController(Object(App\Controllers\member\Unit_cn))
 3 SYSTEMPATH/CodeIgniter.php(368): CodeIgniter\CodeIgniter->handleRequest(null, Object(Config\Cache), false)
 4 FCPATH/index.php(67): CodeIgniter\CodeIgniter->run()
INFO - 2023-06-01 00:53:58 --> Session: Class initialized using 'CodeIgniter\Session\Handlers\FileHandler' driver.
WARNING - 2023-06-01 00:53:58 --> [DEPRECATED] Creation of dynamic property App\Controllers\member\Unit_cn::$unit_m is deprecated in APPPATH/Controllers/Member/Unit_cn.php on line 47.
 1 SYSTEMPATH/CodeIgniter.php(934): App\Controllers\member\Unit_cn->save_data()
 2 SYSTEMPATH/CodeIgniter.php(499): CodeIgniter\CodeIgniter->runController(Object(App\Controllers\member\Unit_cn))
 3 SYSTEMPATH/CodeIgniter.php(368): CodeIgniter\CodeIgniter->handleRequest(null, Object(Config\Cache), false)
 4 FCPATH/index.php(67): CodeIgniter\CodeIgniter->run()
INFO - 2023-06-01 00:54:10 --> Session: Class initialized using 'CodeIgniter\Session\Handlers\FileHandler' driver.
WARNING - 2023-06-01 00:54:10 --> [DEPRECATED] Creation of dynamic property App\Controllers\member\Unit_cn::$unit_m is deprecated in APPPATH/Controllers/Member/Unit_cn.php on line 47.
 1 SYSTEMPATH/CodeIgniter.php(934): App\Controllers\member\Unit_cn->save_data()
 2 SYSTEMPATH/CodeIgniter.php(499): CodeIgniter\CodeIgniter->runController(Object(App\Controllers\member\Unit_cn))
 3 SYSTEMPATH/CodeIgniter.php(368): CodeIgniter\CodeIgniter->handleRequest(null, Object(Config\Cache), false)
 4 FCPATH/index.php(67): CodeIgniter\CodeIgniter->run()
INFO - 2023-06-01 00:54:22 --> Session: Class initialized using 'CodeIgniter\Session\Handlers\FileHandler' driver.
WARNING - 2023-06-01 00:54:22 --> [DEPRECATED] Creation of dynamic property App\Controllers\member\Unit_cn::$unit_m is deprecated in APPPATH/Controllers/Member/Unit_cn.php on line 47.
 1 SYSTEMPATH/CodeIgniter.php(934): App\Controllers\member\Unit_cn->save_data()
 2 SYSTEMPATH/CodeIgniter.php(499): CodeIgniter\CodeIgniter->runController(Object(App\Controllers\member\Unit_cn))
 3 SYSTEMPATH/CodeIgniter.php(368): CodeIgniter\CodeIgniter->handleRequest(null, Object(Config\Cache), false)
 4 FCPATH/index.php(67): CodeIgniter\CodeIgniter->run()
INFO - 2023-06-01 00:54:33 --> Session: Class initialized using 'CodeIgniter\Session\Handlers\FileHandler' driver.
WARNING - 2023-06-01 00:54:33 --> [DEPRECATED] Creation of dynamic property App\Controllers\member\Unit_cn::$unit_m is deprecated in APPPATH/Controllers/Member/Unit_cn.php on line 47.
 1 SYSTEMPATH/CodeIgniter.php(934): App\Controllers\member\Unit_cn->save_data()
 2 SYSTEMPATH/CodeIgniter.php(499): CodeIgniter\CodeIgniter->runController(Object(App\Controllers\member\Unit_cn))
 3 SYSTEMPATH/CodeIgniter.php(368): CodeIgniter\CodeIgniter->handleRequest(null, Object(Config\Cache), false)
 4 FCPATH/index.php(67): CodeIgniter\CodeIgniter->run()
