INFO - 2023-09-18 09:32:17 --> Session: Class initialized using 'CodeIgniter\Session\Handlers\FileHandler' driver.
WARNING - 2023-09-18 09:32:17 --> [DEPRECATED] Creation of dynamic property App\Controllers\Pages::$app_m is deprecated in APPPATH/Controllers/Pages.php on line 25.
 1 SYSTEMPATH/CodeIgniter.php(934): App\Controllers\Pages->view('unit')
 2 SYSTEMPATH/CodeIgniter.php(499): CodeIgniter\CodeIgniter->runController(Object(App\Controllers\Pages))
 3 SYSTEMPATH/CodeIgniter.php(368): CodeIgniter\CodeIgniter->handleRequest(null, Object(Config\Cache), false)
 4 FCPATH/index.php(67): CodeIgniter\CodeIgniter->run()
CRITICAL - 2023-09-18 09:32:18 --> Undefined array key "user_name"
in APPPATH/Views/templates/navmenu.php on line 29.
 1 APPPATH/Views/templates/navmenu.php(29): CodeIgniter\Debug\Exceptions->errorHandler(2, 'Undefined array key "user_name"', '/Applications/MAMP/htdocs/app/Views/templates/navmenu.php', 29)
 2 SYSTEMPATH/View/View.php(213): include('/Applications/MAMP/htdocs/app/Views/templates/navmenu.php')
 3 SYSTEMPATH/View/View.php(216): CodeIgniter\View\View->CodeIgniter\View\{closure}()
 4 SYSTEMPATH/Common.php(1184): CodeIgniter\View\View->render('templates/navmenu.php', [], true)
 5 APPPATH/Views/templates/pages.php(119): view('templates/navmenu.php')
 6 SYSTEMPATH/View/View.php(213): include('/Applications/MAMP/htdocs/app/Views/templates/pages.php')
 7 SYSTEMPATH/View/View.php(216): CodeIgniter\View\View->CodeIgniter\View\{closure}()
 8 SYSTEMPATH/Common.php(1184): CodeIgniter\View\View->render('/templates/pages.php', [], true)
 9 APPPATH/Controllers/Pages.php(59): view('/templates/pages.php', [...])
10 SYSTEMPATH/CodeIgniter.php(934): App\Controllers\Pages->view('unit')
11 SYSTEMPATH/CodeIgniter.php(499): CodeIgniter\CodeIgniter->runController(Object(App\Controllers\Pages))
12 SYSTEMPATH/CodeIgniter.php(368): CodeIgniter\CodeIgniter->handleRequest(null, Object(Config\Cache), false)
13 FCPATH/index.php(67): CodeIgniter\CodeIgniter->run()
INFO - 2023-09-18 09:32:20 --> Session: Class initialized using 'CodeIgniter\Session\Handlers\FileHandler' driver.
INFO - 2023-09-18 09:32:23 --> Session: Class initialized using 'CodeIgniter\Session\Handlers\FileHandler' driver.
WARNING - 2023-09-18 09:32:23 --> [DEPRECATED] Creation of dynamic property App\Controllers\Login::$login_m is deprecated in APPPATH/Controllers/Login.php on line 7.
 1 SYSTEMPATH/CodeIgniter.php(934): App\Controllers\Login->index()
 2 SYSTEMPATH/CodeIgniter.php(499): CodeIgniter\CodeIgniter->runController(Object(App\Controllers\Login))
 3 SYSTEMPATH/CodeIgniter.php(368): CodeIgniter\CodeIgniter->handleRequest(null, Object(Config\Cache), false)
 4 FCPATH/index.php(67): CodeIgniter\CodeIgniter->run()
INFO - 2023-09-18 09:32:23 --> Session: Class initialized using 'CodeIgniter\Session\Handlers\FileHandler' driver.
WARNING - 2023-09-18 09:32:23 --> [DEPRECATED] Creation of dynamic property App\Controllers\Pages::$app_m is deprecated in APPPATH/Controllers/Pages.php on line 25.
 1 SYSTEMPATH/CodeIgniter.php(934): App\Controllers\Pages->view('unit')
 2 SYSTEMPATH/CodeIgniter.php(499): CodeIgniter\CodeIgniter->runController(Object(App\Controllers\Pages))
 3 SYSTEMPATH/CodeIgniter.php(368): CodeIgniter\CodeIgniter->handleRequest(null, Object(Config\Cache), false)
 4 FCPATH/index.php(67): CodeIgniter\CodeIgniter->run()
INFO - 2023-09-18 09:32:24 --> Session: Class initialized using 'CodeIgniter\Session\Handlers\FileHandler' driver.
WARNING - 2023-09-18 09:32:24 --> [DEPRECATED] Creation of dynamic property App\Controllers\member\Unit_cn::$unit_m is deprecated in APPPATH/Controllers/Member/Unit_cn.php on line 27.
 1 SYSTEMPATH/CodeIgniter.php(934): App\Controllers\member\Unit_cn->load_data()
 2 SYSTEMPATH/CodeIgniter.php(499): CodeIgniter\CodeIgniter->runController(Object(App\Controllers\member\Unit_cn))
 3 SYSTEMPATH/CodeIgniter.php(368): CodeIgniter\CodeIgniter->handleRequest(null, Object(Config\Cache), false)
 4 FCPATH/index.php(67): CodeIgniter\CodeIgniter->run()
INFO - 2023-09-18 09:32:24 --> Session: Class initialized using 'CodeIgniter\Session\Handlers\FileHandler' driver.
WARNING - 2023-09-18 09:32:24 --> [DEPRECATED] Creation of dynamic property App\Controllers\Pages::$app_m is deprecated in APPPATH/Controllers/Pages.php on line 67.
 1 SYSTEMPATH/CodeIgniter.php(934): App\Controllers\Pages->navigation()
 2 SYSTEMPATH/CodeIgniter.php(499): CodeIgniter\CodeIgniter->runController(Object(App\Controllers\Pages))
 3 SYSTEMPATH/CodeIgniter.php(368): CodeIgniter\CodeIgniter->handleRequest(null, Object(Config\Cache), false)
 4 FCPATH/index.php(67): CodeIgniter\CodeIgniter->run()
INFO - 2023-09-18 09:32:24 --> Session: Class initialized using 'CodeIgniter\Session\Handlers\FileHandler' driver.
WARNING - 2023-09-18 09:32:24 --> [DEPRECATED] Creation of dynamic property App\Controllers\Pages::$app_m is deprecated in APPPATH/Controllers/Pages.php on line 73.
 1 SYSTEMPATH/CodeIgniter.php(934): App\Controllers\Pages->navigationsub()
 2 SYSTEMPATH/CodeIgniter.php(499): CodeIgniter\CodeIgniter->runController(Object(App\Controllers\Pages))
 3 SYSTEMPATH/CodeIgniter.php(368): CodeIgniter\CodeIgniter->handleRequest(null, Object(Config\Cache), false)
 4 FCPATH/index.php(67): CodeIgniter\CodeIgniter->run()
INFO - 2023-09-18 09:32:25 --> Session: Class initialized using 'CodeIgniter\Session\Handlers\FileHandler' driver.
WARNING - 2023-09-18 09:32:25 --> [DEPRECATED] Creation of dynamic property App\Controllers\member\Unit_cn::$unit_m is deprecated in APPPATH/Controllers/Member/Unit_cn.php on line 27.
 1 SYSTEMPATH/CodeIgniter.php(934): App\Controllers\member\Unit_cn->load_data()
 2 SYSTEMPATH/CodeIgniter.php(499): CodeIgniter\CodeIgniter->runController(Object(App\Controllers\member\Unit_cn))
 3 SYSTEMPATH/CodeIgniter.php(368): CodeIgniter\CodeIgniter->handleRequest(null, Object(Config\Cache), false)
 4 FCPATH/index.php(67): CodeIgniter\CodeIgniter->run()
INFO - 2023-09-18 09:32:26 --> Session: Class initialized using 'CodeIgniter\Session\Handlers\FileHandler' driver.
WARNING - 2023-09-18 09:32:26 --> [DEPRECATED] Creation of dynamic property App\Controllers\Pages::$app_m is deprecated in APPPATH/Controllers/Pages.php on line 25.
 1 SYSTEMPATH/CodeIgniter.php(934): App\Controllers\Pages->view('strategylvone')
 2 SYSTEMPATH/CodeIgniter.php(499): CodeIgniter\CodeIgniter->runController(Object(App\Controllers\Pages))
 3 SYSTEMPATH/CodeIgniter.php(368): CodeIgniter\CodeIgniter->handleRequest(null, Object(Config\Cache), false)
 4 FCPATH/index.php(67): CodeIgniter\CodeIgniter->run()
INFO - 2023-09-18 09:32:27 --> Session: Class initialized using 'CodeIgniter\Session\Handlers\FileHandler' driver.
WARNING - 2023-09-18 09:32:27 --> [DEPRECATED] Creation of dynamic property App\Controllers\Pages::$app_m is deprecated in APPPATH/Controllers/Pages.php on line 67.
 1 SYSTEMPATH/CodeIgniter.php(934): App\Controllers\Pages->navigation()
 2 SYSTEMPATH/CodeIgniter.php(499): CodeIgniter\CodeIgniter->runController(Object(App\Controllers\Pages))
 3 SYSTEMPATH/CodeIgniter.php(368): CodeIgniter\CodeIgniter->handleRequest(null, Object(Config\Cache), false)
 4 FCPATH/index.php(67): CodeIgniter\CodeIgniter->run()
INFO - 2023-09-18 09:32:27 --> Session: Class initialized using 'CodeIgniter\Session\Handlers\FileHandler' driver.
WARNING - 2023-09-18 09:32:27 --> [DEPRECATED] Creation of dynamic property App\Controllers\Pages::$app_m is deprecated in APPPATH/Controllers/Pages.php on line 73.
 1 SYSTEMPATH/CodeIgniter.php(934): App\Controllers\Pages->navigationsub()
 2 SYSTEMPATH/CodeIgniter.php(499): CodeIgniter\CodeIgniter->runController(Object(App\Controllers\Pages))
 3 SYSTEMPATH/CodeIgniter.php(368): CodeIgniter\CodeIgniter->handleRequest(null, Object(Config\Cache), false)
 4 FCPATH/index.php(67): CodeIgniter\CodeIgniter->run()
INFO - 2023-09-18 09:32:28 --> Session: Class initialized using 'CodeIgniter\Session\Handlers\FileHandler' driver.
WARNING - 2023-09-18 09:32:28 --> [DEPRECATED] Creation of dynamic property App\Controllers\Pages::$app_m is deprecated in APPPATH/Controllers/Pages.php on line 73.
 1 SYSTEMPATH/CodeIgniter.php(934): App\Controllers\Pages->navigationsub()
 2 SYSTEMPATH/CodeIgniter.php(499): CodeIgniter\CodeIgniter->runController(Object(App\Controllers\Pages))
 3 SYSTEMPATH/CodeIgniter.php(368): CodeIgniter\CodeIgniter->handleRequest(null, Object(Config\Cache), false)
 4 FCPATH/index.php(67): CodeIgniter\CodeIgniter->run()
INFO - 2023-09-18 09:32:28 --> Session: Class initialized using 'CodeIgniter\Session\Handlers\FileHandler' driver.
WARNING - 2023-09-18 09:32:28 --> [DEPRECATED] Creation of dynamic property App\Controllers\Pages::$app_m is deprecated in APPPATH/Controllers/Pages.php on line 73.
 1 SYSTEMPATH/CodeIgniter.php(934): App\Controllers\Pages->navigationsub()
 2 SYSTEMPATH/CodeIgniter.php(499): CodeIgniter\CodeIgniter->runController(Object(App\Controllers\Pages))
 3 SYSTEMPATH/CodeIgniter.php(368): CodeIgniter\CodeIgniter->handleRequest(null, Object(Config\Cache), false)
 4 FCPATH/index.php(67): CodeIgniter\CodeIgniter->run()
INFO - 2023-09-18 09:32:28 --> Session: Class initialized using 'CodeIgniter\Session\Handlers\FileHandler' driver.
WARNING - 2023-09-18 09:32:28 --> [DEPRECATED] Creation of dynamic property App\Controllers\Pages::$app_m is deprecated in APPPATH/Controllers/Pages.php on line 73.
 1 SYSTEMPATH/CodeIgniter.php(934): App\Controllers\Pages->navigationsub()
 2 SYSTEMPATH/CodeIgniter.php(499): CodeIgniter\CodeIgniter->runController(Object(App\Controllers\Pages))
 3 SYSTEMPATH/CodeIgniter.php(368): CodeIgniter\CodeIgniter->handleRequest(null, Object(Config\Cache), false)
 4 FCPATH/index.php(67): CodeIgniter\CodeIgniter->run()
INFO - 2023-09-18 09:32:28 --> Session: Class initialized using 'CodeIgniter\Session\Handlers\FileHandler' driver.
WARNING - 2023-09-18 09:32:28 --> [DEPRECATED] Creation of dynamic property App\Controllers\Pages::$app_m is deprecated in APPPATH/Controllers/Pages.php on line 73.
 1 SYSTEMPATH/CodeIgniter.php(934): App\Controllers\Pages->navigationsub()
 2 SYSTEMPATH/CodeIgniter.php(499): CodeIgniter\CodeIgniter->runController(Object(App\Controllers\Pages))
 3 SYSTEMPATH/CodeIgniter.php(368): CodeIgniter\CodeIgniter->handleRequest(null, Object(Config\Cache), false)
 4 FCPATH/index.php(67): CodeIgniter\CodeIgniter->run()
INFO - 2023-09-18 09:32:29 --> Session: Class initialized using 'CodeIgniter\Session\Handlers\FileHandler' driver.
WARNING - 2023-09-18 09:32:29 --> [DEPRECATED] Creation of dynamic property App\Controllers\Pages::$app_m is deprecated in APPPATH/Controllers/Pages.php on line 73.
 1 SYSTEMPATH/CodeIgniter.php(934): App\Controllers\Pages->navigationsub()
 2 SYSTEMPATH/CodeIgniter.php(499): CodeIgniter\CodeIgniter->runController(Object(App\Controllers\Pages))
 3 SYSTEMPATH/CodeIgniter.php(368): CodeIgniter\CodeIgniter->handleRequest(null, Object(Config\Cache), false)
 4 FCPATH/index.php(67): CodeIgniter\CodeIgniter->run()
INFO - 2023-09-18 09:33:32 --> Session: Class initialized using 'CodeIgniter\Session\Handlers\FileHandler' driver.
WARNING - 2023-09-18 09:33:32 --> [DEPRECATED] Creation of dynamic property App\Controllers\Pages::$app_m is deprecated in APPPATH/Controllers/Pages.php on line 25.
 1 SYSTEMPATH/CodeIgniter.php(934): App\Controllers\Pages->view('project')
 2 SYSTEMPATH/CodeIgniter.php(499): CodeIgniter\CodeIgniter->runController(Object(App\Controllers\Pages))
 3 SYSTEMPATH/CodeIgniter.php(368): CodeIgniter\CodeIgniter->handleRequest(null, Object(Config\Cache), false)
 4 FCPATH/index.php(67): CodeIgniter\CodeIgniter->run()
INFO - 2023-09-18 09:33:32 --> Session: Class initialized using 'CodeIgniter\Session\Handlers\FileHandler' driver.
WARNING - 2023-09-18 09:33:32 --> [DEPRECATED] Creation of dynamic property App\Controllers\Pages::$app_m is deprecated in APPPATH/Controllers/Pages.php on line 67.
 1 SYSTEMPATH/CodeIgniter.php(934): App\Controllers\Pages->navigation()
 2 SYSTEMPATH/CodeIgniter.php(499): CodeIgniter\CodeIgniter->runController(Object(App\Controllers\Pages))
 3 SYSTEMPATH/CodeIgniter.php(368): CodeIgniter\CodeIgniter->handleRequest(null, Object(Config\Cache), false)
 4 FCPATH/index.php(67): CodeIgniter\CodeIgniter->run()
INFO - 2023-09-18 09:33:33 --> Session: Class initialized using 'CodeIgniter\Session\Handlers\FileHandler' driver.
WARNING - 2023-09-18 09:33:33 --> [DEPRECATED] Creation of dynamic property App\Controllers\Pages::$app_m is deprecated in APPPATH/Controllers/Pages.php on line 73.
 1 SYSTEMPATH/CodeIgniter.php(934): App\Controllers\Pages->navigationsub()
 2 SYSTEMPATH/CodeIgniter.php(499): CodeIgniter\CodeIgniter->runController(Object(App\Controllers\Pages))
 3 SYSTEMPATH/CodeIgniter.php(368): CodeIgniter\CodeIgniter->handleRequest(null, Object(Config\Cache), false)
 4 FCPATH/index.php(67): CodeIgniter\CodeIgniter->run()
INFO - 2023-09-18 10:19:06 --> Session: Class initialized using 'CodeIgniter\Session\Handlers\FileHandler' driver.
WARNING - 2023-09-18 10:19:06 --> [DEPRECATED] Creation of dynamic property App\Controllers\Pages::$app_m is deprecated in APPPATH/Controllers/Pages.php on line 25.
 1 SYSTEMPATH/CodeIgniter.php(934): App\Controllers\Pages->view('strategylvone')
 2 SYSTEMPATH/CodeIgniter.php(499): CodeIgniter\CodeIgniter->runController(Object(App\Controllers\Pages))
 3 SYSTEMPATH/CodeIgniter.php(368): CodeIgniter\CodeIgniter->handleRequest(null, Object(Config\Cache), false)
 4 FCPATH/index.php(67): CodeIgniter\CodeIgniter->run()
INFO - 2023-09-18 10:19:07 --> Session: Class initialized using 'CodeIgniter\Session\Handlers\FileHandler' driver.
WARNING - 2023-09-18 10:19:07 --> [DEPRECATED] Creation of dynamic property App\Controllers\Pages::$app_m is deprecated in APPPATH/Controllers/Pages.php on line 67.
 1 SYSTEMPATH/CodeIgniter.php(934): App\Controllers\Pages->navigation()
 2 SYSTEMPATH/CodeIgniter.php(499): CodeIgniter\CodeIgniter->runController(Object(App\Controllers\Pages))
 3 SYSTEMPATH/CodeIgniter.php(368): CodeIgniter\CodeIgniter->handleRequest(null, Object(Config\Cache), false)
 4 FCPATH/index.php(67): CodeIgniter\CodeIgniter->run()
INFO - 2023-09-18 10:19:07 --> Session: Class initialized using 'CodeIgniter\Session\Handlers\FileHandler' driver.
WARNING - 2023-09-18 10:19:07 --> [DEPRECATED] Creation of dynamic property App\Controllers\Pages::$app_m is deprecated in APPPATH/Controllers/Pages.php on line 73.
 1 SYSTEMPATH/CodeIgniter.php(934): App\Controllers\Pages->navigationsub()
 2 SYSTEMPATH/CodeIgniter.php(499): CodeIgniter\CodeIgniter->runController(Object(App\Controllers\Pages))
 3 SYSTEMPATH/CodeIgniter.php(368): CodeIgniter\CodeIgniter->handleRequest(null, Object(Config\Cache), false)
 4 FCPATH/index.php(67): CodeIgniter\CodeIgniter->run()
INFO - 2023-09-18 10:19:08 --> Session: Class initialized using 'CodeIgniter\Session\Handlers\FileHandler' driver.
WARNING - 2023-09-18 10:19:08 --> [DEPRECATED] Creation of dynamic property App\Controllers\Pages::$app_m is deprecated in APPPATH/Controllers/Pages.php on line 73.
 1 SYSTEMPATH/CodeIgniter.php(934): App\Controllers\Pages->navigationsub()
 2 SYSTEMPATH/CodeIgniter.php(499): CodeIgniter\CodeIgniter->runController(Object(App\Controllers\Pages))
 3 SYSTEMPATH/CodeIgniter.php(368): CodeIgniter\CodeIgniter->handleRequest(null, Object(Config\Cache), false)
 4 FCPATH/index.php(67): CodeIgniter\CodeIgniter->run()
INFO - 2023-09-18 10:19:08 --> Session: Class initialized using 'CodeIgniter\Session\Handlers\FileHandler' driver.
WARNING - 2023-09-18 10:19:08 --> [DEPRECATED] Creation of dynamic property App\Controllers\Pages::$app_m is deprecated in APPPATH/Controllers/Pages.php on line 73.
 1 SYSTEMPATH/CodeIgniter.php(934): App\Controllers\Pages->navigationsub()
 2 SYSTEMPATH/CodeIgniter.php(499): CodeIgniter\CodeIgniter->runController(Object(App\Controllers\Pages))
 3 SYSTEMPATH/CodeIgniter.php(368): CodeIgniter\CodeIgniter->handleRequest(null, Object(Config\Cache), false)
 4 FCPATH/index.php(67): CodeIgniter\CodeIgniter->run()
INFO - 2023-09-18 10:19:08 --> Session: Class initialized using 'CodeIgniter\Session\Handlers\FileHandler' driver.
WARNING - 2023-09-18 10:19:08 --> [DEPRECATED] Creation of dynamic property App\Controllers\Pages::$app_m is deprecated in APPPATH/Controllers/Pages.php on line 73.
 1 SYSTEMPATH/CodeIgniter.php(934): App\Controllers\Pages->navigationsub()
 2 SYSTEMPATH/CodeIgniter.php(499): CodeIgniter\CodeIgniter->runController(Object(App\Controllers\Pages))
 3 SYSTEMPATH/CodeIgniter.php(368): CodeIgniter\CodeIgniter->handleRequest(null, Object(Config\Cache), false)
 4 FCPATH/index.php(67): CodeIgniter\CodeIgniter->run()
INFO - 2023-09-18 10:19:09 --> Session: Class initialized using 'CodeIgniter\Session\Handlers\FileHandler' driver.
WARNING - 2023-09-18 10:19:09 --> [DEPRECATED] Creation of dynamic property App\Controllers\Pages::$app_m is deprecated in APPPATH/Controllers/Pages.php on line 73.
 1 SYSTEMPATH/CodeIgniter.php(934): App\Controllers\Pages->navigationsub()
 2 SYSTEMPATH/CodeIgniter.php(499): CodeIgniter\CodeIgniter->runController(Object(App\Controllers\Pages))
 3 SYSTEMPATH/CodeIgniter.php(368): CodeIgniter\CodeIgniter->handleRequest(null, Object(Config\Cache), false)
 4 FCPATH/index.php(67): CodeIgniter\CodeIgniter->run()
INFO - 2023-09-18 10:19:09 --> Session: Class initialized using 'CodeIgniter\Session\Handlers\FileHandler' driver.
WARNING - 2023-09-18 10:19:09 --> [DEPRECATED] Creation of dynamic property App\Controllers\Pages::$app_m is deprecated in APPPATH/Controllers/Pages.php on line 73.
 1 SYSTEMPATH/CodeIgniter.php(934): App\Controllers\Pages->navigationsub()
 2 SYSTEMPATH/CodeIgniter.php(499): CodeIgniter\CodeIgniter->runController(Object(App\Controllers\Pages))
 3 SYSTEMPATH/CodeIgniter.php(368): CodeIgniter\CodeIgniter->handleRequest(null, Object(Config\Cache), false)
 4 FCPATH/index.php(67): CodeIgniter\CodeIgniter->run()
INFO - 2023-09-18 10:20:08 --> Session: Class initialized using 'CodeIgniter\Session\Handlers\FileHandler' driver.
WARNING - 2023-09-18 10:20:08 --> [DEPRECATED] Creation of dynamic property App\Controllers\Pages::$app_m is deprecated in APPPATH/Controllers/Pages.php on line 25.
 1 SYSTEMPATH/CodeIgniter.php(934): App\Controllers\Pages->view('strategyfiveyear')
 2 SYSTEMPATH/CodeIgniter.php(499): CodeIgniter\CodeIgniter->runController(Object(App\Controllers\Pages))
 3 SYSTEMPATH/CodeIgniter.php(368): CodeIgniter\CodeIgniter->handleRequest(null, Object(Config\Cache), false)
 4 FCPATH/index.php(67): CodeIgniter\CodeIgniter->run()
INFO - 2023-09-18 10:20:08 --> Session: Class initialized using 'CodeIgniter\Session\Handlers\FileHandler' driver.
WARNING - 2023-09-18 10:20:08 --> [DEPRECATED] Creation of dynamic property App\Controllers\Pages::$app_m is deprecated in APPPATH/Controllers/Pages.php on line 67.
 1 SYSTEMPATH/CodeIgniter.php(934): App\Controllers\Pages->navigation()
 2 SYSTEMPATH/CodeIgniter.php(499): CodeIgniter\CodeIgniter->runController(Object(App\Controllers\Pages))
 3 SYSTEMPATH/CodeIgniter.php(368): CodeIgniter\CodeIgniter->handleRequest(null, Object(Config\Cache), false)
 4 FCPATH/index.php(67): CodeIgniter\CodeIgniter->run()
INFO - 2023-09-18 10:20:08 --> Session: Class initialized using 'CodeIgniter\Session\Handlers\FileHandler' driver.
WARNING - 2023-09-18 10:20:08 --> [DEPRECATED] Creation of dynamic property App\Controllers\Pages::$app_m is deprecated in APPPATH/Controllers/Pages.php on line 73.
 1 SYSTEMPATH/CodeIgniter.php(934): App\Controllers\Pages->navigationsub()
 2 SYSTEMPATH/CodeIgniter.php(499): CodeIgniter\CodeIgniter->runController(Object(App\Controllers\Pages))
 3 SYSTEMPATH/CodeIgniter.php(368): CodeIgniter\CodeIgniter->handleRequest(null, Object(Config\Cache), false)
 4 FCPATH/index.php(67): CodeIgniter\CodeIgniter->run()
INFO - 2023-09-18 10:20:09 --> Session: Class initialized using 'CodeIgniter\Session\Handlers\FileHandler' driver.
WARNING - 2023-09-18 10:20:09 --> [DEPRECATED] Creation of dynamic property App\Controllers\Pages::$app_m is deprecated in APPPATH/Controllers/Pages.php on line 73.
 1 SYSTEMPATH/CodeIgniter.php(934): App\Controllers\Pages->navigationsub()
 2 SYSTEMPATH/CodeIgniter.php(499): CodeIgniter\CodeIgniter->runController(Object(App\Controllers\Pages))
 3 SYSTEMPATH/CodeIgniter.php(368): CodeIgniter\CodeIgniter->handleRequest(null, Object(Config\Cache), false)
 4 FCPATH/index.php(67): CodeIgniter\CodeIgniter->run()
INFO - 2023-09-18 10:20:09 --> Session: Class initialized using 'CodeIgniter\Session\Handlers\FileHandler' driver.
WARNING - 2023-09-18 10:20:09 --> [DEPRECATED] Creation of dynamic property App\Controllers\Pages::$app_m is deprecated in APPPATH/Controllers/Pages.php on line 73.
 1 SYSTEMPATH/CodeIgniter.php(934): App\Controllers\Pages->navigationsub()
 2 SYSTEMPATH/CodeIgniter.php(499): CodeIgniter\CodeIgniter->runController(Object(App\Controllers\Pages))
 3 SYSTEMPATH/CodeIgniter.php(368): CodeIgniter\CodeIgniter->handleRequest(null, Object(Config\Cache), false)
 4 FCPATH/index.php(67): CodeIgniter\CodeIgniter->run()
INFO - 2023-09-18 10:20:09 --> Session: Class initialized using 'CodeIgniter\Session\Handlers\FileHandler' driver.
WARNING - 2023-09-18 10:20:09 --> [DEPRECATED] Creation of dynamic property App\Controllers\Pages::$app_m is deprecated in APPPATH/Controllers/Pages.php on line 73.
 1 SYSTEMPATH/CodeIgniter.php(934): App\Controllers\Pages->navigationsub()
 2 SYSTEMPATH/CodeIgniter.php(499): CodeIgniter\CodeIgniter->runController(Object(App\Controllers\Pages))
 3 SYSTEMPATH/CodeIgniter.php(368): CodeIgniter\CodeIgniter->handleRequest(null, Object(Config\Cache), false)
 4 FCPATH/index.php(67): CodeIgniter\CodeIgniter->run()
INFO - 2023-09-18 10:20:09 --> Session: Class initialized using 'CodeIgniter\Session\Handlers\FileHandler' driver.
WARNING - 2023-09-18 10:20:09 --> [DEPRECATED] Creation of dynamic property App\Controllers\Pages::$app_m is deprecated in APPPATH/Controllers/Pages.php on line 73.
 1 SYSTEMPATH/CodeIgniter.php(934): App\Controllers\Pages->navigationsub()
 2 SYSTEMPATH/CodeIgniter.php(499): CodeIgniter\CodeIgniter->runController(Object(App\Controllers\Pages))
 3 SYSTEMPATH/CodeIgniter.php(368): CodeIgniter\CodeIgniter->handleRequest(null, Object(Config\Cache), false)
 4 FCPATH/index.php(67): CodeIgniter\CodeIgniter->run()
INFO - 2023-09-18 10:20:10 --> Session: Class initialized using 'CodeIgniter\Session\Handlers\FileHandler' driver.
WARNING - 2023-09-18 10:20:10 --> [DEPRECATED] Creation of dynamic property App\Controllers\Pages::$app_m is deprecated in APPPATH/Controllers/Pages.php on line 73.
 1 SYSTEMPATH/CodeIgniter.php(934): App\Controllers\Pages->navigationsub()
 2 SYSTEMPATH/CodeIgniter.php(499): CodeIgniter\CodeIgniter->runController(Object(App\Controllers\Pages))
 3 SYSTEMPATH/CodeIgniter.php(368): CodeIgniter\CodeIgniter->handleRequest(null, Object(Config\Cache), false)
 4 FCPATH/index.php(67): CodeIgniter\CodeIgniter->run()
INFO - 2023-09-18 10:22:26 --> Session: Class initialized using 'CodeIgniter\Session\Handlers\FileHandler' driver.
WARNING - 2023-09-18 10:22:26 --> [DEPRECATED] Creation of dynamic property App\Controllers\Pages::$app_m is deprecated in APPPATH/Controllers/Pages.php on line 25.
 1 SYSTEMPATH/CodeIgniter.php(934): App\Controllers\Pages->view('plans')
 2 SYSTEMPATH/CodeIgniter.php(499): CodeIgniter\CodeIgniter->runController(Object(App\Controllers\Pages))
 3 SYSTEMPATH/CodeIgniter.php(368): CodeIgniter\CodeIgniter->handleRequest(null, Object(Config\Cache), false)
 4 FCPATH/index.php(67): CodeIgniter\CodeIgniter->run()
INFO - 2023-09-18 10:22:26 --> Session: Class initialized using 'CodeIgniter\Session\Handlers\FileHandler' driver.
WARNING - 2023-09-18 10:22:26 --> [DEPRECATED] Creation of dynamic property App\Controllers\Pages::$app_m is deprecated in APPPATH/Controllers/Pages.php on line 67.
 1 SYSTEMPATH/CodeIgniter.php(934): App\Controllers\Pages->navigation()
 2 SYSTEMPATH/CodeIgniter.php(499): CodeIgniter\CodeIgniter->runController(Object(App\Controllers\Pages))
 3 SYSTEMPATH/CodeIgniter.php(368): CodeIgniter\CodeIgniter->handleRequest(null, Object(Config\Cache), false)
 4 FCPATH/index.php(67): CodeIgniter\CodeIgniter->run()
INFO - 2023-09-18 10:22:27 --> Session: Class initialized using 'CodeIgniter\Session\Handlers\FileHandler' driver.
WARNING - 2023-09-18 10:22:27 --> [DEPRECATED] Creation of dynamic property App\Controllers\Pages::$app_m is deprecated in APPPATH/Controllers/Pages.php on line 73.
 1 SYSTEMPATH/CodeIgniter.php(934): App\Controllers\Pages->navigationsub()
 2 SYSTEMPATH/CodeIgniter.php(499): CodeIgniter\CodeIgniter->runController(Object(App\Controllers\Pages))
 3 SYSTEMPATH/CodeIgniter.php(368): CodeIgniter\CodeIgniter->handleRequest(null, Object(Config\Cache), false)
 4 FCPATH/index.php(67): CodeIgniter\CodeIgniter->run()
INFO - 2023-09-18 10:22:27 --> Session: Class initialized using 'CodeIgniter\Session\Handlers\FileHandler' driver.
WARNING - 2023-09-18 10:22:27 --> [DEPRECATED] Creation of dynamic property App\Controllers\Pages::$app_m is deprecated in APPPATH/Controllers/Pages.php on line 73.
 1 SYSTEMPATH/CodeIgniter.php(934): App\Controllers\Pages->navigationsub()
 2 SYSTEMPATH/CodeIgniter.php(499): CodeIgniter\CodeIgniter->runController(Object(App\Controllers\Pages))
 3 SYSTEMPATH/CodeIgniter.php(368): CodeIgniter\CodeIgniter->handleRequest(null, Object(Config\Cache), false)
 4 FCPATH/index.php(67): CodeIgniter\CodeIgniter->run()
INFO - 2023-09-18 10:22:27 --> Session: Class initialized using 'CodeIgniter\Session\Handlers\FileHandler' driver.
WARNING - 2023-09-18 10:22:27 --> [DEPRECATED] Creation of dynamic property App\Controllers\Pages::$app_m is deprecated in APPPATH/Controllers/Pages.php on line 73.
 1 SYSTEMPATH/CodeIgniter.php(934): App\Controllers\Pages->navigationsub()
 2 SYSTEMPATH/CodeIgniter.php(499): CodeIgniter\CodeIgniter->runController(Object(App\Controllers\Pages))
 3 SYSTEMPATH/CodeIgniter.php(368): CodeIgniter\CodeIgniter->handleRequest(null, Object(Config\Cache), false)
 4 FCPATH/index.php(67): CodeIgniter\CodeIgniter->run()
INFO - 2023-09-18 10:22:27 --> Session: Class initialized using 'CodeIgniter\Session\Handlers\FileHandler' driver.
WARNING - 2023-09-18 10:22:27 --> [DEPRECATED] Creation of dynamic property App\Controllers\Pages::$app_m is deprecated in APPPATH/Controllers/Pages.php on line 73.
 1 SYSTEMPATH/CodeIgniter.php(934): App\Controllers\Pages->navigationsub()
 2 SYSTEMPATH/CodeIgniter.php(499): CodeIgniter\CodeIgniter->runController(Object(App\Controllers\Pages))
 3 SYSTEMPATH/CodeIgniter.php(368): CodeIgniter\CodeIgniter->handleRequest(null, Object(Config\Cache), false)
 4 FCPATH/index.php(67): CodeIgniter\CodeIgniter->run()
INFO - 2023-09-18 10:22:28 --> Session: Class initialized using 'CodeIgniter\Session\Handlers\FileHandler' driver.
WARNING - 2023-09-18 10:22:28 --> [DEPRECATED] Creation of dynamic property App\Controllers\Pages::$app_m is deprecated in APPPATH/Controllers/Pages.php on line 73.
 1 SYSTEMPATH/CodeIgniter.php(934): App\Controllers\Pages->navigationsub()
 2 SYSTEMPATH/CodeIgniter.php(499): CodeIgniter\CodeIgniter->runController(Object(App\Controllers\Pages))
 3 SYSTEMPATH/CodeIgniter.php(368): CodeIgniter\CodeIgniter->handleRequest(null, Object(Config\Cache), false)
 4 FCPATH/index.php(67): CodeIgniter\CodeIgniter->run()
INFO - 2023-09-18 10:22:28 --> Session: Class initialized using 'CodeIgniter\Session\Handlers\FileHandler' driver.
WARNING - 2023-09-18 10:22:28 --> [DEPRECATED] Creation of dynamic property App\Controllers\Pages::$app_m is deprecated in APPPATH/Controllers/Pages.php on line 73.
 1 SYSTEMPATH/CodeIgniter.php(934): App\Controllers\Pages->navigationsub()
 2 SYSTEMPATH/CodeIgniter.php(499): CodeIgniter\CodeIgniter->runController(Object(App\Controllers\Pages))
 3 SYSTEMPATH/CodeIgniter.php(368): CodeIgniter\CodeIgniter->handleRequest(null, Object(Config\Cache), false)
 4 FCPATH/index.php(67): CodeIgniter\CodeIgniter->run()
INFO - 2023-09-18 10:23:12 --> Session: Class initialized using 'CodeIgniter\Session\Handlers\FileHandler' driver.
WARNING - 2023-09-18 10:23:12 --> [DEPRECATED] Creation of dynamic property App\Controllers\Pages::$app_m is deprecated in APPPATH/Controllers/Pages.php on line 25.
 1 SYSTEMPATH/CodeIgniter.php(934): App\Controllers\Pages->view('strategyyear')
 2 SYSTEMPATH/CodeIgniter.php(499): CodeIgniter\CodeIgniter->runController(Object(App\Controllers\Pages))
 3 SYSTEMPATH/CodeIgniter.php(368): CodeIgniter\CodeIgniter->handleRequest(null, Object(Config\Cache), false)
 4 FCPATH/index.php(67): CodeIgniter\CodeIgniter->run()
INFO - 2023-09-18 10:23:12 --> Session: Class initialized using 'CodeIgniter\Session\Handlers\FileHandler' driver.
WARNING - 2023-09-18 10:23:12 --> [DEPRECATED] Creation of dynamic property App\Controllers\Pages::$app_m is deprecated in APPPATH/Controllers/Pages.php on line 67.
 1 SYSTEMPATH/CodeIgniter.php(934): App\Controllers\Pages->navigation()
 2 SYSTEMPATH/CodeIgniter.php(499): CodeIgniter\CodeIgniter->runController(Object(App\Controllers\Pages))
 3 SYSTEMPATH/CodeIgniter.php(368): CodeIgniter\CodeIgniter->handleRequest(null, Object(Config\Cache), false)
 4 FCPATH/index.php(67): CodeIgniter\CodeIgniter->run()
INFO - 2023-09-18 10:23:13 --> Session: Class initialized using 'CodeIgniter\Session\Handlers\FileHandler' driver.
WARNING - 2023-09-18 10:23:13 --> [DEPRECATED] Creation of dynamic property App\Controllers\Pages::$app_m is deprecated in APPPATH/Controllers/Pages.php on line 73.
 1 SYSTEMPATH/CodeIgniter.php(934): App\Controllers\Pages->navigationsub()
 2 SYSTEMPATH/CodeIgniter.php(499): CodeIgniter\CodeIgniter->runController(Object(App\Controllers\Pages))
 3 SYSTEMPATH/CodeIgniter.php(368): CodeIgniter\CodeIgniter->handleRequest(null, Object(Config\Cache), false)
 4 FCPATH/index.php(67): CodeIgniter\CodeIgniter->run()
INFO - 2023-09-18 10:23:13 --> Session: Class initialized using 'CodeIgniter\Session\Handlers\FileHandler' driver.
WARNING - 2023-09-18 10:23:13 --> [DEPRECATED] Creation of dynamic property App\Controllers\Pages::$app_m is deprecated in APPPATH/Controllers/Pages.php on line 73.
 1 SYSTEMPATH/CodeIgniter.php(934): App\Controllers\Pages->navigationsub()
 2 SYSTEMPATH/CodeIgniter.php(499): CodeIgniter\CodeIgniter->runController(Object(App\Controllers\Pages))
 3 SYSTEMPATH/CodeIgniter.php(368): CodeIgniter\CodeIgniter->handleRequest(null, Object(Config\Cache), false)
 4 FCPATH/index.php(67): CodeIgniter\CodeIgniter->run()
INFO - 2023-09-18 10:23:13 --> Session: Class initialized using 'CodeIgniter\Session\Handlers\FileHandler' driver.
WARNING - 2023-09-18 10:23:13 --> [DEPRECATED] Creation of dynamic property App\Controllers\Pages::$app_m is deprecated in APPPATH/Controllers/Pages.php on line 73.
 1 SYSTEMPATH/CodeIgniter.php(934): App\Controllers\Pages->navigationsub()
 2 SYSTEMPATH/CodeIgniter.php(499): CodeIgniter\CodeIgniter->runController(Object(App\Controllers\Pages))
 3 SYSTEMPATH/CodeIgniter.php(368): CodeIgniter\CodeIgniter->handleRequest(null, Object(Config\Cache), false)
 4 FCPATH/index.php(67): CodeIgniter\CodeIgniter->run()
INFO - 2023-09-18 10:23:13 --> Session: Class initialized using 'CodeIgniter\Session\Handlers\FileHandler' driver.
WARNING - 2023-09-18 10:23:13 --> [DEPRECATED] Creation of dynamic property App\Controllers\Pages::$app_m is deprecated in APPPATH/Controllers/Pages.php on line 73.
 1 SYSTEMPATH/CodeIgniter.php(934): App\Controllers\Pages->navigationsub()
 2 SYSTEMPATH/CodeIgniter.php(499): CodeIgniter\CodeIgniter->runController(Object(App\Controllers\Pages))
 3 SYSTEMPATH/CodeIgniter.php(368): CodeIgniter\CodeIgniter->handleRequest(null, Object(Config\Cache), false)
 4 FCPATH/index.php(67): CodeIgniter\CodeIgniter->run()
INFO - 2023-09-18 10:23:14 --> Session: Class initialized using 'CodeIgniter\Session\Handlers\FileHandler' driver.
WARNING - 2023-09-18 10:23:14 --> [DEPRECATED] Creation of dynamic property App\Controllers\Pages::$app_m is deprecated in APPPATH/Controllers/Pages.php on line 73.
 1 SYSTEMPATH/CodeIgniter.php(934): App\Controllers\Pages->navigationsub()
 2 SYSTEMPATH/CodeIgniter.php(499): CodeIgniter\CodeIgniter->runController(Object(App\Controllers\Pages))
 3 SYSTEMPATH/CodeIgniter.php(368): CodeIgniter\CodeIgniter->handleRequest(null, Object(Config\Cache), false)
 4 FCPATH/index.php(67): CodeIgniter\CodeIgniter->run()
INFO - 2023-09-18 10:23:14 --> Session: Class initialized using 'CodeIgniter\Session\Handlers\FileHandler' driver.
WARNING - 2023-09-18 10:23:14 --> [DEPRECATED] Creation of dynamic property App\Controllers\Pages::$app_m is deprecated in APPPATH/Controllers/Pages.php on line 73.
 1 SYSTEMPATH/CodeIgniter.php(934): App\Controllers\Pages->navigationsub()
 2 SYSTEMPATH/CodeIgniter.php(499): CodeIgniter\CodeIgniter->runController(Object(App\Controllers\Pages))
 3 SYSTEMPATH/CodeIgniter.php(368): CodeIgniter\CodeIgniter->handleRequest(null, Object(Config\Cache), false)
 4 FCPATH/index.php(67): CodeIgniter\CodeIgniter->run()
INFO - 2023-09-18 10:25:59 --> Session: Class initialized using 'CodeIgniter\Session\Handlers\FileHandler' driver.
WARNING - 2023-09-18 10:25:59 --> [DEPRECATED] Creation of dynamic property App\Controllers\Pages::$app_m is deprecated in APPPATH/Controllers/Pages.php on line 25.
 1 SYSTEMPATH/CodeIgniter.php(934): App\Controllers\Pages->view('project')
 2 SYSTEMPATH/CodeIgniter.php(499): CodeIgniter\CodeIgniter->runController(Object(App\Controllers\Pages))
 3 SYSTEMPATH/CodeIgniter.php(368): CodeIgniter\CodeIgniter->handleRequest(null, Object(Config\Cache), false)
 4 FCPATH/index.php(67): CodeIgniter\CodeIgniter->run()
INFO - 2023-09-18 10:26:00 --> Session: Class initialized using 'CodeIgniter\Session\Handlers\FileHandler' driver.
WARNING - 2023-09-18 10:26:00 --> [DEPRECATED] Creation of dynamic property App\Controllers\Pages::$app_m is deprecated in APPPATH/Controllers/Pages.php on line 67.
 1 SYSTEMPATH/CodeIgniter.php(934): App\Controllers\Pages->navigation()
 2 SYSTEMPATH/CodeIgniter.php(499): CodeIgniter\CodeIgniter->runController(Object(App\Controllers\Pages))
 3 SYSTEMPATH/CodeIgniter.php(368): CodeIgniter\CodeIgniter->handleRequest(null, Object(Config\Cache), false)
 4 FCPATH/index.php(67): CodeIgniter\CodeIgniter->run()
INFO - 2023-09-18 10:26:00 --> Session: Class initialized using 'CodeIgniter\Session\Handlers\FileHandler' driver.
WARNING - 2023-09-18 10:26:00 --> [DEPRECATED] Creation of dynamic property App\Controllers\Pages::$app_m is deprecated in APPPATH/Controllers/Pages.php on line 73.
 1 SYSTEMPATH/CodeIgniter.php(934): App\Controllers\Pages->navigationsub()
 2 SYSTEMPATH/CodeIgniter.php(499): CodeIgniter\CodeIgniter->runController(Object(App\Controllers\Pages))
 3 SYSTEMPATH/CodeIgniter.php(368): CodeIgniter\CodeIgniter->handleRequest(null, Object(Config\Cache), false)
 4 FCPATH/index.php(67): CodeIgniter\CodeIgniter->run()
INFO - 2023-09-18 10:26:03 --> Session: Class initialized using 'CodeIgniter\Session\Handlers\FileHandler' driver.
WARNING - 2023-09-18 10:26:03 --> [DEPRECATED] Creation of dynamic property App\Controllers\Pages::$app_m is deprecated in APPPATH/Controllers/Pages.php on line 25.
 1 SYSTEMPATH/CodeIgniter.php(934): App\Controllers\Pages->view('projectdetail')
 2 SYSTEMPATH/CodeIgniter.php(499): CodeIgniter\CodeIgniter->runController(Object(App\Controllers\Pages))
 3 SYSTEMPATH/CodeIgniter.php(368): CodeIgniter\CodeIgniter->handleRequest(null, Object(Config\Cache), false)
 4 FCPATH/index.php(67): CodeIgniter\CodeIgniter->run()
INFO - 2023-09-18 10:26:04 --> Session: Class initialized using 'CodeIgniter\Session\Handlers\FileHandler' driver.
WARNING - 2023-09-18 10:26:04 --> [DEPRECATED] Creation of dynamic property App\Controllers\Pages::$app_m is deprecated in APPPATH/Controllers/Pages.php on line 67.
 1 SYSTEMPATH/CodeIgniter.php(934): App\Controllers\Pages->navigation()
 2 SYSTEMPATH/CodeIgniter.php(499): CodeIgniter\CodeIgniter->runController(Object(App\Controllers\Pages))
 3 SYSTEMPATH/CodeIgniter.php(368): CodeIgniter\CodeIgniter->handleRequest(null, Object(Config\Cache), false)
 4 FCPATH/index.php(67): CodeIgniter\CodeIgniter->run()
INFO - 2023-09-18 10:26:04 --> Session: Class initialized using 'CodeIgniter\Session\Handlers\FileHandler' driver.
WARNING - 2023-09-18 10:26:04 --> [DEPRECATED] Creation of dynamic property App\Controllers\Pages::$app_m is deprecated in APPPATH/Controllers/Pages.php on line 73.
 1 SYSTEMPATH/CodeIgniter.php(934): App\Controllers\Pages->navigationsub()
 2 SYSTEMPATH/CodeIgniter.php(499): CodeIgniter\CodeIgniter->runController(Object(App\Controllers\Pages))
 3 SYSTEMPATH/CodeIgniter.php(368): CodeIgniter\CodeIgniter->handleRequest(null, Object(Config\Cache), false)
 4 FCPATH/index.php(67): CodeIgniter\CodeIgniter->run()
INFO - 2023-09-18 10:26:13 --> Session: Class initialized using 'CodeIgniter\Session\Handlers\FileHandler' driver.
WARNING - 2023-09-18 10:26:13 --> [DEPRECATED] Creation of dynamic property App\Controllers\Pages::$app_m is deprecated in APPPATH/Controllers/Pages.php on line 25.
 1 SYSTEMPATH/CodeIgniter.php(934): App\Controllers\Pages->view('coststructured')
 2 SYSTEMPATH/CodeIgniter.php(499): CodeIgniter\CodeIgniter->runController(Object(App\Controllers\Pages))
 3 SYSTEMPATH/CodeIgniter.php(368): CodeIgniter\CodeIgniter->handleRequest(null, Object(Config\Cache), false)
 4 FCPATH/index.php(67): CodeIgniter\CodeIgniter->run()
INFO - 2023-09-18 10:26:14 --> Session: Class initialized using 'CodeIgniter\Session\Handlers\FileHandler' driver.
WARNING - 2023-09-18 10:26:14 --> [DEPRECATED] Creation of dynamic property App\Controllers\Pages::$app_m is deprecated in APPPATH/Controllers/Pages.php on line 67.
 1 SYSTEMPATH/CodeIgniter.php(934): App\Controllers\Pages->navigation()
 2 SYSTEMPATH/CodeIgniter.php(499): CodeIgniter\CodeIgniter->runController(Object(App\Controllers\Pages))
 3 SYSTEMPATH/CodeIgniter.php(368): CodeIgniter\CodeIgniter->handleRequest(null, Object(Config\Cache), false)
 4 FCPATH/index.php(67): CodeIgniter\CodeIgniter->run()
INFO - 2023-09-18 10:26:14 --> Session: Class initialized using 'CodeIgniter\Session\Handlers\FileHandler' driver.
WARNING - 2023-09-18 10:26:14 --> [DEPRECATED] Creation of dynamic property App\Controllers\Pages::$app_m is deprecated in APPPATH/Controllers/Pages.php on line 73.
 1 SYSTEMPATH/CodeIgniter.php(934): App\Controllers\Pages->navigationsub()
 2 SYSTEMPATH/CodeIgniter.php(499): CodeIgniter\CodeIgniter->runController(Object(App\Controllers\Pages))
 3 SYSTEMPATH/CodeIgniter.php(368): CodeIgniter\CodeIgniter->handleRequest(null, Object(Config\Cache), false)
 4 FCPATH/index.php(67): CodeIgniter\CodeIgniter->run()
INFO - 2023-09-18 10:26:16 --> Session: Class initialized using 'CodeIgniter\Session\Handlers\FileHandler' driver.
WARNING - 2023-09-18 10:26:16 --> [DEPRECATED] Creation of dynamic property App\Controllers\Pages::$app_m is deprecated in APPPATH/Controllers/Pages.php on line 25.
 1 SYSTEMPATH/CodeIgniter.php(934): App\Controllers\Pages->view('projectdetail')
 2 SYSTEMPATH/CodeIgniter.php(499): CodeIgniter\CodeIgniter->runController(Object(App\Controllers\Pages))
 3 SYSTEMPATH/CodeIgniter.php(368): CodeIgniter\CodeIgniter->handleRequest(null, Object(Config\Cache), false)
 4 FCPATH/index.php(67): CodeIgniter\CodeIgniter->run()
INFO - 2023-09-18 10:26:16 --> Session: Class initialized using 'CodeIgniter\Session\Handlers\FileHandler' driver.
WARNING - 2023-09-18 10:26:16 --> [DEPRECATED] Creation of dynamic property App\Controllers\Pages::$app_m is deprecated in APPPATH/Controllers/Pages.php on line 67.
 1 SYSTEMPATH/CodeIgniter.php(934): App\Controllers\Pages->navigation()
 2 SYSTEMPATH/CodeIgniter.php(499): CodeIgniter\CodeIgniter->runController(Object(App\Controllers\Pages))
 3 SYSTEMPATH/CodeIgniter.php(368): CodeIgniter\CodeIgniter->handleRequest(null, Object(Config\Cache), false)
 4 FCPATH/index.php(67): CodeIgniter\CodeIgniter->run()
INFO - 2023-09-18 10:26:16 --> Session: Class initialized using 'CodeIgniter\Session\Handlers\FileHandler' driver.
WARNING - 2023-09-18 10:26:16 --> [DEPRECATED] Creation of dynamic property App\Controllers\Pages::$app_m is deprecated in APPPATH/Controllers/Pages.php on line 73.
 1 SYSTEMPATH/CodeIgniter.php(934): App\Controllers\Pages->navigationsub()
 2 SYSTEMPATH/CodeIgniter.php(499): CodeIgniter\CodeIgniter->runController(Object(App\Controllers\Pages))
 3 SYSTEMPATH/CodeIgniter.php(368): CodeIgniter\CodeIgniter->handleRequest(null, Object(Config\Cache), false)
 4 FCPATH/index.php(67): CodeIgniter\CodeIgniter->run()
INFO - 2023-09-18 10:27:28 --> Session: Class initialized using 'CodeIgniter\Session\Handlers\FileHandler' driver.
WARNING - 2023-09-18 10:27:28 --> [DEPRECATED] Creation of dynamic property App\Controllers\Pages::$app_m is deprecated in APPPATH/Controllers/Pages.php on line 25.
 1 SYSTEMPATH/CodeIgniter.php(934): App\Controllers\Pages->view('projectdetail')
 2 SYSTEMPATH/CodeIgniter.php(499): CodeIgniter\CodeIgniter->runController(Object(App\Controllers\Pages))
 3 SYSTEMPATH/CodeIgniter.php(368): CodeIgniter\CodeIgniter->handleRequest(null, Object(Config\Cache), false)
 4 FCPATH/index.php(67): CodeIgniter\CodeIgniter->run()
INFO - 2023-09-18 10:27:29 --> Session: Class initialized using 'CodeIgniter\Session\Handlers\FileHandler' driver.
WARNING - 2023-09-18 10:27:29 --> [DEPRECATED] Creation of dynamic property App\Controllers\Pages::$app_m is deprecated in APPPATH/Controllers/Pages.php on line 67.
 1 SYSTEMPATH/CodeIgniter.php(934): App\Controllers\Pages->navigation()
 2 SYSTEMPATH/CodeIgniter.php(499): CodeIgniter\CodeIgniter->runController(Object(App\Controllers\Pages))
 3 SYSTEMPATH/CodeIgniter.php(368): CodeIgniter\CodeIgniter->handleRequest(null, Object(Config\Cache), false)
 4 FCPATH/index.php(67): CodeIgniter\CodeIgniter->run()
INFO - 2023-09-18 10:27:29 --> Session: Class initialized using 'CodeIgniter\Session\Handlers\FileHandler' driver.
WARNING - 2023-09-18 10:27:29 --> [DEPRECATED] Creation of dynamic property App\Controllers\Pages::$app_m is deprecated in APPPATH/Controllers/Pages.php on line 73.
 1 SYSTEMPATH/CodeIgniter.php(934): App\Controllers\Pages->navigationsub()
 2 SYSTEMPATH/CodeIgniter.php(499): CodeIgniter\CodeIgniter->runController(Object(App\Controllers\Pages))
 3 SYSTEMPATH/CodeIgniter.php(368): CodeIgniter\CodeIgniter->handleRequest(null, Object(Config\Cache), false)
 4 FCPATH/index.php(67): CodeIgniter\CodeIgniter->run()
INFO - 2023-09-18 10:27:43 --> Session: Class initialized using 'CodeIgniter\Session\Handlers\FileHandler' driver.
WARNING - 2023-09-18 10:27:43 --> [DEPRECATED] Creation of dynamic property App\Controllers\Pages::$app_m is deprecated in APPPATH/Controllers/Pages.php on line 25.
 1 SYSTEMPATH/CodeIgniter.php(934): App\Controllers\Pages->view('strategylvone')
 2 SYSTEMPATH/CodeIgniter.php(499): CodeIgniter\CodeIgniter->runController(Object(App\Controllers\Pages))
 3 SYSTEMPATH/CodeIgniter.php(368): CodeIgniter\CodeIgniter->handleRequest(null, Object(Config\Cache), false)
 4 FCPATH/index.php(67): CodeIgniter\CodeIgniter->run()
INFO - 2023-09-18 10:27:43 --> Session: Class initialized using 'CodeIgniter\Session\Handlers\FileHandler' driver.
WARNING - 2023-09-18 10:27:43 --> [DEPRECATED] Creation of dynamic property App\Controllers\Pages::$app_m is deprecated in APPPATH/Controllers/Pages.php on line 67.
 1 SYSTEMPATH/CodeIgniter.php(934): App\Controllers\Pages->navigation()
 2 SYSTEMPATH/CodeIgniter.php(499): CodeIgniter\CodeIgniter->runController(Object(App\Controllers\Pages))
 3 SYSTEMPATH/CodeIgniter.php(368): CodeIgniter\CodeIgniter->handleRequest(null, Object(Config\Cache), false)
 4 FCPATH/index.php(67): CodeIgniter\CodeIgniter->run()
INFO - 2023-09-18 10:27:43 --> Session: Class initialized using 'CodeIgniter\Session\Handlers\FileHandler' driver.
WARNING - 2023-09-18 10:27:43 --> [DEPRECATED] Creation of dynamic property App\Controllers\Pages::$app_m is deprecated in APPPATH/Controllers/Pages.php on line 73.
 1 SYSTEMPATH/CodeIgniter.php(934): App\Controllers\Pages->navigationsub()
 2 SYSTEMPATH/CodeIgniter.php(499): CodeIgniter\CodeIgniter->runController(Object(App\Controllers\Pages))
 3 SYSTEMPATH/CodeIgniter.php(368): CodeIgniter\CodeIgniter->handleRequest(null, Object(Config\Cache), false)
 4 FCPATH/index.php(67): CodeIgniter\CodeIgniter->run()
INFO - 2023-09-18 10:27:44 --> Session: Class initialized using 'CodeIgniter\Session\Handlers\FileHandler' driver.
WARNING - 2023-09-18 10:27:44 --> [DEPRECATED] Creation of dynamic property App\Controllers\Pages::$app_m is deprecated in APPPATH/Controllers/Pages.php on line 73.
 1 SYSTEMPATH/CodeIgniter.php(934): App\Controllers\Pages->navigationsub()
 2 SYSTEMPATH/CodeIgniter.php(499): CodeIgniter\CodeIgniter->runController(Object(App\Controllers\Pages))
 3 SYSTEMPATH/CodeIgniter.php(368): CodeIgniter\CodeIgniter->handleRequest(null, Object(Config\Cache), false)
 4 FCPATH/index.php(67): CodeIgniter\CodeIgniter->run()
INFO - 2023-09-18 10:27:44 --> Session: Class initialized using 'CodeIgniter\Session\Handlers\FileHandler' driver.
WARNING - 2023-09-18 10:27:44 --> [DEPRECATED] Creation of dynamic property App\Controllers\Pages::$app_m is deprecated in APPPATH/Controllers/Pages.php on line 73.
 1 SYSTEMPATH/CodeIgniter.php(934): App\Controllers\Pages->navigationsub()
 2 SYSTEMPATH/CodeIgniter.php(499): CodeIgniter\CodeIgniter->runController(Object(App\Controllers\Pages))
 3 SYSTEMPATH/CodeIgniter.php(368): CodeIgniter\CodeIgniter->handleRequest(null, Object(Config\Cache), false)
 4 FCPATH/index.php(67): CodeIgniter\CodeIgniter->run()
INFO - 2023-09-18 10:27:44 --> Session: Class initialized using 'CodeIgniter\Session\Handlers\FileHandler' driver.
WARNING - 2023-09-18 10:27:44 --> [DEPRECATED] Creation of dynamic property App\Controllers\Pages::$app_m is deprecated in APPPATH/Controllers/Pages.php on line 73.
 1 SYSTEMPATH/CodeIgniter.php(934): App\Controllers\Pages->navigationsub()
 2 SYSTEMPATH/CodeIgniter.php(499): CodeIgniter\CodeIgniter->runController(Object(App\Controllers\Pages))
 3 SYSTEMPATH/CodeIgniter.php(368): CodeIgniter\CodeIgniter->handleRequest(null, Object(Config\Cache), false)
 4 FCPATH/index.php(67): CodeIgniter\CodeIgniter->run()
INFO - 2023-09-18 10:27:45 --> Session: Class initialized using 'CodeIgniter\Session\Handlers\FileHandler' driver.
WARNING - 2023-09-18 10:27:45 --> [DEPRECATED] Creation of dynamic property App\Controllers\Pages::$app_m is deprecated in APPPATH/Controllers/Pages.php on line 73.
 1 SYSTEMPATH/CodeIgniter.php(934): App\Controllers\Pages->navigationsub()
 2 SYSTEMPATH/CodeIgniter.php(499): CodeIgniter\CodeIgniter->runController(Object(App\Controllers\Pages))
 3 SYSTEMPATH/CodeIgniter.php(368): CodeIgniter\CodeIgniter->handleRequest(null, Object(Config\Cache), false)
 4 FCPATH/index.php(67): CodeIgniter\CodeIgniter->run()
INFO - 2023-09-18 10:27:45 --> Session: Class initialized using 'CodeIgniter\Session\Handlers\FileHandler' driver.
WARNING - 2023-09-18 10:27:45 --> [DEPRECATED] Creation of dynamic property App\Controllers\Pages::$app_m is deprecated in APPPATH/Controllers/Pages.php on line 73.
 1 SYSTEMPATH/CodeIgniter.php(934): App\Controllers\Pages->navigationsub()
 2 SYSTEMPATH/CodeIgniter.php(499): CodeIgniter\CodeIgniter->runController(Object(App\Controllers\Pages))
 3 SYSTEMPATH/CodeIgniter.php(368): CodeIgniter\CodeIgniter->handleRequest(null, Object(Config\Cache), false)
 4 FCPATH/index.php(67): CodeIgniter\CodeIgniter->run()
INFO - 2023-09-18 10:27:49 --> Session: Class initialized using 'CodeIgniter\Session\Handlers\FileHandler' driver.
WARNING - 2023-09-18 10:27:49 --> [DEPRECATED] Creation of dynamic property App\Controllers\Pages::$app_m is deprecated in APPPATH/Controllers/Pages.php on line 25.
 1 SYSTEMPATH/CodeIgniter.php(934): App\Controllers\Pages->view('strategyyear')
 2 SYSTEMPATH/CodeIgniter.php(499): CodeIgniter\CodeIgniter->runController(Object(App\Controllers\Pages))
 3 SYSTEMPATH/CodeIgniter.php(368): CodeIgniter\CodeIgniter->handleRequest(null, Object(Config\Cache), false)
 4 FCPATH/index.php(67): CodeIgniter\CodeIgniter->run()
INFO - 2023-09-18 10:27:49 --> Session: Class initialized using 'CodeIgniter\Session\Handlers\FileHandler' driver.
WARNING - 2023-09-18 10:27:49 --> [DEPRECATED] Creation of dynamic property App\Controllers\Pages::$app_m is deprecated in APPPATH/Controllers/Pages.php on line 67.
 1 SYSTEMPATH/CodeIgniter.php(934): App\Controllers\Pages->navigation()
 2 SYSTEMPATH/CodeIgniter.php(499): CodeIgniter\CodeIgniter->runController(Object(App\Controllers\Pages))
 3 SYSTEMPATH/CodeIgniter.php(368): CodeIgniter\CodeIgniter->handleRequest(null, Object(Config\Cache), false)
 4 FCPATH/index.php(67): CodeIgniter\CodeIgniter->run()
INFO - 2023-09-18 10:27:50 --> Session: Class initialized using 'CodeIgniter\Session\Handlers\FileHandler' driver.
WARNING - 2023-09-18 10:27:50 --> [DEPRECATED] Creation of dynamic property App\Controllers\Pages::$app_m is deprecated in APPPATH/Controllers/Pages.php on line 73.
 1 SYSTEMPATH/CodeIgniter.php(934): App\Controllers\Pages->navigationsub()
 2 SYSTEMPATH/CodeIgniter.php(499): CodeIgniter\CodeIgniter->runController(Object(App\Controllers\Pages))
 3 SYSTEMPATH/CodeIgniter.php(368): CodeIgniter\CodeIgniter->handleRequest(null, Object(Config\Cache), false)
 4 FCPATH/index.php(67): CodeIgniter\CodeIgniter->run()
INFO - 2023-09-18 10:27:50 --> Session: Class initialized using 'CodeIgniter\Session\Handlers\FileHandler' driver.
WARNING - 2023-09-18 10:27:50 --> [DEPRECATED] Creation of dynamic property App\Controllers\Pages::$app_m is deprecated in APPPATH/Controllers/Pages.php on line 73.
 1 SYSTEMPATH/CodeIgniter.php(934): App\Controllers\Pages->navigationsub()
 2 SYSTEMPATH/CodeIgniter.php(499): CodeIgniter\CodeIgniter->runController(Object(App\Controllers\Pages))
 3 SYSTEMPATH/CodeIgniter.php(368): CodeIgniter\CodeIgniter->handleRequest(null, Object(Config\Cache), false)
 4 FCPATH/index.php(67): CodeIgniter\CodeIgniter->run()
INFO - 2023-09-18 10:27:50 --> Session: Class initialized using 'CodeIgniter\Session\Handlers\FileHandler' driver.
WARNING - 2023-09-18 10:27:50 --> [DEPRECATED] Creation of dynamic property App\Controllers\Pages::$app_m is deprecated in APPPATH/Controllers/Pages.php on line 73.
 1 SYSTEMPATH/CodeIgniter.php(934): App\Controllers\Pages->navigationsub()
 2 SYSTEMPATH/CodeIgniter.php(499): CodeIgniter\CodeIgniter->runController(Object(App\Controllers\Pages))
 3 SYSTEMPATH/CodeIgniter.php(368): CodeIgniter\CodeIgniter->handleRequest(null, Object(Config\Cache), false)
 4 FCPATH/index.php(67): CodeIgniter\CodeIgniter->run()
INFO - 2023-09-18 10:27:50 --> Session: Class initialized using 'CodeIgniter\Session\Handlers\FileHandler' driver.
WARNING - 2023-09-18 10:27:50 --> [DEPRECATED] Creation of dynamic property App\Controllers\Pages::$app_m is deprecated in APPPATH/Controllers/Pages.php on line 73.
 1 SYSTEMPATH/CodeIgniter.php(934): App\Controllers\Pages->navigationsub()
 2 SYSTEMPATH/CodeIgniter.php(499): CodeIgniter\CodeIgniter->runController(Object(App\Controllers\Pages))
 3 SYSTEMPATH/CodeIgniter.php(368): CodeIgniter\CodeIgniter->handleRequest(null, Object(Config\Cache), false)
 4 FCPATH/index.php(67): CodeIgniter\CodeIgniter->run()
INFO - 2023-09-18 10:27:51 --> Session: Class initialized using 'CodeIgniter\Session\Handlers\FileHandler' driver.
WARNING - 2023-09-18 10:27:51 --> [DEPRECATED] Creation of dynamic property App\Controllers\Pages::$app_m is deprecated in APPPATH/Controllers/Pages.php on line 73.
 1 SYSTEMPATH/CodeIgniter.php(934): App\Controllers\Pages->navigationsub()
 2 SYSTEMPATH/CodeIgniter.php(499): CodeIgniter\CodeIgniter->runController(Object(App\Controllers\Pages))
 3 SYSTEMPATH/CodeIgniter.php(368): CodeIgniter\CodeIgniter->handleRequest(null, Object(Config\Cache), false)
 4 FCPATH/index.php(67): CodeIgniter\CodeIgniter->run()
INFO - 2023-09-18 10:27:51 --> Session: Class initialized using 'CodeIgniter\Session\Handlers\FileHandler' driver.
WARNING - 2023-09-18 10:27:51 --> [DEPRECATED] Creation of dynamic property App\Controllers\Pages::$app_m is deprecated in APPPATH/Controllers/Pages.php on line 73.
 1 SYSTEMPATH/CodeIgniter.php(934): App\Controllers\Pages->navigationsub()
 2 SYSTEMPATH/CodeIgniter.php(499): CodeIgniter\CodeIgniter->runController(Object(App\Controllers\Pages))
 3 SYSTEMPATH/CodeIgniter.php(368): CodeIgniter\CodeIgniter->handleRequest(null, Object(Config\Cache), false)
 4 FCPATH/index.php(67): CodeIgniter\CodeIgniter->run()
INFO - 2023-09-18 10:34:43 --> Session: Class initialized using 'CodeIgniter\Session\Handlers\FileHandler' driver.
WARNING - 2023-09-18 10:34:43 --> [DEPRECATED] Creation of dynamic property App\Controllers\Pages::$app_m is deprecated in APPPATH/Controllers/Pages.php on line 25.
 1 SYSTEMPATH/CodeIgniter.php(934): App\Controllers\Pages->view('project')
 2 SYSTEMPATH/CodeIgniter.php(499): CodeIgniter\CodeIgniter->runController(Object(App\Controllers\Pages))
 3 SYSTEMPATH/CodeIgniter.php(368): CodeIgniter\CodeIgniter->handleRequest(null, Object(Config\Cache), false)
 4 FCPATH/index.php(67): CodeIgniter\CodeIgniter->run()
INFO - 2023-09-18 10:34:43 --> Session: Class initialized using 'CodeIgniter\Session\Handlers\FileHandler' driver.
WARNING - 2023-09-18 10:34:43 --> [DEPRECATED] Creation of dynamic property App\Controllers\Pages::$app_m is deprecated in APPPATH/Controllers/Pages.php on line 67.
 1 SYSTEMPATH/CodeIgniter.php(934): App\Controllers\Pages->navigation()
 2 SYSTEMPATH/CodeIgniter.php(499): CodeIgniter\CodeIgniter->runController(Object(App\Controllers\Pages))
 3 SYSTEMPATH/CodeIgniter.php(368): CodeIgniter\CodeIgniter->handleRequest(null, Object(Config\Cache), false)
 4 FCPATH/index.php(67): CodeIgniter\CodeIgniter->run()
INFO - 2023-09-18 10:34:44 --> Session: Class initialized using 'CodeIgniter\Session\Handlers\FileHandler' driver.
WARNING - 2023-09-18 10:34:44 --> [DEPRECATED] Creation of dynamic property App\Controllers\Pages::$app_m is deprecated in APPPATH/Controllers/Pages.php on line 73.
 1 SYSTEMPATH/CodeIgniter.php(934): App\Controllers\Pages->navigationsub()
 2 SYSTEMPATH/CodeIgniter.php(499): CodeIgniter\CodeIgniter->runController(Object(App\Controllers\Pages))
 3 SYSTEMPATH/CodeIgniter.php(368): CodeIgniter\CodeIgniter->handleRequest(null, Object(Config\Cache), false)
 4 FCPATH/index.php(67): CodeIgniter\CodeIgniter->run()
INFO - 2023-09-18 10:35:02 --> Session: Class initialized using 'CodeIgniter\Session\Handlers\FileHandler' driver.
WARNING - 2023-09-18 10:35:02 --> [DEPRECATED] Creation of dynamic property App\Controllers\Pages::$app_m is deprecated in APPPATH/Controllers/Pages.php on line 25.
 1 SYSTEMPATH/CodeIgniter.php(934): App\Controllers\Pages->view('projectconfirm')
 2 SYSTEMPATH/CodeIgniter.php(499): CodeIgniter\CodeIgniter->runController(Object(App\Controllers\Pages))
 3 SYSTEMPATH/CodeIgniter.php(368): CodeIgniter\CodeIgniter->handleRequest(null, Object(Config\Cache), false)
 4 FCPATH/index.php(67): CodeIgniter\CodeIgniter->run()
INFO - 2023-09-18 10:35:02 --> Session: Class initialized using 'CodeIgniter\Session\Handlers\FileHandler' driver.
WARNING - 2023-09-18 10:35:02 --> [DEPRECATED] Creation of dynamic property App\Controllers\Pages::$app_m is deprecated in APPPATH/Controllers/Pages.php on line 67.
 1 SYSTEMPATH/CodeIgniter.php(934): App\Controllers\Pages->navigation()
 2 SYSTEMPATH/CodeIgniter.php(499): CodeIgniter\CodeIgniter->runController(Object(App\Controllers\Pages))
 3 SYSTEMPATH/CodeIgniter.php(368): CodeIgniter\CodeIgniter->handleRequest(null, Object(Config\Cache), false)
 4 FCPATH/index.php(67): CodeIgniter\CodeIgniter->run()
INFO - 2023-09-18 10:35:02 --> Session: Class initialized using 'CodeIgniter\Session\Handlers\FileHandler' driver.
WARNING - 2023-09-18 10:35:02 --> [DEPRECATED] Creation of dynamic property App\Controllers\Pages::$app_m is deprecated in APPPATH/Controllers/Pages.php on line 73.
 1 SYSTEMPATH/CodeIgniter.php(934): App\Controllers\Pages->navigationsub()
 2 SYSTEMPATH/CodeIgniter.php(499): CodeIgniter\CodeIgniter->runController(Object(App\Controllers\Pages))
 3 SYSTEMPATH/CodeIgniter.php(368): CodeIgniter\CodeIgniter->handleRequest(null, Object(Config\Cache), false)
 4 FCPATH/index.php(67): CodeIgniter\CodeIgniter->run()
INFO - 2023-09-18 11:20:33 --> Session: Class initialized using 'CodeIgniter\Session\Handlers\FileHandler' driver.
WARNING - 2023-09-18 11:20:33 --> [DEPRECATED] Creation of dynamic property App\Controllers\Pages::$app_m is deprecated in APPPATH/Controllers/Pages.php on line 25.
 1 SYSTEMPATH/CodeIgniter.php(934): App\Controllers\Pages->view('company')
 2 SYSTEMPATH/CodeIgniter.php(499): CodeIgniter\CodeIgniter->runController(Object(App\Controllers\Pages))
 3 SYSTEMPATH/CodeIgniter.php(368): CodeIgniter\CodeIgniter->handleRequest(null, Object(Config\Cache), false)
 4 FCPATH/index.php(67): CodeIgniter\CodeIgniter->run()
INFO - 2023-09-18 11:20:34 --> Session: Class initialized using 'CodeIgniter\Session\Handlers\FileHandler' driver.
WARNING - 2023-09-18 11:20:34 --> [DEPRECATED] Creation of dynamic property App\Controllers\Pages::$app_m is deprecated in APPPATH/Controllers/Pages.php on line 67.
 1 SYSTEMPATH/CodeIgniter.php(934): App\Controllers\Pages->navigation()
 2 SYSTEMPATH/CodeIgniter.php(499): CodeIgniter\CodeIgniter->runController(Object(App\Controllers\Pages))
 3 SYSTEMPATH/CodeIgniter.php(368): CodeIgniter\CodeIgniter->handleRequest(null, Object(Config\Cache), false)
 4 FCPATH/index.php(67): CodeIgniter\CodeIgniter->run()
INFO - 2023-09-18 11:20:36 --> Session: Class initialized using 'CodeIgniter\Session\Handlers\FileHandler' driver.
WARNING - 2023-09-18 11:20:36 --> [DEPRECATED] Creation of dynamic property App\Controllers\Pages::$app_m is deprecated in APPPATH/Controllers/Pages.php on line 25.
 1 SYSTEMPATH/CodeIgniter.php(934): App\Controllers\Pages->view('contact')
 2 SYSTEMPATH/CodeIgniter.php(499): CodeIgniter\CodeIgniter->runController(Object(App\Controllers\Pages))
 3 SYSTEMPATH/CodeIgniter.php(368): CodeIgniter\CodeIgniter->handleRequest(null, Object(Config\Cache), false)
 4 FCPATH/index.php(67): CodeIgniter\CodeIgniter->run()
INFO - 2023-09-18 11:20:36 --> Session: Class initialized using 'CodeIgniter\Session\Handlers\FileHandler' driver.
WARNING - 2023-09-18 11:20:36 --> [DEPRECATED] Creation of dynamic property App\Controllers\Pages::$app_m is deprecated in APPPATH/Controllers/Pages.php on line 67.
 1 SYSTEMPATH/CodeIgniter.php(934): App\Controllers\Pages->navigation()
 2 SYSTEMPATH/CodeIgniter.php(499): CodeIgniter\CodeIgniter->runController(Object(App\Controllers\Pages))
 3 SYSTEMPATH/CodeIgniter.php(368): CodeIgniter\CodeIgniter->handleRequest(null, Object(Config\Cache), false)
 4 FCPATH/index.php(67): CodeIgniter\CodeIgniter->run()
INFO - 2023-09-18 11:20:39 --> Session: Class initialized using 'CodeIgniter\Session\Handlers\FileHandler' driver.
WARNING - 2023-09-18 11:20:39 --> [DEPRECATED] Creation of dynamic property App\Controllers\Pages::$app_m is deprecated in APPPATH/Controllers/Pages.php on line 25.
 1 SYSTEMPATH/CodeIgniter.php(934): App\Controllers\Pages->view('purchasereport')
 2 SYSTEMPATH/CodeIgniter.php(499): CodeIgniter\CodeIgniter->runController(Object(App\Controllers\Pages))
 3 SYSTEMPATH/CodeIgniter.php(368): CodeIgniter\CodeIgniter->handleRequest(null, Object(Config\Cache), false)
 4 FCPATH/index.php(67): CodeIgniter\CodeIgniter->run()
INFO - 2023-09-18 11:20:40 --> Session: Class initialized using 'CodeIgniter\Session\Handlers\FileHandler' driver.
WARNING - 2023-09-18 11:20:40 --> [DEPRECATED] Creation of dynamic property App\Controllers\Pages::$app_m is deprecated in APPPATH/Controllers/Pages.php on line 67.
 1 SYSTEMPATH/CodeIgniter.php(934): App\Controllers\Pages->navigation()
 2 SYSTEMPATH/CodeIgniter.php(499): CodeIgniter\CodeIgniter->runController(Object(App\Controllers\Pages))
 3 SYSTEMPATH/CodeIgniter.php(368): CodeIgniter\CodeIgniter->handleRequest(null, Object(Config\Cache), false)
 4 FCPATH/index.php(67): CodeIgniter\CodeIgniter->run()
INFO - 2023-09-18 11:30:27 --> Session: Class initialized using 'CodeIgniter\Session\Handlers\FileHandler' driver.
WARNING - 2023-09-18 11:30:27 --> [DEPRECATED] Creation of dynamic property App\Controllers\Pages::$app_m is deprecated in APPPATH/Controllers/Pages.php on line 25.
 1 SYSTEMPATH/CodeIgniter.php(934): App\Controllers\Pages->view('assetsupplies')
 2 SYSTEMPATH/CodeIgniter.php(499): CodeIgniter\CodeIgniter->runController(Object(App\Controllers\Pages))
 3 SYSTEMPATH/CodeIgniter.php(368): CodeIgniter\CodeIgniter->handleRequest(null, Object(Config\Cache), false)
 4 FCPATH/index.php(67): CodeIgniter\CodeIgniter->run()
INFO - 2023-09-18 11:30:27 --> Session: Class initialized using 'CodeIgniter\Session\Handlers\FileHandler' driver.
WARNING - 2023-09-18 11:30:27 --> [DEPRECATED] Creation of dynamic property App\Controllers\Pages::$app_m is deprecated in APPPATH/Controllers/Pages.php on line 67.
 1 SYSTEMPATH/CodeIgniter.php(934): App\Controllers\Pages->navigation()
 2 SYSTEMPATH/CodeIgniter.php(499): CodeIgniter\CodeIgniter->runController(Object(App\Controllers\Pages))
 3 SYSTEMPATH/CodeIgniter.php(368): CodeIgniter\CodeIgniter->handleRequest(null, Object(Config\Cache), false)
 4 FCPATH/index.php(67): CodeIgniter\CodeIgniter->run()
INFO - 2023-09-18 11:30:28 --> Session: Class initialized using 'CodeIgniter\Session\Handlers\FileHandler' driver.
WARNING - 2023-09-18 11:30:28 --> [DEPRECATED] Creation of dynamic property App\Controllers\Pages::$app_m is deprecated in APPPATH/Controllers/Pages.php on line 73.
 1 SYSTEMPATH/CodeIgniter.php(934): App\Controllers\Pages->navigationsub()
 2 SYSTEMPATH/CodeIgniter.php(499): CodeIgniter\CodeIgniter->runController(Object(App\Controllers\Pages))
 3 SYSTEMPATH/CodeIgniter.php(368): CodeIgniter\CodeIgniter->handleRequest(null, Object(Config\Cache), false)
 4 FCPATH/index.php(67): CodeIgniter\CodeIgniter->run()
INFO - 2023-09-18 11:30:28 --> Session: Class initialized using 'CodeIgniter\Session\Handlers\FileHandler' driver.
WARNING - 2023-09-18 11:30:28 --> [DEPRECATED] Creation of dynamic property App\Controllers\Pages::$app_m is deprecated in APPPATH/Controllers/Pages.php on line 73.
 1 SYSTEMPATH/CodeIgniter.php(934): App\Controllers\Pages->navigationsub()
 2 SYSTEMPATH/CodeIgniter.php(499): CodeIgniter\CodeIgniter->runController(Object(App\Controllers\Pages))
 3 SYSTEMPATH/CodeIgniter.php(368): CodeIgniter\CodeIgniter->handleRequest(null, Object(Config\Cache), false)
 4 FCPATH/index.php(67): CodeIgniter\CodeIgniter->run()
INFO - 2023-09-18 11:30:28 --> Session: Class initialized using 'CodeIgniter\Session\Handlers\FileHandler' driver.
WARNING - 2023-09-18 11:30:28 --> [DEPRECATED] Creation of dynamic property App\Controllers\Pages::$app_m is deprecated in APPPATH/Controllers/Pages.php on line 73.
 1 SYSTEMPATH/CodeIgniter.php(934): App\Controllers\Pages->navigationsub()
 2 SYSTEMPATH/CodeIgniter.php(499): CodeIgniter\CodeIgniter->runController(Object(App\Controllers\Pages))
 3 SYSTEMPATH/CodeIgniter.php(368): CodeIgniter\CodeIgniter->handleRequest(null, Object(Config\Cache), false)
 4 FCPATH/index.php(67): CodeIgniter\CodeIgniter->run()
INFO - 2023-09-18 11:30:35 --> Session: Class initialized using 'CodeIgniter\Session\Handlers\FileHandler' driver.
WARNING - 2023-09-18 11:30:35 --> [DEPRECATED] Creation of dynamic property App\Controllers\Pages::$app_m is deprecated in APPPATH/Controllers/Pages.php on line 25.
 1 SYSTEMPATH/CodeIgniter.php(934): App\Controllers\Pages->view('repairassetmanage')
 2 SYSTEMPATH/CodeIgniter.php(499): CodeIgniter\CodeIgniter->runController(Object(App\Controllers\Pages))
 3 SYSTEMPATH/CodeIgniter.php(368): CodeIgniter\CodeIgniter->handleRequest(null, Object(Config\Cache), false)
 4 FCPATH/index.php(67): CodeIgniter\CodeIgniter->run()
INFO - 2023-09-18 11:30:36 --> Session: Class initialized using 'CodeIgniter\Session\Handlers\FileHandler' driver.
WARNING - 2023-09-18 11:30:36 --> [DEPRECATED] Creation of dynamic property App\Controllers\Pages::$app_m is deprecated in APPPATH/Controllers/Pages.php on line 67.
 1 SYSTEMPATH/CodeIgniter.php(934): App\Controllers\Pages->navigation()
 2 SYSTEMPATH/CodeIgniter.php(499): CodeIgniter\CodeIgniter->runController(Object(App\Controllers\Pages))
 3 SYSTEMPATH/CodeIgniter.php(368): CodeIgniter\CodeIgniter->handleRequest(null, Object(Config\Cache), false)
 4 FCPATH/index.php(67): CodeIgniter\CodeIgniter->run()
INFO - 2023-09-18 11:30:36 --> Session: Class initialized using 'CodeIgniter\Session\Handlers\FileHandler' driver.
WARNING - 2023-09-18 11:30:36 --> [DEPRECATED] Creation of dynamic property App\Controllers\Pages::$app_m is deprecated in APPPATH/Controllers/Pages.php on line 73.
 1 SYSTEMPATH/CodeIgniter.php(934): App\Controllers\Pages->navigationsub()
 2 SYSTEMPATH/CodeIgniter.php(499): CodeIgniter\CodeIgniter->runController(Object(App\Controllers\Pages))
 3 SYSTEMPATH/CodeIgniter.php(368): CodeIgniter\CodeIgniter->handleRequest(null, Object(Config\Cache), false)
 4 FCPATH/index.php(67): CodeIgniter\CodeIgniter->run()
INFO - 2023-09-18 11:30:36 --> Session: Class initialized using 'CodeIgniter\Session\Handlers\FileHandler' driver.
WARNING - 2023-09-18 11:30:37 --> [DEPRECATED] Creation of dynamic property App\Controllers\Pages::$app_m is deprecated in APPPATH/Controllers/Pages.php on line 73.
 1 SYSTEMPATH/CodeIgniter.php(934): App\Controllers\Pages->navigationsub()
 2 SYSTEMPATH/CodeIgniter.php(499): CodeIgniter\CodeIgniter->runController(Object(App\Controllers\Pages))
 3 SYSTEMPATH/CodeIgniter.php(368): CodeIgniter\CodeIgniter->handleRequest(null, Object(Config\Cache), false)
 4 FCPATH/index.php(67): CodeIgniter\CodeIgniter->run()
INFO - 2023-09-18 11:30:37 --> Session: Class initialized using 'CodeIgniter\Session\Handlers\FileHandler' driver.
WARNING - 2023-09-18 11:30:37 --> [DEPRECATED] Creation of dynamic property App\Controllers\Pages::$app_m is deprecated in APPPATH/Controllers/Pages.php on line 73.
 1 SYSTEMPATH/CodeIgniter.php(934): App\Controllers\Pages->navigationsub()
 2 SYSTEMPATH/CodeIgniter.php(499): CodeIgniter\CodeIgniter->runController(Object(App\Controllers\Pages))
 3 SYSTEMPATH/CodeIgniter.php(368): CodeIgniter\CodeIgniter->handleRequest(null, Object(Config\Cache), false)
 4 FCPATH/index.php(67): CodeIgniter\CodeIgniter->run()
INFO - 2023-09-18 11:33:58 --> Session: Class initialized using 'CodeIgniter\Session\Handlers\FileHandler' driver.
WARNING - 2023-09-18 11:33:58 --> [DEPRECATED] Creation of dynamic property App\Controllers\Pages::$app_m is deprecated in APPPATH/Controllers/Pages.php on line 25.
 1 SYSTEMPATH/CodeIgniter.php(934): App\Controllers\Pages->view('dispose')
 2 SYSTEMPATH/CodeIgniter.php(499): CodeIgniter\CodeIgniter->runController(Object(App\Controllers\Pages))
 3 SYSTEMPATH/CodeIgniter.php(368): CodeIgniter\CodeIgniter->handleRequest(null, Object(Config\Cache), false)
 4 FCPATH/index.php(67): CodeIgniter\CodeIgniter->run()
INFO - 2023-09-18 11:33:59 --> Session: Class initialized using 'CodeIgniter\Session\Handlers\FileHandler' driver.
WARNING - 2023-09-18 11:33:59 --> [DEPRECATED] Creation of dynamic property App\Controllers\Pages::$app_m is deprecated in APPPATH/Controllers/Pages.php on line 67.
 1 SYSTEMPATH/CodeIgniter.php(934): App\Controllers\Pages->navigation()
 2 SYSTEMPATH/CodeIgniter.php(499): CodeIgniter\CodeIgniter->runController(Object(App\Controllers\Pages))
 3 SYSTEMPATH/CodeIgniter.php(368): CodeIgniter\CodeIgniter->handleRequest(null, Object(Config\Cache), false)
 4 FCPATH/index.php(67): CodeIgniter\CodeIgniter->run()
INFO - 2023-09-18 11:33:59 --> Session: Class initialized using 'CodeIgniter\Session\Handlers\FileHandler' driver.
WARNING - 2023-09-18 11:33:59 --> [DEPRECATED] Creation of dynamic property App\Controllers\Pages::$app_m is deprecated in APPPATH/Controllers/Pages.php on line 73.
 1 SYSTEMPATH/CodeIgniter.php(934): App\Controllers\Pages->navigationsub()
 2 SYSTEMPATH/CodeIgniter.php(499): CodeIgniter\CodeIgniter->runController(Object(App\Controllers\Pages))
 3 SYSTEMPATH/CodeIgniter.php(368): CodeIgniter\CodeIgniter->handleRequest(null, Object(Config\Cache), false)
 4 FCPATH/index.php(67): CodeIgniter\CodeIgniter->run()
INFO - 2023-09-18 11:33:59 --> Session: Class initialized using 'CodeIgniter\Session\Handlers\FileHandler' driver.
WARNING - 2023-09-18 11:33:59 --> [DEPRECATED] Creation of dynamic property App\Controllers\Pages::$app_m is deprecated in APPPATH/Controllers/Pages.php on line 73.
 1 SYSTEMPATH/CodeIgniter.php(934): App\Controllers\Pages->navigationsub()
 2 SYSTEMPATH/CodeIgniter.php(499): CodeIgniter\CodeIgniter->runController(Object(App\Controllers\Pages))
 3 SYSTEMPATH/CodeIgniter.php(368): CodeIgniter\CodeIgniter->handleRequest(null, Object(Config\Cache), false)
 4 FCPATH/index.php(67): CodeIgniter\CodeIgniter->run()
INFO - 2023-09-18 11:33:59 --> Session: Class initialized using 'CodeIgniter\Session\Handlers\FileHandler' driver.
WARNING - 2023-09-18 11:33:59 --> [DEPRECATED] Creation of dynamic property App\Controllers\Pages::$app_m is deprecated in APPPATH/Controllers/Pages.php on line 73.
 1 SYSTEMPATH/CodeIgniter.php(934): App\Controllers\Pages->navigationsub()
 2 SYSTEMPATH/CodeIgniter.php(499): CodeIgniter\CodeIgniter->runController(Object(App\Controllers\Pages))
 3 SYSTEMPATH/CodeIgniter.php(368): CodeIgniter\CodeIgniter->handleRequest(null, Object(Config\Cache), false)
 4 FCPATH/index.php(67): CodeIgniter\CodeIgniter->run()
INFO - 2023-09-18 12:19:00 --> Session: Class initialized using 'CodeIgniter\Session\Handlers\FileHandler' driver.
WARNING - 2023-09-18 12:19:00 --> [DEPRECATED] Creation of dynamic property App\Controllers\Pages::$app_m is deprecated in APPPATH/Controllers/Pages.php on line 25.
 1 SYSTEMPATH/CodeIgniter.php(934): App\Controllers\Pages->view('strategylvone')
 2 SYSTEMPATH/CodeIgniter.php(499): CodeIgniter\CodeIgniter->runController(Object(App\Controllers\Pages))
 3 SYSTEMPATH/CodeIgniter.php(368): CodeIgniter\CodeIgniter->handleRequest(null, Object(Config\Cache), false)
 4 FCPATH/index.php(67): CodeIgniter\CodeIgniter->run()
INFO - 2023-09-18 12:19:01 --> Session: Class initialized using 'CodeIgniter\Session\Handlers\FileHandler' driver.
WARNING - 2023-09-18 12:19:01 --> [DEPRECATED] Creation of dynamic property App\Controllers\Pages::$app_m is deprecated in APPPATH/Controllers/Pages.php on line 67.
 1 SYSTEMPATH/CodeIgniter.php(934): App\Controllers\Pages->navigation()
 2 SYSTEMPATH/CodeIgniter.php(499): CodeIgniter\CodeIgniter->runController(Object(App\Controllers\Pages))
 3 SYSTEMPATH/CodeIgniter.php(368): CodeIgniter\CodeIgniter->handleRequest(null, Object(Config\Cache), false)
 4 FCPATH/index.php(67): CodeIgniter\CodeIgniter->run()
INFO - 2023-09-18 12:19:01 --> Session: Class initialized using 'CodeIgniter\Session\Handlers\FileHandler' driver.
WARNING - 2023-09-18 12:19:01 --> [DEPRECATED] Creation of dynamic property App\Controllers\Pages::$app_m is deprecated in APPPATH/Controllers/Pages.php on line 73.
 1 SYSTEMPATH/CodeIgniter.php(934): App\Controllers\Pages->navigationsub()
 2 SYSTEMPATH/CodeIgniter.php(499): CodeIgniter\CodeIgniter->runController(Object(App\Controllers\Pages))
 3 SYSTEMPATH/CodeIgniter.php(368): CodeIgniter\CodeIgniter->handleRequest(null, Object(Config\Cache), false)
 4 FCPATH/index.php(67): CodeIgniter\CodeIgniter->run()
INFO - 2023-09-18 12:19:02 --> Session: Class initialized using 'CodeIgniter\Session\Handlers\FileHandler' driver.
WARNING - 2023-09-18 12:19:02 --> [DEPRECATED] Creation of dynamic property App\Controllers\Pages::$app_m is deprecated in APPPATH/Controllers/Pages.php on line 73.
 1 SYSTEMPATH/CodeIgniter.php(934): App\Controllers\Pages->navigationsub()
 2 SYSTEMPATH/CodeIgniter.php(499): CodeIgniter\CodeIgniter->runController(Object(App\Controllers\Pages))
 3 SYSTEMPATH/CodeIgniter.php(368): CodeIgniter\CodeIgniter->handleRequest(null, Object(Config\Cache), false)
 4 FCPATH/index.php(67): CodeIgniter\CodeIgniter->run()
INFO - 2023-09-18 12:19:02 --> Session: Class initialized using 'CodeIgniter\Session\Handlers\FileHandler' driver.
WARNING - 2023-09-18 12:19:02 --> [DEPRECATED] Creation of dynamic property App\Controllers\Pages::$app_m is deprecated in APPPATH/Controllers/Pages.php on line 73.
 1 SYSTEMPATH/CodeIgniter.php(934): App\Controllers\Pages->navigationsub()
 2 SYSTEMPATH/CodeIgniter.php(499): CodeIgniter\CodeIgniter->runController(Object(App\Controllers\Pages))
 3 SYSTEMPATH/CodeIgniter.php(368): CodeIgniter\CodeIgniter->handleRequest(null, Object(Config\Cache), false)
 4 FCPATH/index.php(67): CodeIgniter\CodeIgniter->run()
INFO - 2023-09-18 12:19:02 --> Session: Class initialized using 'CodeIgniter\Session\Handlers\FileHandler' driver.
WARNING - 2023-09-18 12:19:02 --> [DEPRECATED] Creation of dynamic property App\Controllers\Pages::$app_m is deprecated in APPPATH/Controllers/Pages.php on line 73.
 1 SYSTEMPATH/CodeIgniter.php(934): App\Controllers\Pages->navigationsub()
 2 SYSTEMPATH/CodeIgniter.php(499): CodeIgniter\CodeIgniter->runController(Object(App\Controllers\Pages))
 3 SYSTEMPATH/CodeIgniter.php(368): CodeIgniter\CodeIgniter->handleRequest(null, Object(Config\Cache), false)
 4 FCPATH/index.php(67): CodeIgniter\CodeIgniter->run()
INFO - 2023-09-18 12:19:02 --> Session: Class initialized using 'CodeIgniter\Session\Handlers\FileHandler' driver.
WARNING - 2023-09-18 12:19:02 --> [DEPRECATED] Creation of dynamic property App\Controllers\Pages::$app_m is deprecated in APPPATH/Controllers/Pages.php on line 73.
 1 SYSTEMPATH/CodeIgniter.php(934): App\Controllers\Pages->navigationsub()
 2 SYSTEMPATH/CodeIgniter.php(499): CodeIgniter\CodeIgniter->runController(Object(App\Controllers\Pages))
 3 SYSTEMPATH/CodeIgniter.php(368): CodeIgniter\CodeIgniter->handleRequest(null, Object(Config\Cache), false)
 4 FCPATH/index.php(67): CodeIgniter\CodeIgniter->run()
INFO - 2023-09-18 12:19:03 --> Session: Class initialized using 'CodeIgniter\Session\Handlers\FileHandler' driver.
WARNING - 2023-09-18 12:19:03 --> [DEPRECATED] Creation of dynamic property App\Controllers\Pages::$app_m is deprecated in APPPATH/Controllers/Pages.php on line 73.
 1 SYSTEMPATH/CodeIgniter.php(934): App\Controllers\Pages->navigationsub()
 2 SYSTEMPATH/CodeIgniter.php(499): CodeIgniter\CodeIgniter->runController(Object(App\Controllers\Pages))
 3 SYSTEMPATH/CodeIgniter.php(368): CodeIgniter\CodeIgniter->handleRequest(null, Object(Config\Cache), false)
 4 FCPATH/index.php(67): CodeIgniter\CodeIgniter->run()
INFO - 2023-09-18 12:22:12 --> Session: Class initialized using 'CodeIgniter\Session\Handlers\FileHandler' driver.
WARNING - 2023-09-18 12:22:12 --> [DEPRECATED] Creation of dynamic property App\Controllers\Pages::$app_m is deprecated in APPPATH/Controllers/Pages.php on line 25.
 1 SYSTEMPATH/CodeIgniter.php(934): App\Controllers\Pages->view('strategyfiveyear')
 2 SYSTEMPATH/CodeIgniter.php(499): CodeIgniter\CodeIgniter->runController(Object(App\Controllers\Pages))
 3 SYSTEMPATH/CodeIgniter.php(368): CodeIgniter\CodeIgniter->handleRequest(null, Object(Config\Cache), false)
 4 FCPATH/index.php(67): CodeIgniter\CodeIgniter->run()
INFO - 2023-09-18 12:22:12 --> Session: Class initialized using 'CodeIgniter\Session\Handlers\FileHandler' driver.
WARNING - 2023-09-18 12:22:12 --> [DEPRECATED] Creation of dynamic property App\Controllers\Pages::$app_m is deprecated in APPPATH/Controllers/Pages.php on line 67.
 1 SYSTEMPATH/CodeIgniter.php(934): App\Controllers\Pages->navigation()
 2 SYSTEMPATH/CodeIgniter.php(499): CodeIgniter\CodeIgniter->runController(Object(App\Controllers\Pages))
 3 SYSTEMPATH/CodeIgniter.php(368): CodeIgniter\CodeIgniter->handleRequest(null, Object(Config\Cache), false)
 4 FCPATH/index.php(67): CodeIgniter\CodeIgniter->run()
INFO - 2023-09-18 12:22:12 --> Session: Class initialized using 'CodeIgniter\Session\Handlers\FileHandler' driver.
WARNING - 2023-09-18 12:22:13 --> [DEPRECATED] Creation of dynamic property App\Controllers\Pages::$app_m is deprecated in APPPATH/Controllers/Pages.php on line 73.
 1 SYSTEMPATH/CodeIgniter.php(934): App\Controllers\Pages->navigationsub()
 2 SYSTEMPATH/CodeIgniter.php(499): CodeIgniter\CodeIgniter->runController(Object(App\Controllers\Pages))
 3 SYSTEMPATH/CodeIgniter.php(368): CodeIgniter\CodeIgniter->handleRequest(null, Object(Config\Cache), false)
 4 FCPATH/index.php(67): CodeIgniter\CodeIgniter->run()
INFO - 2023-09-18 12:22:13 --> Session: Class initialized using 'CodeIgniter\Session\Handlers\FileHandler' driver.
WARNING - 2023-09-18 12:22:13 --> [DEPRECATED] Creation of dynamic property App\Controllers\Pages::$app_m is deprecated in APPPATH/Controllers/Pages.php on line 73.
 1 SYSTEMPATH/CodeIgniter.php(934): App\Controllers\Pages->navigationsub()
 2 SYSTEMPATH/CodeIgniter.php(499): CodeIgniter\CodeIgniter->runController(Object(App\Controllers\Pages))
 3 SYSTEMPATH/CodeIgniter.php(368): CodeIgniter\CodeIgniter->handleRequest(null, Object(Config\Cache), false)
 4 FCPATH/index.php(67): CodeIgniter\CodeIgniter->run()
INFO - 2023-09-18 12:22:13 --> Session: Class initialized using 'CodeIgniter\Session\Handlers\FileHandler' driver.
WARNING - 2023-09-18 12:22:13 --> [DEPRECATED] Creation of dynamic property App\Controllers\Pages::$app_m is deprecated in APPPATH/Controllers/Pages.php on line 73.
 1 SYSTEMPATH/CodeIgniter.php(934): App\Controllers\Pages->navigationsub()
 2 SYSTEMPATH/CodeIgniter.php(499): CodeIgniter\CodeIgniter->runController(Object(App\Controllers\Pages))
 3 SYSTEMPATH/CodeIgniter.php(368): CodeIgniter\CodeIgniter->handleRequest(null, Object(Config\Cache), false)
 4 FCPATH/index.php(67): CodeIgniter\CodeIgniter->run()
INFO - 2023-09-18 12:22:13 --> Session: Class initialized using 'CodeIgniter\Session\Handlers\FileHandler' driver.
WARNING - 2023-09-18 12:22:13 --> [DEPRECATED] Creation of dynamic property App\Controllers\Pages::$app_m is deprecated in APPPATH/Controllers/Pages.php on line 73.
 1 SYSTEMPATH/CodeIgniter.php(934): App\Controllers\Pages->navigationsub()
 2 SYSTEMPATH/CodeIgniter.php(499): CodeIgniter\CodeIgniter->runController(Object(App\Controllers\Pages))
 3 SYSTEMPATH/CodeIgniter.php(368): CodeIgniter\CodeIgniter->handleRequest(null, Object(Config\Cache), false)
 4 FCPATH/index.php(67): CodeIgniter\CodeIgniter->run()
INFO - 2023-09-18 12:22:14 --> Session: Class initialized using 'CodeIgniter\Session\Handlers\FileHandler' driver.
WARNING - 2023-09-18 12:22:14 --> [DEPRECATED] Creation of dynamic property App\Controllers\Pages::$app_m is deprecated in APPPATH/Controllers/Pages.php on line 73.
 1 SYSTEMPATH/CodeIgniter.php(934): App\Controllers\Pages->navigationsub()
 2 SYSTEMPATH/CodeIgniter.php(499): CodeIgniter\CodeIgniter->runController(Object(App\Controllers\Pages))
 3 SYSTEMPATH/CodeIgniter.php(368): CodeIgniter\CodeIgniter->handleRequest(null, Object(Config\Cache), false)
 4 FCPATH/index.php(67): CodeIgniter\CodeIgniter->run()
INFO - 2023-09-18 12:22:14 --> Session: Class initialized using 'CodeIgniter\Session\Handlers\FileHandler' driver.
WARNING - 2023-09-18 12:22:14 --> [DEPRECATED] Creation of dynamic property App\Controllers\Pages::$app_m is deprecated in APPPATH/Controllers/Pages.php on line 73.
 1 SYSTEMPATH/CodeIgniter.php(934): App\Controllers\Pages->navigationsub()
 2 SYSTEMPATH/CodeIgniter.php(499): CodeIgniter\CodeIgniter->runController(Object(App\Controllers\Pages))
 3 SYSTEMPATH/CodeIgniter.php(368): CodeIgniter\CodeIgniter->handleRequest(null, Object(Config\Cache), false)
 4 FCPATH/index.php(67): CodeIgniter\CodeIgniter->run()
INFO - 2023-09-18 12:23:08 --> Session: Class initialized using 'CodeIgniter\Session\Handlers\FileHandler' driver.
WARNING - 2023-09-18 12:23:08 --> [DEPRECATED] Creation of dynamic property App\Controllers\Pages::$app_m is deprecated in APPPATH/Controllers/Pages.php on line 25.
 1 SYSTEMPATH/CodeIgniter.php(934): App\Controllers\Pages->view('strategyyear')
 2 SYSTEMPATH/CodeIgniter.php(499): CodeIgniter\CodeIgniter->runController(Object(App\Controllers\Pages))
 3 SYSTEMPATH/CodeIgniter.php(368): CodeIgniter\CodeIgniter->handleRequest(null, Object(Config\Cache), false)
 4 FCPATH/index.php(67): CodeIgniter\CodeIgniter->run()
INFO - 2023-09-18 12:23:08 --> Session: Class initialized using 'CodeIgniter\Session\Handlers\FileHandler' driver.
WARNING - 2023-09-18 12:23:08 --> [DEPRECATED] Creation of dynamic property App\Controllers\Pages::$app_m is deprecated in APPPATH/Controllers/Pages.php on line 67.
 1 SYSTEMPATH/CodeIgniter.php(934): App\Controllers\Pages->navigation()
 2 SYSTEMPATH/CodeIgniter.php(499): CodeIgniter\CodeIgniter->runController(Object(App\Controllers\Pages))
 3 SYSTEMPATH/CodeIgniter.php(368): CodeIgniter\CodeIgniter->handleRequest(null, Object(Config\Cache), false)
 4 FCPATH/index.php(67): CodeIgniter\CodeIgniter->run()
INFO - 2023-09-18 12:23:08 --> Session: Class initialized using 'CodeIgniter\Session\Handlers\FileHandler' driver.
WARNING - 2023-09-18 12:23:08 --> [DEPRECATED] Creation of dynamic property App\Controllers\Pages::$app_m is deprecated in APPPATH/Controllers/Pages.php on line 73.
 1 SYSTEMPATH/CodeIgniter.php(934): App\Controllers\Pages->navigationsub()
 2 SYSTEMPATH/CodeIgniter.php(499): CodeIgniter\CodeIgniter->runController(Object(App\Controllers\Pages))
 3 SYSTEMPATH/CodeIgniter.php(368): CodeIgniter\CodeIgniter->handleRequest(null, Object(Config\Cache), false)
 4 FCPATH/index.php(67): CodeIgniter\CodeIgniter->run()
INFO - 2023-09-18 12:23:09 --> Session: Class initialized using 'CodeIgniter\Session\Handlers\FileHandler' driver.
WARNING - 2023-09-18 12:23:09 --> [DEPRECATED] Creation of dynamic property App\Controllers\Pages::$app_m is deprecated in APPPATH/Controllers/Pages.php on line 73.
 1 SYSTEMPATH/CodeIgniter.php(934): App\Controllers\Pages->navigationsub()
 2 SYSTEMPATH/CodeIgniter.php(499): CodeIgniter\CodeIgniter->runController(Object(App\Controllers\Pages))
 3 SYSTEMPATH/CodeIgniter.php(368): CodeIgniter\CodeIgniter->handleRequest(null, Object(Config\Cache), false)
 4 FCPATH/index.php(67): CodeIgniter\CodeIgniter->run()
INFO - 2023-09-18 12:23:09 --> Session: Class initialized using 'CodeIgniter\Session\Handlers\FileHandler' driver.
WARNING - 2023-09-18 12:23:09 --> [DEPRECATED] Creation of dynamic property App\Controllers\Pages::$app_m is deprecated in APPPATH/Controllers/Pages.php on line 73.
 1 SYSTEMPATH/CodeIgniter.php(934): App\Controllers\Pages->navigationsub()
 2 SYSTEMPATH/CodeIgniter.php(499): CodeIgniter\CodeIgniter->runController(Object(App\Controllers\Pages))
 3 SYSTEMPATH/CodeIgniter.php(368): CodeIgniter\CodeIgniter->handleRequest(null, Object(Config\Cache), false)
 4 FCPATH/index.php(67): CodeIgniter\CodeIgniter->run()
INFO - 2023-09-18 12:23:09 --> Session: Class initialized using 'CodeIgniter\Session\Handlers\FileHandler' driver.
WARNING - 2023-09-18 12:23:09 --> [DEPRECATED] Creation of dynamic property App\Controllers\Pages::$app_m is deprecated in APPPATH/Controllers/Pages.php on line 73.
 1 SYSTEMPATH/CodeIgniter.php(934): App\Controllers\Pages->navigationsub()
 2 SYSTEMPATH/CodeIgniter.php(499): CodeIgniter\CodeIgniter->runController(Object(App\Controllers\Pages))
 3 SYSTEMPATH/CodeIgniter.php(368): CodeIgniter\CodeIgniter->handleRequest(null, Object(Config\Cache), false)
 4 FCPATH/index.php(67): CodeIgniter\CodeIgniter->run()
INFO - 2023-09-18 12:23:09 --> Session: Class initialized using 'CodeIgniter\Session\Handlers\FileHandler' driver.
WARNING - 2023-09-18 12:23:10 --> [DEPRECATED] Creation of dynamic property App\Controllers\Pages::$app_m is deprecated in APPPATH/Controllers/Pages.php on line 73.
 1 SYSTEMPATH/CodeIgniter.php(934): App\Controllers\Pages->navigationsub()
 2 SYSTEMPATH/CodeIgniter.php(499): CodeIgniter\CodeIgniter->runController(Object(App\Controllers\Pages))
 3 SYSTEMPATH/CodeIgniter.php(368): CodeIgniter\CodeIgniter->handleRequest(null, Object(Config\Cache), false)
 4 FCPATH/index.php(67): CodeIgniter\CodeIgniter->run()
INFO - 2023-09-18 12:23:10 --> Session: Class initialized using 'CodeIgniter\Session\Handlers\FileHandler' driver.
WARNING - 2023-09-18 12:23:10 --> [DEPRECATED] Creation of dynamic property App\Controllers\Pages::$app_m is deprecated in APPPATH/Controllers/Pages.php on line 73.
 1 SYSTEMPATH/CodeIgniter.php(934): App\Controllers\Pages->navigationsub()
 2 SYSTEMPATH/CodeIgniter.php(499): CodeIgniter\CodeIgniter->runController(Object(App\Controllers\Pages))
 3 SYSTEMPATH/CodeIgniter.php(368): CodeIgniter\CodeIgniter->handleRequest(null, Object(Config\Cache), false)
 4 FCPATH/index.php(67): CodeIgniter\CodeIgniter->run()
INFO - 2023-09-18 13:50:18 --> Session: Class initialized using 'CodeIgniter\Session\Handlers\FileHandler' driver.
WARNING - 2023-09-18 13:50:18 --> [DEPRECATED] Creation of dynamic property App\Controllers\Pages::$app_m is deprecated in APPPATH/Controllers/Pages.php on line 25.
 1 SYSTEMPATH/CodeIgniter.php(934): App\Controllers\Pages->view('strategyyear')
 2 SYSTEMPATH/CodeIgniter.php(499): CodeIgniter\CodeIgniter->runController(Object(App\Controllers\Pages))
 3 SYSTEMPATH/CodeIgniter.php(368): CodeIgniter\CodeIgniter->handleRequest(null, Object(Config\Cache), false)
 4 FCPATH/index.php(67): CodeIgniter\CodeIgniter->run()
INFO - 2023-09-18 13:50:19 --> Session: Class initialized using 'CodeIgniter\Session\Handlers\FileHandler' driver.
WARNING - 2023-09-18 13:50:19 --> [DEPRECATED] Creation of dynamic property App\Controllers\Pages::$app_m is deprecated in APPPATH/Controllers/Pages.php on line 67.
 1 SYSTEMPATH/CodeIgniter.php(934): App\Controllers\Pages->navigation()
 2 SYSTEMPATH/CodeIgniter.php(499): CodeIgniter\CodeIgniter->runController(Object(App\Controllers\Pages))
 3 SYSTEMPATH/CodeIgniter.php(368): CodeIgniter\CodeIgniter->handleRequest(null, Object(Config\Cache), false)
 4 FCPATH/index.php(67): CodeIgniter\CodeIgniter->run()
INFO - 2023-09-18 13:50:19 --> Session: Class initialized using 'CodeIgniter\Session\Handlers\FileHandler' driver.
WARNING - 2023-09-18 13:50:19 --> [DEPRECATED] Creation of dynamic property App\Controllers\Pages::$app_m is deprecated in APPPATH/Controllers/Pages.php on line 73.
 1 SYSTEMPATH/CodeIgniter.php(934): App\Controllers\Pages->navigationsub()
 2 SYSTEMPATH/CodeIgniter.php(499): CodeIgniter\CodeIgniter->runController(Object(App\Controllers\Pages))
 3 SYSTEMPATH/CodeIgniter.php(368): CodeIgniter\CodeIgniter->handleRequest(null, Object(Config\Cache), false)
 4 FCPATH/index.php(67): CodeIgniter\CodeIgniter->run()
INFO - 2023-09-18 13:50:20 --> Session: Class initialized using 'CodeIgniter\Session\Handlers\FileHandler' driver.
WARNING - 2023-09-18 13:50:20 --> [DEPRECATED] Creation of dynamic property App\Controllers\Pages::$app_m is deprecated in APPPATH/Controllers/Pages.php on line 73.
 1 SYSTEMPATH/CodeIgniter.php(934): App\Controllers\Pages->navigationsub()
 2 SYSTEMPATH/CodeIgniter.php(499): CodeIgniter\CodeIgniter->runController(Object(App\Controllers\Pages))
 3 SYSTEMPATH/CodeIgniter.php(368): CodeIgniter\CodeIgniter->handleRequest(null, Object(Config\Cache), false)
 4 FCPATH/index.php(67): CodeIgniter\CodeIgniter->run()
INFO - 2023-09-18 13:50:20 --> Session: Class initialized using 'CodeIgniter\Session\Handlers\FileHandler' driver.
WARNING - 2023-09-18 13:50:20 --> [DEPRECATED] Creation of dynamic property App\Controllers\Pages::$app_m is deprecated in APPPATH/Controllers/Pages.php on line 73.
 1 SYSTEMPATH/CodeIgniter.php(934): App\Controllers\Pages->navigationsub()
 2 SYSTEMPATH/CodeIgniter.php(499): CodeIgniter\CodeIgniter->runController(Object(App\Controllers\Pages))
 3 SYSTEMPATH/CodeIgniter.php(368): CodeIgniter\CodeIgniter->handleRequest(null, Object(Config\Cache), false)
 4 FCPATH/index.php(67): CodeIgniter\CodeIgniter->run()
INFO - 2023-09-18 13:50:20 --> Session: Class initialized using 'CodeIgniter\Session\Handlers\FileHandler' driver.
WARNING - 2023-09-18 13:50:20 --> [DEPRECATED] Creation of dynamic property App\Controllers\Pages::$app_m is deprecated in APPPATH/Controllers/Pages.php on line 73.
 1 SYSTEMPATH/CodeIgniter.php(934): App\Controllers\Pages->navigationsub()
 2 SYSTEMPATH/CodeIgniter.php(499): CodeIgniter\CodeIgniter->runController(Object(App\Controllers\Pages))
 3 SYSTEMPATH/CodeIgniter.php(368): CodeIgniter\CodeIgniter->handleRequest(null, Object(Config\Cache), false)
 4 FCPATH/index.php(67): CodeIgniter\CodeIgniter->run()
INFO - 2023-09-18 13:50:20 --> Session: Class initialized using 'CodeIgniter\Session\Handlers\FileHandler' driver.
WARNING - 2023-09-18 13:50:20 --> [DEPRECATED] Creation of dynamic property App\Controllers\Pages::$app_m is deprecated in APPPATH/Controllers/Pages.php on line 73.
 1 SYSTEMPATH/CodeIgniter.php(934): App\Controllers\Pages->navigationsub()
 2 SYSTEMPATH/CodeIgniter.php(499): CodeIgniter\CodeIgniter->runController(Object(App\Controllers\Pages))
 3 SYSTEMPATH/CodeIgniter.php(368): CodeIgniter\CodeIgniter->handleRequest(null, Object(Config\Cache), false)
 4 FCPATH/index.php(67): CodeIgniter\CodeIgniter->run()
INFO - 2023-09-18 13:50:21 --> Session: Class initialized using 'CodeIgniter\Session\Handlers\FileHandler' driver.
WARNING - 2023-09-18 13:50:21 --> [DEPRECATED] Creation of dynamic property App\Controllers\Pages::$app_m is deprecated in APPPATH/Controllers/Pages.php on line 73.
 1 SYSTEMPATH/CodeIgniter.php(934): App\Controllers\Pages->navigationsub()
 2 SYSTEMPATH/CodeIgniter.php(499): CodeIgniter\CodeIgniter->runController(Object(App\Controllers\Pages))
 3 SYSTEMPATH/CodeIgniter.php(368): CodeIgniter\CodeIgniter->handleRequest(null, Object(Config\Cache), false)
 4 FCPATH/index.php(67): CodeIgniter\CodeIgniter->run()
INFO - 2023-09-18 13:50:23 --> Session: Class initialized using 'CodeIgniter\Session\Handlers\FileHandler' driver.
WARNING - 2023-09-18 13:50:23 --> [DEPRECATED] Creation of dynamic property App\Controllers\Pages::$app_m is deprecated in APPPATH/Controllers/Pages.php on line 25.
 1 SYSTEMPATH/CodeIgniter.php(934): App\Controllers\Pages->view('mergegroup')
 2 SYSTEMPATH/CodeIgniter.php(499): CodeIgniter\CodeIgniter->runController(Object(App\Controllers\Pages))
 3 SYSTEMPATH/CodeIgniter.php(368): CodeIgniter\CodeIgniter->handleRequest(null, Object(Config\Cache), false)
 4 FCPATH/index.php(67): CodeIgniter\CodeIgniter->run()
INFO - 2023-09-18 13:50:23 --> Session: Class initialized using 'CodeIgniter\Session\Handlers\FileHandler' driver.
WARNING - 2023-09-18 13:50:24 --> [DEPRECATED] Creation of dynamic property App\Controllers\Pages::$app_m is deprecated in APPPATH/Controllers/Pages.php on line 67.
 1 SYSTEMPATH/CodeIgniter.php(934): App\Controllers\Pages->navigation()
 2 SYSTEMPATH/CodeIgniter.php(499): CodeIgniter\CodeIgniter->runController(Object(App\Controllers\Pages))
 3 SYSTEMPATH/CodeIgniter.php(368): CodeIgniter\CodeIgniter->handleRequest(null, Object(Config\Cache), false)
 4 FCPATH/index.php(67): CodeIgniter\CodeIgniter->run()
INFO - 2023-09-18 13:50:24 --> Session: Class initialized using 'CodeIgniter\Session\Handlers\FileHandler' driver.
WARNING - 2023-09-18 13:50:24 --> [DEPRECATED] Creation of dynamic property App\Controllers\Pages::$app_m is deprecated in APPPATH/Controllers/Pages.php on line 73.
 1 SYSTEMPATH/CodeIgniter.php(934): App\Controllers\Pages->navigationsub()
 2 SYSTEMPATH/CodeIgniter.php(499): CodeIgniter\CodeIgniter->runController(Object(App\Controllers\Pages))
 3 SYSTEMPATH/CodeIgniter.php(368): CodeIgniter\CodeIgniter->handleRequest(null, Object(Config\Cache), false)
 4 FCPATH/index.php(67): CodeIgniter\CodeIgniter->run()
INFO - 2023-09-18 13:50:36 --> Session: Class initialized using 'CodeIgniter\Session\Handlers\FileHandler' driver.
WARNING - 2023-09-18 13:50:36 --> [DEPRECATED] Creation of dynamic property App\Controllers\Pages::$app_m is deprecated in APPPATH/Controllers/Pages.php on line 25.
 1 SYSTEMPATH/CodeIgniter.php(934): App\Controllers\Pages->view('unit')
 2 SYSTEMPATH/CodeIgniter.php(499): CodeIgniter\CodeIgniter->runController(Object(App\Controllers\Pages))
 3 SYSTEMPATH/CodeIgniter.php(368): CodeIgniter\CodeIgniter->handleRequest(null, Object(Config\Cache), false)
 4 FCPATH/index.php(67): CodeIgniter\CodeIgniter->run()
INFO - 2023-09-18 13:50:37 --> Session: Class initialized using 'CodeIgniter\Session\Handlers\FileHandler' driver.
WARNING - 2023-09-18 13:50:37 --> [DEPRECATED] Creation of dynamic property App\Controllers\Pages::$app_m is deprecated in APPPATH/Controllers/Pages.php on line 67.
 1 SYSTEMPATH/CodeIgniter.php(934): App\Controllers\Pages->navigation()
 2 SYSTEMPATH/CodeIgniter.php(499): CodeIgniter\CodeIgniter->runController(Object(App\Controllers\Pages))
 3 SYSTEMPATH/CodeIgniter.php(368): CodeIgniter\CodeIgniter->handleRequest(null, Object(Config\Cache), false)
 4 FCPATH/index.php(67): CodeIgniter\CodeIgniter->run()
INFO - 2023-09-18 13:50:37 --> Session: Class initialized using 'CodeIgniter\Session\Handlers\FileHandler' driver.
WARNING - 2023-09-18 13:50:37 --> [DEPRECATED] Creation of dynamic property App\Controllers\Pages::$app_m is deprecated in APPPATH/Controllers/Pages.php on line 73.
 1 SYSTEMPATH/CodeIgniter.php(934): App\Controllers\Pages->navigationsub()
 2 SYSTEMPATH/CodeIgniter.php(499): CodeIgniter\CodeIgniter->runController(Object(App\Controllers\Pages))
 3 SYSTEMPATH/CodeIgniter.php(368): CodeIgniter\CodeIgniter->handleRequest(null, Object(Config\Cache), false)
 4 FCPATH/index.php(67): CodeIgniter\CodeIgniter->run()
INFO - 2023-09-18 13:50:37 --> Session: Class initialized using 'CodeIgniter\Session\Handlers\FileHandler' driver.
WARNING - 2023-09-18 13:50:37 --> [DEPRECATED] Creation of dynamic property App\Controllers\member\Unit_cn::$unit_m is deprecated in APPPATH/Controllers/Member/Unit_cn.php on line 27.
 1 SYSTEMPATH/CodeIgniter.php(934): App\Controllers\member\Unit_cn->load_data()
 2 SYSTEMPATH/CodeIgniter.php(499): CodeIgniter\CodeIgniter->runController(Object(App\Controllers\member\Unit_cn))
 3 SYSTEMPATH/CodeIgniter.php(368): CodeIgniter\CodeIgniter->handleRequest(null, Object(Config\Cache), false)
 4 FCPATH/index.php(67): CodeIgniter\CodeIgniter->run()
INFO - 2023-09-18 13:50:38 --> Session: Class initialized using 'CodeIgniter\Session\Handlers\FileHandler' driver.
WARNING - 2023-09-18 13:50:38 --> [DEPRECATED] Creation of dynamic property App\Controllers\member\Unit_cn::$unit_m is deprecated in APPPATH/Controllers/Member/Unit_cn.php on line 27.
 1 SYSTEMPATH/CodeIgniter.php(934): App\Controllers\member\Unit_cn->load_data()
 2 SYSTEMPATH/CodeIgniter.php(499): CodeIgniter\CodeIgniter->runController(Object(App\Controllers\member\Unit_cn))
 3 SYSTEMPATH/CodeIgniter.php(368): CodeIgniter\CodeIgniter->handleRequest(null, Object(Config\Cache), false)
 4 FCPATH/index.php(67): CodeIgniter\CodeIgniter->run()
