CRITICAL - 2023-09-15 03:30:05 --> Undefined array key "user_name"
in APPPATH\Views\templates\navmenu.php on line 29.
 1 APPPATH\Views\templates\navmenu.php(29): CodeIgniter\Debug\Exceptions->errorHandler()
 2 SYSTEMPATH\View\View.php(213): include('F:\\ksp_project\\www\\app\\Views\\templates\\navmenu.php')
 3 SYSTEMPATH\View\View.php(216): CodeIgniter\View\View->CodeIgniter\View\{closure}()
 4 SYSTEMPATH\Common.php(1184): CodeIgniter\View\View->render()
 5 APPPATH\Views\templates\pages.php(119): view()
 6 SYSTEMPATH\View\View.php(213): include('F:\\ksp_project\\www\\app\\Views\\templates\\pages.php')
 7 SYSTEMPATH\View\View.php(216): CodeIgniter\View\View->CodeIgniter\View\{closure}()
 8 SYSTEMPATH\Common.php(1184): CodeIgniter\View\View->render()
 9 APPPATH\Controllers\Pages.php(59): view()
10 SYSTEMPATH\CodeIgniter.php(934): App\Controllers\Pages->view()
11 SYSTEMPATH\CodeIgniter.php(499): CodeIgniter\CodeIgniter->runController()
12 SYSTEMPATH\CodeIgniter.php(368): CodeIgniter\CodeIgniter->handleRequest()
13 FCPATH\index.php(67): CodeIgniter\CodeIgniter->run()
CRITICAL - 2023-09-15 04:33:47 --> Undefined constant "description_en"
in APPPATH\Views\member\unit\unit.php on line 379.
 1 SYSTEMPATH\View\View.php(213): include()
 2 SYSTEMPATH\View\View.php(216): CodeIgniter\View\View->CodeIgniter\View\{closure}()
 3 SYSTEMPATH\Common.php(1184): CodeIgniter\View\View->render()
 4 APPPATH\Views\templates\pages.php(133): view()
 5 SYSTEMPATH\View\View.php(213): include('F:\\ksp_project\\www\\app\\Views\\templates\\pages.php')
 6 SYSTEMPATH\View\View.php(216): CodeIgniter\View\View->CodeIgniter\View\{closure}()
 7 SYSTEMPATH\Common.php(1184): CodeIgniter\View\View->render()
 8 APPPATH\Controllers\Pages.php(59): view()
 9 SYSTEMPATH\CodeIgniter.php(934): App\Controllers\Pages->view()
10 SYSTEMPATH\CodeIgniter.php(499): CodeIgniter\CodeIgniter->runController()
11 SYSTEMPATH\CodeIgniter.php(368): CodeIgniter\CodeIgniter->handleRequest()
12 FCPATH\index.php(67): CodeIgniter\CodeIgniter->run()
CRITICAL - 2023-09-15 04:33:56 --> Undefined constant "description_en"
in APPPATH\Views\member\unit\unit.php on line 379.
 1 SYSTEMPATH\View\View.php(213): include()
 2 SYSTEMPATH\View\View.php(216): CodeIgniter\View\View->CodeIgniter\View\{closure}()
 3 SYSTEMPATH\Common.php(1184): CodeIgniter\View\View->render()
 4 APPPATH\Views\templates\pages.php(133): view()
 5 SYSTEMPATH\View\View.php(213): include('F:\\ksp_project\\www\\app\\Views\\templates\\pages.php')
 6 SYSTEMPATH\View\View.php(216): CodeIgniter\View\View->CodeIgniter\View\{closure}()
 7 SYSTEMPATH\Common.php(1184): CodeIgniter\View\View->render()
 8 APPPATH\Controllers\Pages.php(59): view()
 9 SYSTEMPATH\CodeIgniter.php(934): App\Controllers\Pages->view()
10 SYSTEMPATH\CodeIgniter.php(499): CodeIgniter\CodeIgniter->runController()
11 SYSTEMPATH\CodeIgniter.php(368): CodeIgniter\CodeIgniter->handleRequest()
12 FCPATH\index.php(67): CodeIgniter\CodeIgniter->run()
CRITICAL - 2023-09-15 04:34:00 --> Undefined constant "description_en"
in APPPATH\Views\member\unit\unit.php on line 379.
 1 SYSTEMPATH\View\View.php(213): include()
 2 SYSTEMPATH\View\View.php(216): CodeIgniter\View\View->CodeIgniter\View\{closure}()
 3 SYSTEMPATH\Common.php(1184): CodeIgniter\View\View->render()
 4 APPPATH\Views\templates\pages.php(133): view()
 5 SYSTEMPATH\View\View.php(213): include('F:\\ksp_project\\www\\app\\Views\\templates\\pages.php')
 6 SYSTEMPATH\View\View.php(216): CodeIgniter\View\View->CodeIgniter\View\{closure}()
 7 SYSTEMPATH\Common.php(1184): CodeIgniter\View\View->render()
 8 APPPATH\Controllers\Pages.php(59): view()
 9 SYSTEMPATH\CodeIgniter.php(934): App\Controllers\Pages->view()
10 SYSTEMPATH\CodeIgniter.php(499): CodeIgniter\CodeIgniter->runController()
11 SYSTEMPATH\CodeIgniter.php(368): CodeIgniter\CodeIgniter->handleRequest()
12 FCPATH\index.php(67): CodeIgniter\CodeIgniter->run()
CRITICAL - 2023-09-15 07:27:08 --> Undefined array key "user_name"
in APPPATH\Views\templates\navmenu.php on line 29.
 1 APPPATH\Views\templates\navmenu.php(29): CodeIgniter\Debug\Exceptions->errorHandler()
 2 SYSTEMPATH\View\View.php(213): include('F:\\ksp_project\\www\\app\\Views\\templates\\navmenu.php')
 3 SYSTEMPATH\View\View.php(216): CodeIgniter\View\View->CodeIgniter\View\{closure}()
 4 SYSTEMPATH\Common.php(1184): CodeIgniter\View\View->render()
 5 APPPATH\Views\templates\pages.php(119): view()
 6 SYSTEMPATH\View\View.php(213): include('F:\\ksp_project\\www\\app\\Views\\templates\\pages.php')
 7 SYSTEMPATH\View\View.php(216): CodeIgniter\View\View->CodeIgniter\View\{closure}()
 8 SYSTEMPATH\Common.php(1184): CodeIgniter\View\View->render()
 9 APPPATH\Controllers\Pages.php(59): view()
10 SYSTEMPATH\CodeIgniter.php(934): App\Controllers\Pages->view()
11 SYSTEMPATH\CodeIgniter.php(499): CodeIgniter\CodeIgniter->runController()
12 SYSTEMPATH\CodeIgniter.php(368): CodeIgniter\CodeIgniter->handleRequest()
13 FCPATH\index.php(67): CodeIgniter\CodeIgniter->run()
ERROR - 2023-09-15 07:40:30 --> [Microsoft][ODBC Driver 17 for SQL Server][SQL Server]Cannot insert the value NULL into column 'unit_id', table 'KSPDB.dbo.unit_name'; column does not allow nulls. INSERT fails.
CRITICAL - 2023-09-15 07:40:30 --> [Microsoft][ODBC Driver 17 for SQL Server][SQL Server]Cannot insert the value NULL into column 'unit_id', table 'KSPDB.dbo.unit_name'; column does not allow nulls. INSERT fails.
in SYSTEMPATH\Database\SQLSRV\Connection.php on line 478.
 1 SYSTEMPATH\Database\BaseConnection.php(691): CodeIgniter\Database\SQLSRV\Connection->execute()
 2 SYSTEMPATH\Database\BaseConnection.php(605): CodeIgniter\Database\BaseConnection->simpleQuery()
 3 APPPATH\Models\member\unit_m.php(115): CodeIgniter\Database\BaseConnection->query()
 4 APPPATH\Controllers\member\Unit_cn.php(48): App\Models\member\unit_m->save_data()
 5 SYSTEMPATH\CodeIgniter.php(934): App\Controllers\member\Unit_cn->save_data()
 6 SYSTEMPATH\CodeIgniter.php(499): CodeIgniter\CodeIgniter->runController()
 7 SYSTEMPATH\CodeIgniter.php(368): CodeIgniter\CodeIgniter->handleRequest()
 8 FCPATH\index.php(67): CodeIgniter\CodeIgniter->run()
ERROR - 2023-09-15 07:57:21 --> [Microsoft][ODBC Driver 17 for SQL Server][SQL Server]Cannot insert the value NULL into column 'unit_id', table 'KSPDB.dbo.unit_name'; column does not allow nulls. INSERT fails.
CRITICAL - 2023-09-15 07:57:21 --> [Microsoft][ODBC Driver 17 for SQL Server][SQL Server]Cannot insert the value NULL into column 'unit_id', table 'KSPDB.dbo.unit_name'; column does not allow nulls. INSERT fails.
in SYSTEMPATH\Database\SQLSRV\Connection.php on line 478.
 1 SYSTEMPATH\Database\BaseConnection.php(691): CodeIgniter\Database\SQLSRV\Connection->execute()
 2 SYSTEMPATH\Database\BaseConnection.php(605): CodeIgniter\Database\BaseConnection->simpleQuery()
 3 APPPATH\Models\member\unit_m.php(115): CodeIgniter\Database\BaseConnection->query()
 4 APPPATH\Controllers\member\Unit_cn.php(48): App\Models\member\unit_m->save_data()
 5 SYSTEMPATH\CodeIgniter.php(934): App\Controllers\member\Unit_cn->save_data()
 6 SYSTEMPATH\CodeIgniter.php(499): CodeIgniter\CodeIgniter->runController()
 7 SYSTEMPATH\CodeIgniter.php(368): CodeIgniter\CodeIgniter->handleRequest()
 8 FCPATH\index.php(67): CodeIgniter\CodeIgniter->run()
ERROR - 2023-09-15 08:12:21 --> Error connecting to the database: CodeIgniter\Database\Exceptions\DatabaseException: [Microsoft][ODBC Driver 17 for SQL Server][SQL Server]Login failed for user 'ksp'. SQLSTATE: 28000, code: 18456
[Microsoft][ODBC Driver 17 for SQL Server][SQL Server]Cannot open database "KSPDB" requested by the login. The login failed. SQLSTATE: 42000, code: 4060 in F:\ksp_project\www\system\Database\SQLSRV\Connection.php:142
Stack trace:
#0 F:\ksp_project\www\system\Database\BaseConnection.php(391): CodeIgniter\Database\SQLSRV\Connection->connect()
#1 F:\ksp_project\www\system\Database\BaseConnection.php(573): CodeIgniter\Database\BaseConnection->initialize()
#2 F:\ksp_project\www\app\Models\login_m.php(48): CodeIgniter\Database\BaseConnection->query()
#3 F:\ksp_project\www\app\Controllers\Login.php(9): App\Models\Login_m->record_count()
#4 F:\ksp_project\www\system\CodeIgniter.php(934): App\Controllers\Login->index()
#5 F:\ksp_project\www\system\CodeIgniter.php(499): CodeIgniter\CodeIgniter->runController()
#6 F:\ksp_project\www\system\CodeIgniter.php(368): CodeIgniter\CodeIgniter->handleRequest()
#7 F:\ksp_project\www\public\index.php(67): CodeIgniter\CodeIgniter->run()
#8 {main}
CRITICAL - 2023-09-15 08:12:21 --> Unable to connect to the database.
Main connection [sqlsrv]: [Microsoft][ODBC Driver 17 for SQL Server][SQL Server]Login failed for user 'ksp'. SQLSTATE: 28000, code: 18456
[Microsoft][ODBC Driver 17 for SQL Server][SQL Server]Cannot open database "KSPDB" requested by the login. The login failed. SQLSTATE: 42000, code: 4060
in SYSTEMPATH\Database\BaseConnection.php on line 427.
 1 SYSTEMPATH\Database\BaseConnection.php(573): CodeIgniter\Database\BaseConnection->initialize()
 2 APPPATH\Models\login_m.php(48): CodeIgniter\Database\BaseConnection->query()
 3 APPPATH\Controllers\Login.php(9): App\Models\Login_m->record_count()
 4 SYSTEMPATH\CodeIgniter.php(934): App\Controllers\Login->index()
 5 SYSTEMPATH\CodeIgniter.php(499): CodeIgniter\CodeIgniter->runController()
 6 SYSTEMPATH\CodeIgniter.php(368): CodeIgniter\CodeIgniter->handleRequest()
 7 FCPATH\index.php(67): CodeIgniter\CodeIgniter->run()
